TN:
SF:server\app.ts
FN:70,(anonymous_1)
FN:80,(anonymous_2)
FN:115,(anonymous_3)
FN:129,(anonymous_4)
FN:167,(anonymous_5)
FN:198,(anonymous_6)
FN:200,(anonymous_7)
FN:206,(anonymous_8)
FN:208,(anonymous_9)
FN:214,(anonymous_10)
FN:219,(anonymous_11)
FNF:11
FNH:0
FNDA:0,(anonymous_1)
FNDA:0,(anonymous_2)
FNDA:0,(anonymous_3)
FNDA:0,(anonymous_4)
FNDA:0,(anonymous_5)
FNDA:0,(anonymous_6)
FNDA:0,(anonymous_7)
FNDA:0,(anonymous_8)
FNDA:0,(anonymous_9)
FNDA:0,(anonymous_10)
FNDA:0,(anonymous_11)
DA:1,0
DA:2,0
DA:3,0
DA:4,0
DA:5,0
DA:6,0
DA:7,0
DA:8,0
DA:9,0
DA:10,0
DA:11,0
DA:12,0
DA:13,0
DA:14,0
DA:23,0
DA:24,0
DA:25,0
DA:27,0
DA:28,0
DA:32,0
DA:33,0
DA:36,0
DA:39,0
DA:40,0
DA:46,0
DA:47,0
DA:48,0
DA:52,0
DA:53,0
DA:55,0
DA:59,0
DA:63,0
DA:65,0
DA:67,0
DA:70,0
DA:71,0
DA:72,0
DA:73,0
DA:75,0
DA:80,0
DA:81,0
DA:94,0
DA:95,0
DA:102,0
DA:104,0
DA:108,0
DA:110,0
DA:112,0
DA:115,0
DA:116,0
DA:119,0
DA:126,0
DA:129,0
DA:130,0
DA:131,0
DA:132,0
DA:135,0
DA:136,0
DA:137,0
DA:138,0
DA:140,0
DA:145,0
DA:149,0
DA:150,0
DA:155,0
DA:156,0
DA:158,0
DA:161,0
DA:167,0
DA:169,0
DA:170,0
DA:171,0
DA:173,0
DA:190,0
DA:198,0
DA:199,0
DA:200,0
DA:201,0
DA:202,0
DA:206,0
DA:207,0
DA:208,0
DA:209,0
DA:210,0
DA:214,0
DA:215,0
DA:216,0
DA:219,0
DA:220,0
DA:221,0
DA:224,0
LF:91
LH:0
BRDA:33,0,0,0
BRDA:33,0,1,0
BRDA:41,1,0,0
BRDA:41,1,1,0
BRDA:89,2,0,0
BRDA:89,2,1,0
BRDA:96,3,0,0
BRDA:96,3,1,0
BRDA:102,4,0,0
BRDA:102,4,1,0
BRDA:115,5,0,0
BRDA:115,5,1,0
BRDA:116,6,0,0
BRDA:116,6,1,0
BRDA:116,6,2,0
BRDA:119,7,0,0
BRDA:119,7,1,0
BRDA:131,8,0,0
BRDA:131,8,1,0
BRDA:135,9,0,0
BRDA:135,9,1,0
BRDA:141,10,0,0
BRDA:141,10,1,0
BRDA:155,11,0,0
BRDA:155,11,1,0
BRDA:170,12,0,0
BRDA:170,12,1,0
BRDA:171,13,0,0
BRDA:171,13,1,0
BRF:29
BRH:0
end_of_record
TN:
SF:server\db.ts
FN:7,(anonymous_0)
FNF:1
FNH:0
FNDA:0,(anonymous_0)
DA:1,0
DA:4,0
DA:7,0
DA:8,0
DA:9,0
DA:10,0
DA:11,0
DA:13,0
DA:14,0
DA:18,0
LF:10
LH:0
BRDA:10,0,0,0
BRDA:10,0,1,0
BRF:2
BRH:0
end_of_record
TN:
SF:server\index.ts
FN:67,(anonymous_10)
FN:70,(anonymous_11)
FN:126,(anonymous_12)
FN:161,(anonymous_13)
FN:207,(anonymous_14)
FN:213,(anonymous_15)
FN:271,(anonymous_16)
FN:279,(anonymous_17)
FN:331,(anonymous_18)
FN:349,(anonymous_19)
FN:350,(anonymous_20)
FN:404,(anonymous_21)
FN:404,(anonymous_22)
FN:408,(anonymous_23)
FN:413,(anonymous_24)
FN:458,(anonymous_25)
FN:462,(anonymous_26)
FN:491,(anonymous_27)
FN:571,checkDatabaseConnection
FN:582,checkPythonServer
FN:585,(anonymous_30)
FN:597,checkFileSystem
FN:610,checkMemoryUsage
FN:659,(anonymous_33)
FN:692,(anonymous_34)
FN:727,(anonymous_35)
FN:733,startServer
FN:753,(anonymous_37)
FN:779,(anonymous_38)
FN:789,(anonymous_39)
FN:805,logConfigurationSummary
FN:824,(anonymous_41)
FN:840,(anonymous_42)
FN:842,(anonymous_43)
FN:848,(anonymous_44)
FN:850,(anonymous_45)
FN:856,(anonymous_46)
FNF:37
FNH:0
FNDA:0,(anonymous_10)
FNDA:0,(anonymous_11)
FNDA:0,(anonymous_12)
FNDA:0,(anonymous_13)
FNDA:0,(anonymous_14)
FNDA:0,(anonymous_15)
FNDA:0,(anonymous_16)
FNDA:0,(anonymous_17)
FNDA:0,(anonymous_18)
FNDA:0,(anonymous_19)
FNDA:0,(anonymous_20)
FNDA:0,(anonymous_21)
FNDA:0,(anonymous_22)
FNDA:0,(anonymous_23)
FNDA:0,(anonymous_24)
FNDA:0,(anonymous_25)
FNDA:0,(anonymous_26)
FNDA:0,(anonymous_27)
FNDA:0,checkDatabaseConnection
FNDA:0,checkPythonServer
FNDA:0,(anonymous_30)
FNDA:0,checkFileSystem
FNDA:0,checkMemoryUsage
FNDA:0,(anonymous_33)
FNDA:0,(anonymous_34)
FNDA:0,(anonymous_35)
FNDA:0,startServer
FNDA:0,(anonymous_37)
FNDA:0,(anonymous_38)
FNDA:0,(anonymous_39)
FNDA:0,logConfigurationSummary
FNDA:0,(anonymous_41)
FNDA:0,(anonymous_42)
FNDA:0,(anonymous_43)
FNDA:0,(anonymous_44)
FNDA:0,(anonymous_45)
FNDA:0,(anonymous_46)
DA:1,0
DA:2,0
DA:3,0
DA:7,0
DA:12,0
DA:13,0
DA:14,0
DA:15,0
DA:16,0
DA:17,0
DA:18,0
DA:19,0
DA:22,0
DA:25,0
DA:26,0
DA:29,0
DA:36,0
DA:37,0
DA:38,0
DA:50,0
DA:59,0
DA:61,0
DA:64,0
DA:67,0
DA:68,0
DA:69,0
DA:70,0
DA:71,0
DA:74,0
DA:80,0
DA:83,0
DA:86,0
DA:87,0
DA:94,0
DA:95,0
DA:97,0
DA:99,0
DA:101,0
DA:103,0
DA:105,0
DA:108,0
DA:110,0
DA:113,0
DA:114,0
DA:118,0
DA:126,0
DA:130,0
DA:140,0
DA:150,0
DA:160,0
DA:163,0
DA:164,0
DA:168,0
DA:175,0
DA:203,0
DA:206,0
DA:209,0
DA:212,0
DA:213,0
DA:224,0
DA:226,0
DA:231,0
DA:234,0
DA:235,0
DA:271,0
DA:273,0
DA:274,0
DA:279,0
DA:280,0
DA:288,0
DA:289,0
DA:296,0
DA:300,0
DA:303,0
DA:304,0
DA:305,0
DA:311,0
DA:312,0
DA:315,0
DA:320,0
DA:325,0
DA:331,0
DA:332,0
DA:334,0
DA:336,0
DA:339,0
DA:342,0
DA:345,0
DA:348,0
DA:349,0
DA:350,0
DA:352,0
DA:354,0
DA:374,0
DA:375,0
DA:376,0
DA:377,0
DA:380,0
DA:382,0
DA:383,0
DA:396,0
DA:400,0
DA:404,0
DA:408,0
DA:410,0
DA:411,0
DA:413,0
DA:414,0
DA:415,0
DA:426,0
DA:429,0
DA:430,0
DA:433,0
DA:434,0
DA:435,0
DA:436,0
DA:439,0
DA:441,0
DA:444,0
DA:448,0
DA:452,0
DA:458,0
DA:459,0
DA:462,0
DA:463,0
DA:468,0
DA:469,0
DA:470,0
DA:491,0
DA:492,0
DA:493,0
DA:494,0
DA:495,0
DA:498,0
DA:499,0
DA:505,0
DA:572,0
DA:574,0
DA:575,0
DA:577,0
DA:578,0
DA:583,0
DA:585,0
DA:586,0
DA:587,0
DA:592,0
DA:593,0
DA:598,0
DA:600,0
DA:601,0
DA:602,0
DA:603,0
DA:605,0
DA:606,0
DA:611,0
DA:612,0
DA:613,0
DA:614,0
DA:616,0
DA:617,0
DA:618,0
DA:619,0
DA:622,0
DA:659,0
DA:660,0
DA:661,0
DA:662,0
DA:663,0
DA:665,0
DA:666,0
DA:674,0
DA:682,0
DA:683,0
DA:692,0
DA:693,0
DA:694,0
DA:695,0
DA:696,0
DA:703,0
DA:714,0
DA:717,0
DA:720,0
DA:723,0
DA:727,0
DA:728,0
DA:729,0
DA:734,0
DA:736,0
DA:737,0
DA:739,0
DA:740,0
DA:744,0
DA:746,0
DA:753,0
DA:755,0
DA:756,0
DA:757,0
DA:758,0
DA:762,0
DA:763,0
DA:765,0
DA:766,0
DA:769,0
DA:771,0
DA:772,0
DA:775,0
DA:776,0
DA:779,0
DA:781,0
DA:783,0
DA:785,0
DA:789,0
DA:790,0
DA:793,0
DA:795,0
DA:796,0
DA:807,0
DA:809,0
DA:811,0
DA:813,0
DA:815,0
DA:817,0
DA:819,0
DA:823,0
DA:825,0
DA:828,0
DA:829,0
DA:830,0
DA:831,0
DA:832,0
DA:833,0
DA:835,0
DA:840,0
DA:841,0
DA:842,0
DA:843,0
DA:844,0
DA:848,0
DA:849,0
DA:850,0
DA:851,0
DA:852,0
DA:858,0
DA:859,0
LF:244
LH:0
BRDA:59,0,0,0
BRDA:59,0,1,0
BRDA:68,1,0,0
BRDA:68,1,1,0
BRDA:99,2,0,0
BRDA:99,2,1,0
BRDA:120,3,0,0
BRDA:120,3,1,0
BRDA:163,4,0,0
BRDA:163,4,1,0
BRDA:209,5,0,0
BRDA:209,5,1,0
BRDA:212,6,0,0
BRDA:212,6,1,0
BRDA:226,7,0,0
BRDA:226,7,1,0
BRDA:227,8,0,0
BRDA:227,8,1,0
BRDA:227,8,2,0
BRDA:282,9,0,0
BRDA:282,9,1,0
BRDA:288,10,0,0
BRDA:288,10,1,0
BRDA:291,11,0,0
BRDA:291,11,1,0
BRDA:352,12,0,0
BRDA:352,12,1,0
BRDA:352,13,0,0
BRDA:352,13,1,0
BRDA:374,14,0,0
BRDA:374,14,1,0
BRDA:375,15,0,0
BRDA:375,15,1,0
BRDA:376,16,0,0
BRDA:376,16,1,0
BRDA:377,17,0,0
BRDA:377,17,1,0
BRDA:386,18,0,0
BRDA:386,18,1,0
BRDA:417,19,0,0
BRDA:417,19,1,0
BRDA:418,20,0,0
BRDA:418,20,1,0
BRDA:419,21,0,0
BRDA:419,21,1,0
BRDA:422,22,0,0
BRDA:422,22,1,0
BRDA:468,23,0,0
BRDA:468,23,1,0
BRDA:588,24,0,0
BRDA:588,24,1,0
BRDA:589,25,0,0
BRDA:589,25,1,0
BRDA:616,26,0,0
BRDA:616,26,1,0
BRDA:618,27,0,0
BRDA:618,27,1,0
BRDA:665,28,0,0
BRDA:665,28,1,0
BRDA:755,29,0,0
BRDA:755,29,1,0
BRDA:809,30,0,0
BRDA:809,30,1,0
BRDA:811,31,0,0
BRDA:811,31,1,0
BRDA:813,32,0,0
BRDA:813,32,1,0
BRDA:815,33,0,0
BRDA:815,33,1,0
BRDA:817,34,0,0
BRDA:817,34,1,0
BRDA:828,35,0,0
BRDA:828,35,1,0
BRDA:828,36,0,0
BRDA:828,36,1,0
BRF:75
BRH:0
end_of_record
TN:
SF:server\setup-env.ts
FNF:0
FNH:0
DA:1,0
DA:2,0
DA:5,0
DA:8,0
LF:4
LH:0
BRF:0
BRH:0
end_of_record
TN:
SF:server\test-db-connection.ts
FN:8,testConnection
FN:55,(anonymous_1)
FNF:2
FNH:0
FNDA:0,testConnection
FNDA:0,(anonymous_1)
DA:1,0
DA:2,0
DA:3,0
DA:6,0
DA:9,0
DA:11,0
DA:13,0
DA:14,0
DA:16,0
DA:17,0
DA:21,0
DA:29,0
DA:32,0
DA:37,0
DA:38,0
DA:41,0
DA:46,0
DA:47,0
DA:50,0
DA:51,0
DA:53,0
DA:54,0
DA:55,0
DA:57,0
DA:61,0
DA:63,0
DA:64,0
DA:68,0
LF:28
LH:0
BRDA:16,0,0,0
BRDA:16,0,1,0
BRDA:16,1,0,0
BRDA:16,1,1,0
BRDA:37,2,0,0
BRDA:37,2,1,0
BRDA:46,3,0,0
BRDA:46,3,1,0
BRDA:54,4,0,0
BRDA:54,4,1,0
BRDA:54,5,0,0
BRDA:54,5,1,0
BRF:12
BRH:0
end_of_record
TN:
SF:server\vite.ts
FN:21,(anonymous_10)
FN:22,(anonymous_11)
FN:23,(anonymous_12)
FN:29,log
FN:40,setupVite
FN:43,(anonymous_15)
FN:67,(anonymous_16)
FN:92,serveStatic
FN:104,(anonymous_18)
FNF:9
FNH:0
FNDA:0,(anonymous_10)
FNDA:0,(anonymous_11)
FNDA:0,(anonymous_12)
FNDA:0,log
FNDA:0,setupVite
FNDA:0,(anonymous_15)
FNDA:0,(anonymous_16)
FNDA:0,serveStatic
FNDA:0,(anonymous_18)
DA:1,0
DA:2,0
DA:3,0
DA:17,0
DA:20,0
DA:21,0
DA:22,0
DA:24,0
DA:25,0
DA:29,0
DA:30,0
DA:37,0
DA:40,0
DA:41,0
DA:43,0
DA:44,0
DA:46,0
DA:53,0
DA:62,0
DA:63,0
DA:65,0
DA:67,0
DA:68,0
DA:70,0
DA:71,0
DA:73,0
DA:74,0
DA:77,0
DA:78,0
DA:79,0
DA:80,0
DA:82,0
DA:83,0
DA:87,0
DA:88,0
DA:92,0
DA:93,0
DA:95,0
DA:96,0
DA:101,0
DA:104,0
DA:105,0
LF:42
LH:0
BRDA:24,0,0,0
BRDA:24,0,1,0
BRDA:29,1,0,0
BRDA:62,2,0,0
BRDA:62,2,1,0
BRDA:73,3,0,0
BRDA:73,3,1,0
BRDA:73,4,0,0
BRDA:73,4,1,0
BRDA:95,5,0,0
BRDA:95,5,1,0
BRF:11
BRH:0
end_of_record
TN:
SF:server\api\v1\api.ts
FN:19,(anonymous_0)
FN:22,(anonymous_1)
FN:31,(anonymous_2)
FN:51,(anonymous_3)
FN:66,(anonymous_4)
FN:96,(anonymous_5)
FN:116,(anonymous_6)
FNF:7
FNH:0
FNDA:0,(anonymous_0)
FNDA:0,(anonymous_1)
FNDA:0,(anonymous_2)
FNDA:0,(anonymous_3)
FNDA:0,(anonymous_4)
FNDA:0,(anonymous_5)
FNDA:0,(anonymous_6)
DA:1,0
DA:2,0
DA:3,0
DA:4,0
DA:5,0
DA:6,0
DA:7,0
DA:8,0
DA:13,0
DA:16,0
DA:19,0
DA:22,0
DA:23,0
DA:31,0
DA:33,0
DA:40,0
DA:44,0
DA:53,0
DA:55,0
DA:63,0
DA:68,0
DA:70,0
DA:71,0
DA:78,0
DA:81,0
DA:87,0
DA:96,0
DA:97,0
DA:100,0
DA:108,0
DA:112,0
DA:118,0
DA:124,0
DA:128,0
LF:34
LH:0
BRDA:36,0,0,0
BRDA:36,0,1,0
BRDA:37,1,0,0
BRDA:37,1,1,0
BRDA:70,2,0,0
BRDA:70,2,1,0
BRF:6
BRH:0
end_of_record
TN:
SF:server\api\v1\health.ts
FN:8,(anonymous_0)
FNF:1
FNH:0
FNDA:0,(anonymous_0)
DA:1,0
DA:2,0
DA:3,0
DA:4,0
DA:6,0
DA:8,0
DA:9,0
DA:10,0
DA:15,0
DA:17,0
DA:27,0
DA:28,0
DA:44,0
LF:13
LH:0
BRDA:15,0,0,0
BRDA:15,0,1,0
BRDA:15,1,0,0
BRDA:15,1,1,0
BRDA:21,2,0,0
BRDA:21,2,1,0
BRDA:22,3,0,0
BRDA:22,3,1,0
BRDA:24,4,0,0
BRDA:24,4,1,0
BRDA:33,5,0,0
BRDA:33,5,1,0
BRF:12
BRH:0
end_of_record
TN:
SF:server\api\v1\index.ts
FNF:0
FNH:0
DA:1,0
DA:2,0
DA:3,0
DA:4,0
DA:6,0
DA:9,0
DA:10,0
DA:13,0
DA:18,0
LF:9
LH:0
BRF:0
BRH:0
end_of_record
TN:
SF:server\config\alerting-system.ts
FN:5,(anonymous_0)
FN:10,(anonymous_1)
FN:11,(anonymous_2)
FN:15,(anonymous_3)
FN:21,(anonymous_4)
FN:25,(anonymous_5)
FNF:6
FNH:0
FNDA:0,(anonymous_0)
FNDA:0,(anonymous_1)
FNDA:0,(anonymous_2)
FNDA:0,(anonymous_3)
FNDA:0,(anonymous_4)
FNDA:0,(anonymous_5)
DA:1,0
DA:2,0
DA:6,0
DA:7,0
DA:11,0
DA:12,0
DA:15,0
DA:16,0
DA:22,0
DA:26,0
DA:35,0
DA:37,0
LF:12
LH:0
BRDA:25,0,0,0
BRF:1
BRH:0
end_of_record
TN:
SF:server\config\audit-logger.ts
FN:4,(anonymous_0)
FN:11,(anonymous_1)
FN:12,(anonymous_2)
FN:15,(anonymous_3)
FNF:4
FNH:0
FNDA:0,(anonymous_0)
FNDA:0,(anonymous_1)
FNDA:0,(anonymous_2)
FNDA:0,(anonymous_3)
DA:2,0
DA:4,0
DA:5,0
DA:8,0
DA:12,0
DA:13,0
DA:15,0
DA:16,0
DA:27,0
DA:30,0
DA:35,0
LF:11
LH:0
BRDA:24,0,0,0
BRDA:24,0,1,0
BRF:2
BRH:0
end_of_record
TN:
SF:server\config\constants.ts
FNF:0
FNH:0
DA:2,0
DA:3,0
DA:6,0
DA:7,0
DA:8,0
DA:11,0
DA:12,0
LF:7
LH:0
BRDA:2,0,0,0
BRDA:2,0,1,0
BRDA:3,1,0,0
BRDA:3,1,1,0
BRF:4
BRH:0
end_of_record
TN:
SF:server\config\environment-manager.ts
FN:89,(anonymous_1)
FN:95,(anonymous_2)
FN:106,(anonymous_3)
FN:188,(anonymous_4)
FN:203,(anonymous_5)
FN:230,(anonymous_6)
FN:274,(anonymous_7)
FN:288,(anonymous_8)
FN:290,(anonymous_9)
FN:293,(anonymous_10)
FN:295,(anonymous_11)
FN:298,(anonymous_12)
FN:307,(anonymous_13)
FN:311,(anonymous_14)
FN:315,(anonymous_15)
FN:319,(anonymous_16)
FN:323,(anonymous_17)
FN:327,(anonymous_18)
FN:334,(anonymous_19)
FN:338,(anonymous_20)
FN:342,(anonymous_21)
FN:346,(anonymous_22)
FN:350,(anonymous_23)
FN:354,(anonymous_24)
FN:358,(anonymous_25)
FN:362,(anonymous_26)
FN:366,(anonymous_27)
FN:371,(anonymous_28)
FNF:28
FNH:0
FNDA:0,(anonymous_1)
FNDA:0,(anonymous_2)
FNDA:0,(anonymous_3)
FNDA:0,(anonymous_4)
FNDA:0,(anonymous_5)
FNDA:0,(anonymous_6)
FNDA:0,(anonymous_7)
FNDA:0,(anonymous_8)
FNDA:0,(anonymous_9)
FNDA:0,(anonymous_10)
FNDA:0,(anonymous_11)
FNDA:0,(anonymous_12)
FNDA:0,(anonymous_13)
FNDA:0,(anonymous_14)
FNDA:0,(anonymous_15)
FNDA:0,(anonymous_16)
FNDA:0,(anonymous_17)
FNDA:0,(anonymous_18)
FNDA:0,(anonymous_19)
FNDA:0,(anonymous_20)
FNDA:0,(anonymous_21)
FNDA:0,(anonymous_22)
FNDA:0,(anonymous_23)
FNDA:0,(anonymous_24)
FNDA:0,(anonymous_25)
FNDA:0,(anonymous_26)
FNDA:0,(anonymous_27)
FNDA:0,(anonymous_28)
DA:1,0
DA:2,0
DA:3,0
DA:90,0
DA:91,0
DA:92,0
DA:97,0
DA:100,0
DA:103,0
DA:107,0
DA:189,0
DA:191,0
DA:192,0
DA:193,0
DA:194,0
DA:197,0
DA:200,0
DA:204,0
DA:231,0
DA:234,0
DA:235,0
DA:238,0
DA:239,0
DA:242,0
DA:243,0
DA:246,0
DA:247,0
DA:251,0
DA:252,0
DA:253,0
DA:256,0
DA:257,0
DA:260,0
DA:261,0
DA:264,0
DA:265,0
DA:269,0
DA:270,0
DA:275,0
DA:277,0
DA:278,0
DA:281,0
DA:282,0
DA:285,0
DA:289,0
DA:290,0
DA:294,0
DA:295,0
DA:299,0
DA:300,0
DA:303,0
DA:308,0
DA:312,0
DA:316,0
DA:320,0
DA:324,0
DA:328,0
DA:329,0
DA:330,0
DA:335,0
DA:339,0
DA:343,0
DA:347,0
DA:351,0
DA:355,0
DA:359,0
DA:363,0
DA:367,0
DA:372,0
DA:397,0
DA:399,0
DA:400,0
LF:72
LH:0
BRDA:90,0,0,0
BRDA:90,0,1,0
BRDA:110,1,0,0
BRDA:110,1,1,0
BRDA:113,2,0,0
BRDA:113,2,1,0
BRDA:114,3,0,0
BRDA:114,3,1,0
BRDA:117,4,0,0
BRDA:117,4,1,0
BRDA:118,5,0,0
BRDA:118,5,1,0
BRDA:124,6,0,0
BRDA:124,6,1,0
BRDA:125,7,0,0
BRDA:125,7,1,0
BRDA:129,8,0,0
BRDA:129,8,1,0
BRDA:131,9,0,0
BRDA:131,9,1,0
BRDA:132,10,0,0
BRDA:132,10,1,0
BRDA:136,11,0,0
BRDA:136,11,1,0
BRDA:137,12,0,0
BRDA:137,12,1,0
BRDA:141,13,0,0
BRDA:141,13,1,0
BRDA:142,14,0,0
BRDA:142,14,1,0
BRDA:143,15,0,0
BRDA:143,15,1,0
BRDA:144,16,0,0
BRDA:144,16,1,0
BRDA:147,17,0,0
BRDA:147,17,1,0
BRDA:148,18,0,0
BRDA:148,18,1,0
BRDA:149,19,0,0
BRDA:149,19,1,0
BRDA:156,20,0,0
BRDA:156,20,1,0
BRDA:165,21,0,0
BRDA:165,21,1,0
BRDA:169,22,0,0
BRDA:169,22,1,0
BRDA:172,23,0,0
BRDA:172,23,1,0
BRDA:175,24,0,0
BRDA:175,24,1,0
BRDA:176,25,0,0
BRDA:176,25,1,0
BRDA:180,26,0,0
BRDA:180,26,1,0
BRDA:182,27,0,0
BRDA:182,27,1,0
BRDA:192,28,0,0
BRDA:192,28,1,0
BRDA:223,29,0,0
BRDA:223,29,1,0
BRDA:224,30,0,0
BRDA:224,30,1,0
BRDA:225,31,0,0
BRDA:225,31,1,0
BRDA:234,32,0,0
BRDA:234,32,1,0
BRDA:234,33,0,0
BRDA:234,33,1,0
BRDA:238,34,0,0
BRDA:238,34,1,0
BRDA:238,35,0,0
BRDA:238,35,1,0
BRDA:242,36,0,0
BRDA:242,36,1,0
BRDA:242,37,0,0
BRDA:242,37,1,0
BRDA:246,38,0,0
BRDA:246,38,1,0
BRDA:251,39,0,0
BRDA:251,39,1,0
BRDA:252,40,0,0
BRDA:252,40,1,0
BRDA:256,41,0,0
BRDA:256,41,1,0
BRDA:260,42,0,0
BRDA:260,42,1,0
BRDA:264,43,0,0
BRDA:264,43,1,0
BRDA:269,44,0,0
BRDA:269,44,1,0
BRDA:275,45,0,0
BRDA:275,45,1,0
BRDA:277,46,0,0
BRDA:277,46,1,0
BRDA:277,47,0,0
BRDA:277,47,1,0
BRDA:281,48,0,0
BRDA:281,48,1,0
BRDA:289,49,0,0
BRDA:289,49,1,0
BRDA:294,50,0,0
BRDA:294,50,1,0
BRDA:299,51,0,0
BRDA:299,51,1,0
BRF:104
BRH:0
end_of_record
TN:
SF:server\config\environment.ts
FN:9,getEnvVar
FN:61,(anonymous_2)
FN:65,(anonymous_3)
FN:71,(anonymous_4)
FN:124,(anonymous_5)
FN:133,loadEnvironment
FN:190,(anonymous_7)
FN:206,validateProductionConfig
FN:230,(anonymous_9)
FN:234,(anonymous_10)
FN:245,ensureDirectoryExists
FN:256,getConfig
FN:263,getDatabaseConfig
FN:286,getCorsConfig
FN:287,(anonymous_15)
FN:290,(anonymous_16)
FN:301,getRateLimitConfig
FN:319,getUploadConfig
FNF:18
FNH:0
FNDA:0,getEnvVar
FNDA:0,(anonymous_2)
FNDA:0,(anonymous_3)
FNDA:0,(anonymous_4)
FNDA:0,(anonymous_5)
FNDA:0,loadEnvironment
FNDA:0,(anonymous_7)
FNDA:0,validateProductionConfig
FNDA:0,(anonymous_9)
FNDA:0,(anonymous_10)
FNDA:0,ensureDirectoryExists
FNDA:0,getConfig
FNDA:0,getDatabaseConfig
FNDA:0,getCorsConfig
FNDA:0,(anonymous_15)
FNDA:0,(anonymous_16)
FNDA:0,getRateLimitConfig
FNDA:0,getUploadConfig
DA:2,0
DA:4,0
DA:5,0
DA:6,0
DA:10,0
DA:14,0
DA:48,0
DA:61,0
DA:65,0
DA:71,0
DA:124,0
DA:125,0
DA:126,0
DA:134,0
DA:136,0
DA:137,0
DA:178,0
DA:181,0
DA:184,0
DA:186,0
DA:188,0
DA:190,0
DA:191,0
DA:194,0
DA:199,0
DA:207,0
DA:230,0
DA:232,0
DA:233,0
DA:234,0
DA:235,0
DA:236,0
DA:238,0
DA:246,0
DA:248,0
DA:249,0
DA:256,0
DA:257,0
DA:263,0
DA:264,0
DA:286,0
DA:287,0
DA:289,0
DA:290,0
DA:301,0
DA:302,0
DA:319,0
DA:320,0
DA:338,0
DA:341,0
LF:50
LH:0
BRDA:10,0,0,0
BRDA:10,0,1,0
BRDA:10,0,2,0
BRDA:136,1,0,0
BRDA:136,1,1,0
BRDA:142,2,0,0
BRDA:142,2,1,0
BRDA:144,3,0,0
BRDA:144,3,1,0
BRDA:145,4,0,0
BRDA:145,4,1,0
BRDA:146,5,0,0
BRDA:146,5,1,0
BRDA:147,6,0,0
BRDA:147,6,1,0
BRDA:188,7,0,0
BRDA:188,7,1,0
BRDA:209,8,0,0
BRDA:209,8,1,0
BRDA:213,9,0,0
BRDA:213,9,1,0
BRDA:213,9,2,0
BRDA:217,10,0,0
BRDA:217,10,1,0
BRDA:217,10,2,0
BRDA:221,11,0,0
BRDA:221,11,1,0
BRDA:225,12,0,0
BRDA:225,12,1,0
BRDA:225,12,2,0
BRDA:232,13,0,0
BRDA:232,13,1,0
BRDA:233,14,0,0
BRDA:233,14,1,0
BRDA:235,15,0,0
BRDA:235,15,1,0
BRDA:248,16,0,0
BRDA:248,16,1,0
BRDA:268,17,0,0
BRDA:268,17,1,0
BRDA:290,18,0,0
BRDA:290,18,1,0
BRF:42
BRH:0
end_of_record
TN:
SF:server\config\features.ts
FN:35,(anonymous_0)
FNF:1
FNH:0
FNDA:0,(anonymous_0)
DA:2,0
DA:36,0
DA:41,0
LF:3
LH:0
BRDA:4,0,0,0
BRDA:4,0,1,0
BRDA:7,1,0,0
BRDA:7,1,1,0
BRDA:10,2,0,0
BRDA:10,2,1,0
BRDA:35,3,0,0
BRDA:36,4,0,0
BRDA:36,4,1,0
BRF:9
BRH:0
end_of_record
TN:
SF:server\config\index.ts
FN:15,(anonymous_0)
FN:16,(anonymous_1)
FN:17,(anonymous_2)
FN:18,(anonymous_3)
FN:19,(anonymous_4)
FN:20,(anonymous_5)
FN:21,(anonymous_6)
FN:22,(anonymous_7)
FN:23,(anonymous_8)
FN:24,(anonymous_9)
FN:29,validateConfiguration
FN:50,(anonymous_11)
FN:83,(anonymous_12)
FN:125,(anonymous_13)
FN:143,logConfigurationSummary
FNF:15
FNH:0
FNDA:0,(anonymous_0)
FNDA:0,(anonymous_1)
FNDA:0,(anonymous_2)
FNDA:0,(anonymous_3)
FNDA:0,(anonymous_4)
FNDA:0,(anonymous_5)
FNDA:0,(anonymous_6)
FNDA:0,(anonymous_7)
FNDA:0,(anonymous_8)
FNDA:0,(anonymous_9)
FNDA:0,validateConfiguration
FNDA:0,(anonymous_11)
FNDA:0,(anonymous_12)
FNDA:0,(anonymous_13)
FNDA:0,logConfigurationSummary
DA:1,0
DA:11,0
DA:15,0
DA:16,0
DA:17,0
DA:18,0
DA:19,0
DA:20,0
DA:21,0
DA:22,0
DA:23,0
DA:24,0
DA:29,0
DA:30,0
DA:31,0
DA:34,0
DA:35,0
DA:41,0
DA:42,0
DA:48,0
DA:49,0
DA:50,0
DA:52,0
DA:57,0
DA:59,0
DA:60,0
DA:64,0
DA:70,0
DA:76,0
DA:77,0
DA:80,0
DA:81,0
DA:83,0
DA:90,0
DA:92,0
DA:97,0
DA:98,0
DA:99,0
DA:102,0
DA:112,0
DA:121,0
DA:125,0
DA:129,0
DA:136,0
DA:143,0
DA:144,0
LF:46
LH:0
BRDA:59,0,0,0
BRDA:59,0,1,0
BRDA:80,1,0,0
BRDA:80,1,1,0
BRDA:131,2,0,0
BRDA:131,2,1,0
BRDA:132,3,0,0
BRDA:132,3,1,0
BRF:8
BRH:0
end_of_record
TN:
SF:server\config\logger.ts
FN:41,redactSecrets
FN:43,(anonymous_2)
FN:50,(anonymous_3)
FN:64,(anonymous_4)
FN:77,createTransports
FN:133,createRequestLogger
FN:134,(anonymous_7)
FN:147,(anonymous_8)
FN:166,logError
FN:177,logPerformance
FN:187,logSecurity
FN:196,logDatabase
FN:205,logAIEngine
FN:214,logAnalysis
FN:249,logPythonBridge
FN:276,logFileProcessing
FN:299,logSystemHealth
FN:323,logUserActivity
FNF:18
FNH:0
FNDA:0,redactSecrets
FNDA:0,(anonymous_2)
FNDA:0,(anonymous_3)
FNDA:0,(anonymous_4)
FNDA:0,createTransports
FNDA:0,createRequestLogger
FNDA:0,(anonymous_7)
FNDA:0,(anonymous_8)
FNDA:0,logError
FNDA:0,logPerformance
FNDA:0,logSecurity
FNDA:0,logDatabase
FNDA:0,logAIEngine
FNDA:0,logAnalysis
FNDA:0,logPythonBridge
FNDA:0,logFileProcessing
FNDA:0,logSystemHealth
FNDA:0,logUserActivity
DA:1,0
DA:2,0
DA:3,0
DA:4,0
DA:8,0
DA:16,0
DA:23,0
DA:26,0
DA:42,0
DA:43,0
DA:47,0
DA:51,0
DA:52,0
DA:53,0
DA:54,0
DA:55,0
DA:56,0
DA:61,0
DA:66,0
DA:67,0
DA:68,0
DA:69,0
DA:70,0
DA:71,0
DA:78,0
DA:81,0
DA:89,0
DA:90,0
DA:91,0
DA:94,0
DA:95,0
DA:99,0
DA:110,0
DA:120,0
DA:124,0
DA:133,0
DA:134,0
DA:135,0
DA:138,0
DA:147,0
DA:148,0
DA:149,0
DA:151,0
DA:161,0
DA:166,0
DA:167,0
DA:177,0
DA:178,0
DA:187,0
DA:188,0
DA:196,0
DA:197,0
DA:205,0
DA:206,0
DA:214,0
DA:239,0
DA:241,0
DA:249,0
DA:265,0
DA:268,0
DA:276,0
DA:289,0
DA:291,0
DA:299,0
DA:312,0
DA:314,0
DA:323,0
DA:336,0
DA:344,0
LF:69
LH:0
BRDA:42,0,0,0
BRDA:42,0,1,0
BRDA:52,1,0,0
BRDA:52,1,1,0
BRDA:53,2,0,0
BRDA:53,2,1,0
BRDA:68,3,0,0
BRDA:68,3,1,0
BRDA:69,4,0,0
BRDA:69,4,1,0
BRDA:70,5,0,0
BRDA:70,5,1,0
BRDA:84,6,0,0
BRDA:84,6,1,0
BRDA:89,7,0,0
BRDA:89,7,1,0
BRDA:89,8,0,0
BRDA:89,8,1,0
BRDA:90,9,0,0
BRDA:90,9,1,0
BRDA:91,10,0,0
BRDA:91,10,1,0
BRDA:94,11,0,0
BRDA:94,11,1,0
BRDA:127,12,0,0
BRDA:127,12,1,0
BRDA:149,13,0,0
BRDA:149,13,1,0
BRDA:239,14,0,0
BRDA:239,14,1,0
BRDA:239,15,0,0
BRDA:239,15,1,0
BRDA:265,16,0,0
BRDA:265,16,1,0
BRDA:265,17,0,0
BRDA:265,17,1,0
BRDA:266,18,0,0
BRDA:266,18,1,0
BRDA:266,19,0,0
BRDA:266,19,1,0
BRDA:289,20,0,0
BRDA:289,20,1,0
BRDA:312,21,0,0
BRDA:312,21,1,0
BRDA:312,22,0,0
BRDA:312,22,1,0
BRF:46
BRH:0
end_of_record
TN:
SF:server\config\metrics.ts
FN:8,(anonymous_0)
FN:9,(anonymous_1)
FN:12,(anonymous_2)
FNF:3
FNH:0
FNDA:0,(anonymous_0)
FNDA:0,(anonymous_1)
FNDA:0,(anonymous_2)
DA:1,0
DA:3,0
DA:6,0
DA:8,0
DA:9,0
DA:10,0
DA:12,0
DA:13,0
DA:17,0
LF:9
LH:0
BRF:0
BRH:0
end_of_record
TN:
SF:server\config\monitoring.ts
FN:20,(anonymous_0)
FN:41,(anonymous_1)
FN:58,(anonymous_2)
FN:77,redactSensitiveData
FN:101,maskApiKey
FN:108,(anonymous_5)
FN:113,(anonymous_6)
FN:118,(anonymous_7)
FNF:8
FNH:0
FNDA:0,(anonymous_0)
FNDA:0,(anonymous_1)
FNDA:0,(anonymous_2)
FNDA:0,redactSensitiveData
FNDA:0,maskApiKey
FNDA:0,(anonymous_5)
FNDA:0,(anonymous_6)
FNDA:0,(anonymous_7)
DA:1,0
DA:6,0
DA:20,0
DA:21,0
DA:22,0
DA:24,0
DA:41,0
DA:42,0
DA:44,0
DA:58,0
DA:59,0
DA:60,0
DA:62,0
DA:78,0
DA:80,0
DA:85,0
DA:87,0
DA:88,0
DA:89,0
DA:90,0
DA:91,0
DA:93,0
DA:97,0
DA:102,0
DA:103,0
DA:104,0
DA:108,0
DA:113,0
DA:114,0
DA:118,0
DA:119,0
DA:123,0
LF:32
LH:0
BRDA:22,0,0,0
BRDA:22,0,1,0
BRDA:78,1,0,0
BRDA:78,1,1,0
BRDA:78,2,0,0
BRDA:78,2,1,0
BRDA:85,3,0,0
BRDA:85,3,1,0
BRDA:88,4,0,0
BRDA:88,4,1,0
BRDA:90,5,0,0
BRDA:90,5,1,0
BRDA:90,6,0,0
BRDA:90,6,1,0
BRDA:101,7,0,0
BRDA:102,8,0,0
BRDA:102,8,1,0
BRDA:103,9,0,0
BRDA:103,9,1,0
BRF:19
BRH:0
end_of_record
TN:
SF:server\config\python-config.ts
FNF:0
FNH:0
DA:1,0
DA:3,0
DA:5,0
DA:96,0
LF:4
LH:0
BRDA:7,0,0,0
BRDA:7,0,1,0
BRDA:10,1,0,0
BRDA:10,1,1,0
BRDA:13,2,0,0
BRDA:13,2,1,0
BRDA:16,3,0,0
BRDA:16,3,1,0
BRDA:27,4,0,0
BRDA:27,4,1,0
BRDA:32,5,0,0
BRDA:32,5,1,0
BRDA:55,6,0,0
BRDA:55,6,1,0
BRDA:62,7,0,0
BRDA:62,7,1,0
BRDA:63,8,0,0
BRDA:63,8,1,0
BRDA:64,9,0,0
BRDA:64,9,1,0
BRDA:69,10,0,0
BRDA:69,10,1,0
BRDA:70,11,0,0
BRDA:70,11,1,0
BRDA:71,12,0,0
BRDA:71,12,1,0
BRDA:72,13,0,0
BRDA:72,13,1,0
BRDA:77,14,0,0
BRDA:77,14,1,0
BRDA:78,15,0,0
BRDA:78,15,1,0
BRDA:79,16,0,0
BRDA:79,16,1,0
BRDA:89,17,0,0
BRDA:89,17,1,0
BRDA:92,18,0,0
BRDA:92,18,1,0
BRF:38
BRH:0
end_of_record
TN:
SF:server\config\rateLimiter.ts
FN:31,extractTokenFromQuery
FNF:1
FNH:0
FNDA:0,extractTokenFromQuery
DA:1,0
DA:4,0
DA:20,0
DA:25,0
DA:31,0
DA:32,0
DA:33,0
DA:34,0
DA:36,0
LF:9
LH:0
BRF:0
BRH:0
end_of_record
TN:
SF:server\config\redis.ts
FN:13,(anonymous_0)
FN:24,(anonymous_1)
FN:31,(anonymous_2)
FN:53,(anonymous_3)
FN:60,(anonymous_4)
FN:90,(anonymous_5)
FN:104,(anonymous_6)
FN:108,(anonymous_7)
FN:113,(anonymous_8)
FN:114,(anonymous_9)
FN:133,(anonymous_10)
FN:146,(anonymous_11)
FN:150,(anonymous_12)
FN:154,(anonymous_13)
FN:161,(anonymous_14)
FN:183,(anonymous_15)
FN:208,getRedisClient
FNF:17
FNH:0
FNDA:0,(anonymous_0)
FNDA:0,(anonymous_1)
FNDA:0,(anonymous_2)
FNDA:0,(anonymous_3)
FNDA:0,(anonymous_4)
FNDA:0,(anonymous_5)
FNDA:0,(anonymous_6)
FNDA:0,(anonymous_7)
FNDA:0,(anonymous_8)
FNDA:0,(anonymous_9)
FNDA:0,(anonymous_10)
FNDA:0,(anonymous_11)
FNDA:0,(anonymous_12)
FNDA:0,(anonymous_13)
FNDA:0,(anonymous_14)
FNDA:0,(anonymous_15)
FNDA:0,getRedisClient
DA:1,0
DA:2,0
DA:8,0
DA:9,0
DA:10,0
DA:14,0
DA:15,0
DA:17,0
DA:18,0
DA:20,0
DA:25,0
DA:26,0
DA:28,0
DA:32,0
DA:33,0
DA:34,0
DA:37,0
DA:38,0
DA:45,0
DA:46,0
DA:48,0
DA:49,0
DA:54,0
DA:55,0
DA:57,0
DA:61,0
DA:62,0
DA:65,0
DA:66,0
DA:69,0
DA:70,0
DA:71,0
DA:74,0
DA:75,0
DA:77,0
DA:78,0
DA:79,0
DA:81,0
DA:82,0
DA:83,0
DA:86,0
DA:91,0
DA:92,0
DA:93,0
DA:96,0
DA:97,0
DA:98,0
DA:99,0
DA:102,0
DA:104,0
DA:105,0
DA:108,0
DA:109,0
DA:113,0
DA:114,0
DA:117,0
DA:122,0
DA:124,0
DA:125,0
DA:126,0
DA:128,0
DA:129,0
DA:134,0
DA:135,0
DA:136,0
DA:139,0
DA:140,0
DA:142,0
DA:147,0
DA:151,0
DA:155,0
DA:162,0
DA:163,0
DA:164,0
DA:167,0
DA:168,0
DA:169,0
DA:170,0
DA:172,0
DA:175,0
DA:184,0
DA:185,0
DA:186,0
DA:189,0
DA:190,0
DA:191,0
DA:192,0
DA:193,0
DA:196,0
DA:198,0
DA:199,0
DA:205,0
DA:209,0
DA:210,0
DA:211,0
DA:213,0
DA:216,0
LF:97
LH:0
BRDA:15,0,0,0
BRDA:15,0,1,0
BRDA:17,1,0,0
BRDA:17,1,1,0
BRDA:25,2,0,0
BRDA:25,2,1,0
BRDA:32,3,0,0
BRDA:32,3,1,0
BRDA:39,4,0,0
BRDA:39,4,1,0
BRDA:54,5,0,0
BRDA:54,5,1,0
BRDA:61,6,0,0
BRDA:61,6,1,0
BRDA:65,7,0,0
BRDA:65,7,1,0
BRDA:69,8,0,0
BRDA:69,8,1,0
BRDA:69,9,0,0
BRDA:69,9,1,0
BRDA:84,10,0,0
BRDA:84,10,1,0
BRDA:91,11,0,0
BRDA:91,11,1,0
BRDA:98,12,0,0
BRDA:98,12,1,0
BRDA:135,13,0,0
BRDA:135,13,1,0
BRDA:135,14,0,0
BRDA:135,14,1,0
BRDA:139,15,0,0
BRDA:139,15,1,0
BRDA:147,16,0,0
BRDA:147,16,1,0
BRDA:147,16,2,0
BRDA:151,17,0,0
BRDA:151,17,1,0
BRDA:155,18,0,0
BRDA:155,18,1,0
BRDA:162,19,0,0
BRDA:162,19,1,0
BRDA:169,20,0,0
BRDA:169,20,1,0
BRDA:175,21,0,0
BRDA:175,21,1,0
BRDA:184,22,0,0
BRDA:184,22,1,0
BRDA:191,23,0,0
BRDA:191,23,1,0
BRDA:198,24,0,0
BRDA:198,24,1,0
BRDA:209,25,0,0
BRDA:209,25,1,0
BRDA:209,26,0,0
BRDA:209,26,1,0
BRF:55
BRH:0
end_of_record
TN:
SF:server\config\security-config.ts
FN:9,(anonymous_1)
FN:41,(anonymous_2)
FN:66,(anonymous_3)
FN:69,(anonymous_4)
FN:71,(anonymous_5)
FN:85,(anonymous_6)
FN:97,(anonymous_7)
FN:105,(anonymous_8)
FN:115,(anonymous_9)
FN:135,(anonymous_10)
FNF:10
FNH:0
FNDA:0,(anonymous_1)
FNDA:0,(anonymous_2)
FNDA:0,(anonymous_3)
FNDA:0,(anonymous_4)
FNDA:0,(anonymous_5)
FNDA:0,(anonymous_6)
FNDA:0,(anonymous_7)
FNDA:0,(anonymous_8)
FNDA:0,(anonymous_9)
FNDA:0,(anonymous_10)
DA:2,0
DA:3,0
DA:5,0
DA:6,0
DA:7,0
DA:9,0
DA:11,0
DA:12,0
DA:13,0
DA:39,0
DA:40,0
DA:42,0
DA:44,0
DA:46,0
DA:47,0
DA:59,0
DA:60,0
DA:68,0
DA:69,0
DA:72,0
DA:73,0
DA:81,0
DA:85,0
DA:87,0
DA:93,0
DA:97,0
DA:99,0
DA:100,0
DA:101,0
DA:102,0
DA:103,0
DA:106,0
DA:107,0
DA:111,0
DA:115,0
DA:116,0
DA:117,0
DA:122,0
DA:128,0
DA:131,0
DA:135,0
LF:41
LH:0
BRDA:11,0,0,0
BRDA:11,0,1,0
BRDA:28,1,0,0
BRDA:28,1,1,0
BRDA:39,2,0,0
BRDA:39,2,1,0
BRDA:42,3,0,0
BRDA:42,3,1,0
BRDA:42,4,0,0
BRDA:42,4,1,0
BRDA:42,4,2,0
BRDA:59,5,0,0
BRDA:59,5,1,0
BRDA:76,6,0,0
BRDA:76,6,1,0
BRDA:106,7,0,0
BRDA:106,7,1,0
BRDA:116,8,0,0
BRDA:116,8,1,0
BRF:19
BRH:0
end_of_record
TN:
SF:server\config\security.ts
FN:176,(anonymous_0)
FN:200,(anonymous_1)
FN:427,getSecurityConfig
FNF:3
FNH:0
FNDA:0,(anonymous_0)
FNDA:0,(anonymous_1)
FNDA:0,getSecurityConfig
DA:167,0
DA:176,0
DA:177,0
DA:178,0
DA:182,0
DA:202,0
DA:203,0
DA:204,0
DA:427,0
DA:428,0
DA:431,0
LF:11
LH:0
BRDA:177,0,0,0
BRDA:177,0,1,0
BRDA:177,1,0,0
BRDA:177,1,1,0
BRDA:185,2,0,0
BRDA:185,2,1,0
BRDA:186,3,0,0
BRDA:186,3,1,0
BRDA:187,4,0,0
BRDA:187,4,1,0
BRDA:188,5,0,0
BRDA:188,5,1,0
BRDA:189,6,0,0
BRDA:189,6,1,0
BRDA:197,7,0,0
BRDA:197,7,1,0
BRDA:198,8,0,0
BRDA:198,8,1,0
BRDA:202,9,0,0
BRDA:202,9,1,0
BRDA:203,10,0,0
BRDA:203,10,1,0
BRDA:238,11,0,0
BRDA:238,11,1,0
BRDA:262,12,0,0
BRDA:262,12,1,0
BRDA:326,13,0,0
BRDA:326,13,1,0
BRF:28
BRH:0
end_of_record
TN:
SF:server\config\supabase.ts
FN:47,testSupabaseConnection
FN:65,verifyAuthHeader
FN:86,(anonymous_2)
FNF:3
FNH:0
FNDA:0,testSupabaseConnection
FNDA:0,verifyAuthHeader
FNDA:0,(anonymous_2)
DA:1,0
DA:2,0
DA:3,0
DA:6,0
DA:22,0
DA:34,0
DA:47,0
DA:48,0
DA:49,0
DA:51,0
DA:52,0
DA:53,0
DA:56,0
DA:57,0
DA:59,0
DA:60,0
DA:65,0
DA:66,0
DA:67,0
DA:70,0
DA:72,0
DA:73,0
DA:75,0
DA:76,0
DA:79,0
DA:81,0
DA:86,0
DA:87,0
DA:88,0
DA:90,0
DA:91,0
DA:97,0
DA:98,0
DA:101,0
LF:34
LH:0
BRDA:51,0,0,0
BRDA:51,0,1,0
BRDA:66,1,0,0
BRDA:66,1,1,0
BRDA:66,2,0,0
BRDA:66,2,1,0
BRDA:75,3,0,0
BRDA:75,3,1,0
BRDA:75,4,0,0
BRDA:75,4,1,0
BRDA:76,5,0,0
BRDA:76,5,1,0
BRDA:87,6,0,0
BRDA:87,6,1,0
BRDA:90,7,0,0
BRDA:90,7,1,0
BRDA:93,8,0,0
BRDA:93,8,1,0
BRF:18
BRH:0
end_of_record
TN:
SF:server\config\swagger.ts
FN:77,(anonymous_1)
FN:83,(anonymous_2)
FN:90,(anonymous_3)
FNF:3
FNH:0
FNDA:0,(anonymous_1)
FNDA:0,(anonymous_2)
FNDA:0,(anonymous_3)
DA:1,0
DA:2,0
DA:5,0
DA:6,0
DA:9,0
DA:58,0
DA:61,0
DA:77,0
DA:80,0
DA:84,0
DA:90,0
DA:91,0
DA:92,0
DA:98,0
DA:99,0
DA:103,0
LF:16
LH:0
BRDA:5,0,0,0
BRDA:5,0,1,0
BRDA:6,1,0,0
BRDA:6,1,1,0
BRDA:28,2,0,0
BRDA:28,2,1,0
BRDA:31,3,0,0
BRDA:31,3,1,0
BRF:8
BRH:0
end_of_record
TN:
SF:server\config\validate-env.ts
FN:7,validateEnvironment
FN:18,(anonymous_1)
FNF:2
FNH:0
FNDA:0,validateEnvironment
FNDA:0,(anonymous_1)
DA:1,0
DA:2,0
DA:8,0
DA:18,0
DA:20,0
DA:21,0
DA:27,0
DA:28,0
DA:29,0
DA:33,0
DA:36,0
LF:11
LH:0
BRDA:20,0,0,0
BRDA:20,0,1,0
BRDA:27,1,0,0
BRDA:27,1,1,0
BRDA:28,2,0,0
BRDA:28,2,1,0
BRDA:28,3,0,0
BRDA:28,3,1,0
BRF:8
BRH:0
end_of_record
TN:
SF:server\config\validate.ts
FN:16,validateConfig
FNF:1
FNH:0
FNDA:0,validateConfig
DA:1,0
DA:2,0
DA:4,0
DA:16,0
DA:17,0
DA:22,0
DA:23,0
DA:24,0
DA:28,0
LF:9
LH:0
BRDA:22,0,0,0
BRDA:22,0,1,0
BRF:2
BRH:0
end_of_record
TN:
SF:server\controllers\health.controller.ts
FN:11,(anonymous_0)
FN:71,(anonymous_1)
FN:79,(anonymous_2)
FN:92,(anonymous_3)
FN:111,(anonymous_4)
FNF:5
FNH:0
FNDA:0,(anonymous_0)
FNDA:0,(anonymous_1)
FNDA:0,(anonymous_2)
FNDA:0,(anonymous_3)
FNDA:0,(anonymous_4)
DA:2,0
DA:3,0
DA:4,0
DA:11,0
DA:12,0
DA:13,0
DA:19,0
DA:21,0
DA:24,0
DA:25,0
DA:27,0
DA:30,0
DA:31,0
DA:32,0
DA:34,0
DA:44,0
DA:51,0
DA:53,0
DA:54,0
DA:59,0
DA:71,0
DA:72,0
DA:74,0
DA:79,0
DA:80,0
DA:83,0
DA:84,0
DA:89,0
DA:92,0
DA:99,0
DA:100,0
DA:111,0
DA:112,0
DA:114,0
DA:120,0
DA:121,0
DA:130,0
LF:37
LH:0
BRDA:24,0,0,0
BRDA:24,0,1,0
BRDA:35,1,0,0
BRDA:35,1,1,0
BRDA:38,2,0,0
BRDA:38,2,1,0
BRDA:51,3,0,0
BRDA:51,3,1,0
BRDA:53,4,0,0
BRDA:53,4,1,0
BRDA:56,5,0,0
BRDA:56,5,1,0
BRDA:63,6,0,0
BRDA:63,6,1,0
BRDA:80,7,0,0
BRDA:80,7,1,0
BRDA:83,8,0,0
BRDA:83,8,1,0
BRDA:94,9,0,0
BRDA:94,9,1,0
BRF:20
BRH:0
end_of_record
TN:
SF:server\middleware\advanced-rate-limiting.ts
FN:30,(anonymous_1)
FN:32,(anonymous_2)
FN:37,(anonymous_3)
FN:42,(anonymous_4)
FN:51,(anonymous_5)
FN:54,(anonymous_6)
FN:64,(anonymous_7)
FN:74,(anonymous_8)
FN:93,(anonymous_9)
FN:107,(anonymous_10)
FN:108,(anonymous_11)
FN:243,(anonymous_12)
FN:250,(anonymous_13)
FN:253,(anonymous_14)
FN:255,(anonymous_15)
FN:268,(anonymous_16)
FN:301,(anonymous_17)
FN:305,(anonymous_18)
FN:326,(anonymous_19)
FN:338,(anonymous_20)
FN:353,(anonymous_21)
FN:357,(anonymous_22)
FNF:22
FNH:0
FNDA:0,(anonymous_1)
FNDA:0,(anonymous_2)
FNDA:0,(anonymous_3)
FNDA:0,(anonymous_4)
FNDA:0,(anonymous_5)
FNDA:0,(anonymous_6)
FNDA:0,(anonymous_7)
FNDA:0,(anonymous_8)
FNDA:0,(anonymous_9)
FNDA:0,(anonymous_10)
FNDA:0,(anonymous_11)
FNDA:0,(anonymous_12)
FNDA:0,(anonymous_13)
FNDA:0,(anonymous_14)
FNDA:0,(anonymous_15)
FNDA:0,(anonymous_16)
FNDA:0,(anonymous_17)
FNDA:0,(anonymous_18)
FNDA:0,(anonymous_19)
FNDA:0,(anonymous_20)
FNDA:0,(anonymous_21)
FNDA:0,(anonymous_22)
DA:2,0
DA:3,0
DA:25,0
DA:26,0
DA:32,0
DA:33,0
DA:37,0
DA:38,0
DA:43,0
DA:45,0
DA:46,0
DA:47,0
DA:48,0
DA:51,0
DA:55,0
DA:57,0
DA:58,0
DA:59,0
DA:65,0
DA:66,0
DA:67,0
DA:68,0
DA:69,0
DA:71,0
DA:76,0
DA:77,0
DA:83,0
DA:88,0
DA:89,0
DA:90,0
DA:95,0
DA:96,0
DA:100,0
DA:101,0
DA:102,0
DA:104,0
DA:108,0
DA:109,0
DA:110,0
DA:113,0
DA:114,0
DA:115,0
DA:116,0
DA:125,0
DA:126,0
DA:128,0
DA:130,0
DA:132,0
DA:137,0
DA:141,0
DA:145,0
DA:146,0
DA:150,0
DA:151,0
DA:154,0
DA:161,0
DA:162,0
DA:165,0
DA:168,0
DA:170,0
DA:171,0
DA:174,0
DA:187,0
DA:189,0
DA:190,0
DA:197,0
DA:201,0
DA:202,0
DA:203,0
DA:205,0
DA:207,0
DA:211,0
DA:222,0
DA:227,0
DA:234,0
DA:236,0
DA:237,0
DA:248,0
DA:249,0
DA:250,0
DA:252,0
DA:253,0
DA:255,0
DA:261,0
DA:269,0
DA:270,0
DA:272,0
DA:273,0
DA:275,0
DA:276,0
DA:281,0
DA:284,0
DA:302,0
DA:303,0
DA:306,0
DA:327,0
DA:328,0
DA:339,0
DA:340,0
DA:354,0
DA:355,0
DA:358,0
DA:359,0
DA:361,0
DA:362,0
DA:372,0
DA:373,0
DA:374,0
DA:375,0
DA:376,0
DA:379,0
DA:381,0
LF:112
LH:0
BRDA:47,0,0,0
BRDA:47,0,1,0
BRDA:58,1,0,0
BRDA:58,1,1,0
BRDA:66,2,0,0
BRDA:66,2,1,0
BRDA:67,3,0,0
BRDA:67,3,1,0
BRDA:77,4,0,0
BRDA:77,4,1,0
BRDA:79,5,0,0
BRDA:79,5,1,0
BRDA:83,6,0,0
BRDA:83,6,1,0
BRDA:83,6,2,0
BRDA:88,7,0,0
BRDA:88,7,1,0
BRDA:89,8,0,0
BRDA:89,8,1,0
BRDA:95,9,0,0
BRDA:95,9,1,0
BRDA:101,10,0,0
BRDA:101,10,1,0
BRDA:113,11,0,0
BRDA:113,11,1,0
BRDA:119,12,0,0
BRDA:119,12,1,0
BRDA:130,13,0,0
BRDA:130,13,1,0
BRDA:130,14,0,0
BRDA:130,14,1,0
BRDA:141,15,0,0
BRDA:141,15,1,0
BRDA:141,15,2,0
BRDA:141,15,3,0
BRDA:141,15,4,0
BRDA:142,16,0,0
BRDA:142,16,1,0
BRDA:145,17,0,0
BRDA:145,17,1,0
BRDA:161,18,0,0
BRDA:161,18,1,0
BRDA:168,19,0,0
BRDA:168,19,1,0
BRDA:170,20,0,0
BRDA:170,20,1,0
BRDA:201,21,0,0
BRDA:201,21,1,0
BRDA:211,22,0,0
BRDA:211,22,1,0
BRDA:214,23,0,0
BRDA:214,23,1,0
BRDA:219,24,0,0
BRDA:219,24,1,0
BRDA:269,25,0,0
BRDA:269,25,1,0
BRDA:272,26,0,0
BRDA:272,26,1,0
BRDA:302,27,0,0
BRDA:302,27,1,0
BRDA:327,28,0,0
BRDA:327,28,1,0
BRDA:339,29,0,0
BRDA:339,29,1,0
BRDA:354,30,0,0
BRDA:354,30,1,0
BRDA:358,31,0,0
BRDA:358,31,1,0
BRDA:361,32,0,0
BRDA:361,32,1,0
BRF:70
BRH:0
end_of_record
TN:
SF:server\middleware\api-security.ts
FN:35,(anonymous_1)
FN:37,(anonymous_2)
FN:45,(anonymous_3)
FN:50,(anonymous_4)
FN:58,(anonymous_5)
FN:84,(anonymous_6)
FN:88,(anonymous_7)
FN:96,(anonymous_8)
FN:114,(anonymous_9)
FN:116,(anonymous_10)
FN:131,(anonymous_11)
FN:132,(anonymous_12)
FN:135,(anonymous_13)
FN:144,(anonymous_14)
FN:175,(anonymous_15)
FN:181,(anonymous_16)
FN:233,(anonymous_17)
FN:287,validateApiKey
FN:294,maskApiKey
FN:304,(anonymous_20)
FN:340,(anonymous_21)
FN:372,redactSensitiveData
FNF:22
FNH:0
FNDA:0,(anonymous_1)
FNDA:0,(anonymous_2)
FNDA:0,(anonymous_3)
FNDA:0,(anonymous_4)
FNDA:0,(anonymous_5)
FNDA:0,(anonymous_6)
FNDA:0,(anonymous_7)
FNDA:0,(anonymous_8)
FNDA:0,(anonymous_9)
FNDA:0,(anonymous_10)
FNDA:0,(anonymous_11)
FNDA:0,(anonymous_12)
FNDA:0,(anonymous_13)
FNDA:0,(anonymous_14)
FNDA:0,(anonymous_15)
FNDA:0,(anonymous_16)
FNDA:0,(anonymous_17)
FNDA:0,validateApiKey
FNDA:0,maskApiKey
FNDA:0,(anonymous_20)
FNDA:0,(anonymous_21)
FNDA:0,redactSensitiveData
DA:2,0
DA:3,0
DA:4,0
DA:5,0
DA:35,0
DA:36,0
DA:37,0
DA:40,0
DA:47,0
DA:48,0
DA:51,0
DA:52,0
DA:54,0
DA:59,0
DA:60,0
DA:73,0
DA:76,0
DA:78,0
DA:79,0
DA:85,0
DA:86,0
DA:89,0
DA:90,0
DA:92,0
DA:97,0
DA:98,0
DA:110,0
DA:114,0
DA:116,0
DA:117,0
DA:118,0
DA:119,0
DA:121,0
DA:126,0
DA:131,0
DA:132,0
DA:133,0
DA:135,0
DA:137,0
DA:138,0
DA:139,0
DA:144,0
DA:153,0
DA:161,0
DA:168,0
DA:169,0
DA:175,0
DA:177,0
DA:181,0
DA:183,0
DA:184,0
DA:188,0
DA:190,0
DA:198,0
DA:199,0
DA:200,0
DA:204,0
DA:211,0
DA:212,0
DA:213,0
DA:214,0
DA:217,0
DA:218,0
DA:219,0
DA:220,0
DA:221,0
DA:222,0
DA:226,0
DA:229,0
DA:233,0
DA:234,0
DA:237,0
DA:242,0
DA:243,0
DA:249,0
DA:259,0
DA:261,0
DA:262,0
DA:269,0
DA:278,0
DA:279,0
DA:281,0
DA:282,0
DA:290,0
DA:295,0
DA:296,0
DA:298,0
DA:299,0
DA:300,0
DA:304,0
DA:305,0
DA:306,0
DA:308,0
DA:311,0
DA:312,0
DA:316,0
DA:319,0
DA:322,0
DA:332,0
DA:333,0
DA:340,0
DA:341,0
DA:342,0
DA:343,0
DA:345,0
DA:358,0
DA:359,0
DA:360,0
DA:361,0
DA:363,0
DA:367,0
DA:373,0
DA:385,0
DA:388,0
DA:390,0
DA:391,0
DA:392,0
DA:393,0
DA:394,0
DA:396,0
DA:400,0
DA:403,0
LF:122
LH:0
BRDA:35,0,0,0
BRDA:36,1,0,0
BRDA:36,1,1,0
BRDA:47,2,0,0
BRDA:47,2,1,0
BRDA:48,3,0,0
BRDA:48,3,1,0
BRDA:51,4,0,0
BRDA:51,4,1,0
BRDA:56,5,0,0
BRDA:56,5,1,0
BRDA:60,6,0,0
BRDA:60,6,1,0
BRDA:85,7,0,0
BRDA:85,7,1,0
BRDA:86,8,0,0
BRDA:86,8,1,0
BRDA:89,9,0,0
BRDA:89,9,1,0
BRDA:94,10,0,0
BRDA:94,10,1,0
BRDA:98,11,0,0
BRDA:98,11,1,0
BRDA:106,12,0,0
BRDA:106,12,1,0
BRDA:117,13,0,0
BRDA:117,13,1,0
BRDA:119,14,0,0
BRDA:119,14,1,0
BRDA:138,15,0,0
BRDA:138,15,1,0
BRDA:145,16,0,0
BRDA:145,16,1,0
BRDA:146,17,0,0
BRDA:146,17,1,0
BRDA:148,18,0,0
BRDA:148,18,1,0
BRDA:149,19,0,0
BRDA:149,19,1,0
BRDA:183,20,0,0
BRDA:183,20,1,0
BRDA:183,21,0,0
BRDA:183,21,1,0
BRDA:183,21,2,0
BRDA:183,21,3,0
BRDA:198,22,0,0
BRDA:198,22,1,0
BRDA:198,23,0,0
BRDA:198,23,1,0
BRDA:198,23,2,0
BRDA:198,23,3,0
BRDA:218,24,0,0
BRDA:218,24,1,0
BRDA:221,25,0,0
BRDA:221,25,1,0
BRDA:237,26,0,0
BRDA:237,26,1,0
BRDA:237,26,2,0
BRDA:242,27,0,0
BRDA:242,27,1,0
BRDA:261,28,0,0
BRDA:261,28,1,0
BRDA:294,29,0,0
BRDA:295,30,0,0
BRDA:295,30,1,0
BRDA:296,31,0,0
BRDA:296,31,1,0
BRDA:311,32,0,0
BRDA:311,32,1,0
BRDA:311,33,0,0
BRDA:311,33,1,0
BRDA:316,34,0,0
BRDA:316,34,1,0
BRDA:327,35,0,0
BRDA:327,35,1,0
BRDA:332,36,0,0
BRDA:332,36,1,0
BRDA:343,37,0,0
BRDA:343,37,1,0
BRDA:353,38,0,0
BRDA:353,38,1,0
BRDA:358,39,0,0
BRDA:358,39,1,0
BRDA:360,40,0,0
BRDA:360,40,1,0
BRDA:385,41,0,0
BRDA:385,41,1,0
BRDA:385,42,0,0
BRDA:385,42,1,0
BRDA:388,43,0,0
BRDA:388,43,1,0
BRDA:391,44,0,0
BRDA:391,44,1,0
BRDA:393,45,0,0
BRDA:393,45,1,0
BRDA:393,46,0,0
BRDA:393,46,1,0
BRF:97
BRH:0
end_of_record
TN:
SF:server\middleware\api-version.ts
FN:19,(anonymous_0)
FN:66,(anonymous_1)
FN:80,(anonymous_2)
FN:106,(anonymous_3)
FNF:4
FNH:0
FNDA:0,(anonymous_0)
FNDA:0,(anonymous_1)
FNDA:0,(anonymous_2)
FNDA:0,(anonymous_3)
DA:4,0
DA:14,0
DA:19,0
DA:21,0
DA:22,0
DA:24,0
DA:27,0
DA:28,0
DA:29,0
DA:33,0
DA:34,0
DA:38,0
DA:39,0
DA:43,0
DA:44,0
DA:45,0
DA:46,0
DA:47,0
DA:51,0
DA:54,0
DA:60,0
DA:66,0
DA:67,0
DA:80,0
DA:82,0
DA:85,0
DA:86,0
DA:96,0
DA:97,0
DA:100,0
DA:106,0
DA:112,0
DA:113,0
DA:114,0
DA:115,0
DA:116,0
LF:36
LH:0
BRDA:21,0,0,0
BRDA:21,0,1,0
BRDA:28,1,0,0
BRDA:28,1,1,0
BRDA:33,2,0,0
BRDA:33,2,1,0
BRDA:33,3,0,0
BRDA:33,3,1,0
BRDA:34,4,0,0
BRDA:34,4,1,0
BRDA:38,5,0,0
BRDA:38,5,1,0
BRDA:43,6,0,0
BRDA:43,6,1,0
BRDA:82,7,0,0
BRDA:82,7,1,0
BRDA:85,8,0,0
BRDA:85,8,1,0
BRDA:88,9,0,0
BRDA:88,9,1,0
BRDA:89,10,0,0
BRDA:89,10,1,0
BRDA:96,11,0,0
BRDA:96,11,1,0
BRDA:96,12,0,0
BRDA:96,12,1,0
BRDA:108,13,0,0
BRDA:109,14,0,0
BRDA:115,15,0,0
BRDA:115,15,1,0
BRF:30
BRH:0
end_of_record
TN:
SF:server\middleware\audit-logger.ts
FN:27,(anonymous_0)
FN:28,(anonymous_1)
FN:33,(anonymous_2)
FN:35,(anonymous_3)
FN:48,logAuditEntry
FN:95,getClientIP
FN:107,generateRequestId
FN:112,getResponseSummary
FN:128,sanitizeRequestParams
FN:202,(anonymous_9)
FNF:10
FNH:0
FNDA:0,(anonymous_0)
FNDA:0,(anonymous_1)
FNDA:0,(anonymous_2)
FNDA:0,(anonymous_3)
FNDA:0,logAuditEntry
FNDA:0,getClientIP
FNDA:0,generateRequestId
FNDA:0,getResponseSummary
FNDA:0,sanitizeRequestParams
FNDA:0,(anonymous_9)
DA:2,0
DA:27,0
DA:28,0
DA:30,0
DA:33,0
DA:35,0
DA:36,0
DA:40,0
DA:43,0
DA:55,0
DA:56,0
DA:57,0
DA:60,0
DA:81,0
DA:85,0
DA:86,0
DA:90,0
DA:96,0
DA:108,0
DA:113,0
DA:115,0
DA:117,0
DA:118,0
DA:119,0
DA:121,0
DA:123,0
DA:129,0
DA:132,0
DA:133,0
DA:134,0
DA:135,0
DA:136,0
DA:137,0
DA:141,0
DA:142,0
DA:145,0
DA:146,0
DA:154,0
DA:155,0
DA:156,0
DA:157,0
DA:160,0
DA:164,0
DA:172,0
DA:178,0
DA:185,0
DA:190,0
DA:196,0
DA:199,0
DA:202,0
DA:203,0
LF:51
LH:0
BRDA:61,0,0,0
BRDA:61,0,1,0
BRDA:63,1,0,0
BRDA:63,1,1,0
BRDA:63,2,0,0
BRDA:63,2,1,0
BRDA:67,3,0,0
BRDA:67,3,1,0
BRDA:69,4,0,0
BRDA:69,4,1,0
BRDA:73,5,0,0
BRDA:73,5,1,0
BRDA:76,6,0,0
BRDA:76,6,1,0
BRDA:85,7,0,0
BRDA:85,7,1,0
BRDA:97,8,0,0
BRDA:97,8,1,0
BRDA:97,8,2,0
BRDA:97,8,3,0
BRDA:97,8,4,0
BRDA:97,8,5,0
BRDA:113,9,0,0
BRDA:113,9,1,0
BRDA:118,10,0,0
BRDA:118,10,1,0
BRDA:132,11,0,0
BRDA:132,11,1,0
BRDA:141,12,0,0
BRDA:141,12,1,0
BRDA:141,13,0,0
BRDA:141,13,1,0
BRDA:145,14,0,0
BRDA:145,14,1,0
BRF:34
BRH:0
end_of_record
TN:
SF:server\middleware\auth.middleware.ts
FN:18,(anonymous_1)
FN:22,(anonymous_2)
FN:36,(anonymous_3)
FN:43,(anonymous_4)
FN:52,(anonymous_5)
FN:58,(anonymous_6)
FN:62,(anonymous_7)
FN:73,(anonymous_8)
FN:100,(anonymous_9)
FN:108,(anonymous_10)
FN:112,(anonymous_11)
FN:115,(anonymous_12)
FN:132,(anonymous_13)
FN:137,(anonymous_14)
FN:141,(anonymous_15)
FN:159,(anonymous_16)
FN:165,(anonymous_17)
FN:187,(anonymous_18)
FN:195,(anonymous_19)
FN:200,(anonymous_20)
FN:205,(anonymous_21)
FN:229,(anonymous_22)
FN:344,(anonymous_23)
FN:345,(anonymous_24)
FN:360,(anonymous_25)
FN:396,(anonymous_26)
FN:400,(anonymous_27)
FN:408,(anonymous_28)
FN:438,(anonymous_29)
FN:439,(anonymous_30)
FN:461,(anonymous_31)
FNF:31
FNH:0
FNDA:0,(anonymous_1)
FNDA:0,(anonymous_2)
FNDA:0,(anonymous_3)
FNDA:0,(anonymous_4)
FNDA:0,(anonymous_5)
FNDA:0,(anonymous_6)
FNDA:0,(anonymous_7)
FNDA:0,(anonymous_8)
FNDA:0,(anonymous_9)
FNDA:0,(anonymous_10)
FNDA:0,(anonymous_11)
FNDA:0,(anonymous_12)
FNDA:0,(anonymous_13)
FNDA:0,(anonymous_14)
FNDA:0,(anonymous_15)
FNDA:0,(anonymous_16)
FNDA:0,(anonymous_17)
FNDA:0,(anonymous_18)
FNDA:0,(anonymous_19)
FNDA:0,(anonymous_20)
FNDA:0,(anonymous_21)
FNDA:0,(anonymous_22)
FNDA:0,(anonymous_23)
FNDA:0,(anonymous_24)
FNDA:0,(anonymous_25)
FNDA:0,(anonymous_26)
FNDA:0,(anonymous_27)
FNDA:0,(anonymous_28)
FNDA:0,(anonymous_29)
FNDA:0,(anonymous_30)
FNDA:0,(anonymous_31)
DA:2,0
DA:3,0
DA:4,0
DA:5,0
DA:7,0
DA:8,0
DA:9,0
DA:15,0
DA:19,0
DA:23,0
DA:24,0
DA:26,0
DA:27,0
DA:28,0
DA:29,0
DA:32,0
DA:33,0
DA:37,0
DA:38,0
DA:39,0
DA:44,0
DA:52,0
DA:53,0
DA:54,0
DA:55,0
DA:58,0
DA:62,0
DA:63,0
DA:65,0
DA:68,0
DA:71,0
DA:73,0
DA:77,0
DA:78,0
DA:80,0
DA:81,0
DA:82,0
DA:85,0
DA:86,0
DA:91,0
DA:94,0
DA:95,0
DA:96,0
DA:97,0
DA:100,0
DA:101,0
DA:104,0
DA:110,0
DA:113,0
DA:116,0
DA:125,0
DA:134,0
DA:135,0
DA:139,0
DA:142,0
DA:152,0
DA:161,0
DA:162,0
DA:163,0
DA:166,0
DA:167,0
DA:176,0
DA:187,0
DA:188,0
DA:189,0
DA:191,0
DA:195,0
DA:196,0
DA:197,0
DA:200,0
DA:201,0
DA:202,0
DA:205,0
DA:206,0
DA:207,0
DA:211,0
DA:229,0
DA:230,0
DA:232,0
DA:233,0
DA:236,0
DA:237,0
DA:238,0
DA:239,0
DA:242,0
DA:243,0
DA:248,0
DA:257,0
DA:259,0
DA:260,0
DA:267,0
DA:268,0
DA:276,0
DA:285,0
DA:286,0
DA:287,0
DA:296,0
DA:297,0
DA:303,0
DA:312,0
DA:321,0
DA:322,0
DA:323,0
DA:324,0
DA:326,0
DA:328,0
DA:329,0
DA:344,0
DA:345,0
DA:346,0
DA:347,0
DA:354,0
DA:356,0
DA:357,0
DA:358,0
DA:360,0
DA:362,0
DA:363,0
DA:370,0
DA:372,0
DA:373,0
DA:383,0
DA:385,0
DA:386,0
DA:389,0
DA:390,0
DA:393,0
DA:396,0
DA:397,0
DA:400,0
DA:401,0
DA:408,0
DA:409,0
DA:410,0
DA:417,0
DA:418,0
DA:425,0
DA:429,0
DA:430,0
DA:431,0
DA:432,0
DA:438,0
DA:439,0
DA:440,0
DA:441,0
DA:442,0
DA:444,0
DA:445,0
DA:452,0
DA:461,0
DA:468,0
DA:476,0
DA:478,0
LF:153
LH:0
BRDA:27,0,0,0
BRDA:27,0,1,0
BRDA:27,1,0,0
BRDA:27,1,1,0
BRDA:38,2,0,0
BRDA:38,2,1,0
BRDA:53,3,0,0
BRDA:53,3,1,0
BRDA:110,4,0,0
BRDA:110,4,1,0
BRDA:113,5,0,0
BRDA:113,5,1,0
BRDA:113,6,0,0
BRDA:113,6,1,0
BRDA:134,7,0,0
BRDA:134,7,1,0
BRDA:135,8,0,0
BRDA:135,8,1,0
BRDA:161,9,0,0
BRDA:161,9,1,0
BRDA:162,10,0,0
BRDA:162,10,1,0
BRDA:163,11,0,0
BRDA:163,11,1,0
BRDA:188,12,0,0
BRDA:188,12,1,0
BRDA:236,13,0,0
BRDA:236,13,1,0
BRDA:236,14,0,0
BRDA:236,14,1,0
BRDA:238,15,0,0
BRDA:238,15,1,0
BRDA:242,16,0,0
BRDA:242,16,1,0
BRDA:259,17,0,0
BRDA:259,17,1,0
BRDA:267,18,0,0
BRDA:267,18,1,0
BRDA:285,19,0,0
BRDA:285,19,1,0
BRDA:296,20,0,0
BRDA:296,20,1,0
BRDA:314,21,0,0
BRDA:314,21,1,0
BRDA:315,22,0,0
BRDA:315,22,1,0
BRDA:317,23,0,0
BRDA:317,23,1,0
BRDA:346,24,0,0
BRDA:346,24,1,0
BRDA:356,25,0,0
BRDA:356,25,1,0
BRDA:357,26,0,0
BRDA:357,26,1,0
BRDA:358,27,0,0
BRDA:358,27,1,0
BRDA:362,28,0,0
BRDA:362,28,1,0
BRDA:385,29,0,0
BRDA:385,29,1,0
BRDA:389,30,0,0
BRDA:389,30,1,0
BRDA:409,31,0,0
BRDA:409,31,1,0
BRDA:417,32,0,0
BRDA:417,32,1,0
BRDA:444,33,0,0
BRDA:444,33,1,0
BRDA:470,34,0,0
BRDA:470,34,1,0
BRDA:476,35,0,0
BRDA:476,35,1,0
BRDA:480,36,0,0
BRDA:480,36,1,0
BRDA:481,37,0,0
BRDA:481,37,1,0
BRF:76
BRH:0
end_of_record
TN:
SF:server\middleware\cors.ts
FN:13,(anonymous_0)
FN:17,(anonymous_1)
FN:23,(anonymous_2)
FNF:3
FNH:0
FNDA:0,(anonymous_0)
FNDA:0,(anonymous_1)
FNDA:0,(anonymous_2)
DA:3,0
DA:13,0
DA:14,0
DA:15,0
DA:17,0
DA:18,0
DA:23,0
DA:24,0
DA:25,0
DA:28,0
DA:29,0
DA:30,0
DA:31,0
DA:35,0
DA:36,0
DA:37,0
DA:38,0
DA:39,0
DA:40,0
DA:43,0
LF:20
LH:0
BRDA:14,0,0,0
BRDA:14,0,1,0
BRDA:18,1,0,0
BRDA:18,1,1,0
BRDA:18,1,2,0
BRDA:28,2,0,0
BRDA:28,2,1,0
BRDA:28,3,0,0
BRDA:28,3,1,0
BRDA:35,4,0,0
BRDA:35,4,1,0
BRF:11
BRH:0
end_of_record
TN:
SF:server\middleware\csrf-protection.ts
FN:12,(anonymous_0)
FN:52,(anonymous_1)
FN:73,(anonymous_2)
FN:89,(anonymous_3)
FNF:4
FNH:0
FNDA:0,(anonymous_0)
FNDA:0,(anonymous_1)
FNDA:0,(anonymous_2)
FNDA:0,(anonymous_3)
DA:2,0
DA:3,0
DA:4,0
DA:6,0
DA:12,0
DA:14,0
DA:15,0
DA:19,0
DA:20,0
DA:24,0
DA:26,0
DA:29,0
DA:30,0
DA:39,0
DA:46,0
DA:52,0
DA:53,0
DA:54,0
DA:58,0
DA:59,0
DA:60,0
DA:63,0
DA:73,0
DA:74,0
DA:78,0
DA:82,0
DA:83,0
DA:89,0
DA:91,0
DA:92,0
DA:96,0
DA:97,0
DA:101,0
DA:105,0
DA:106,0
DA:108,0
DA:109,0
DA:117,0
DA:124,0
DA:135,0
DA:141,0
LF:41
LH:0
BRDA:14,0,0,0
BRDA:14,0,1,0
BRDA:19,1,0,0
BRDA:19,1,1,0
BRDA:24,2,0,0
BRDA:24,2,1,0
BRDA:26,3,0,0
BRDA:26,3,1,0
BRDA:29,4,0,0
BRDA:29,4,1,0
BRDA:29,5,0,0
BRDA:29,5,1,0
BRDA:29,5,2,0
BRDA:53,6,0,0
BRDA:53,6,1,0
BRDA:58,7,0,0
BRDA:58,7,1,0
BRDA:59,8,0,0
BRDA:59,8,1,0
BRDA:68,9,0,0
BRDA:68,9,1,0
BRDA:74,10,0,0
BRDA:74,10,1,0
BRDA:91,11,0,0
BRDA:91,11,1,0
BRDA:96,12,0,0
BRDA:96,12,1,0
BRDA:101,13,0,0
BRDA:101,13,1,0
BRDA:105,14,0,0
BRDA:105,14,1,0
BRDA:106,15,0,0
BRDA:106,15,1,0
BRDA:106,15,2,0
BRDA:108,16,0,0
BRDA:108,16,1,0
BRF:36
BRH:0
end_of_record
TN:
SF:server\middleware\error-handler.ts
FN:12,(anonymous_0)
FN:26,(anonymous_1)
FN:32,(anonymous_2)
FN:38,(anonymous_3)
FN:44,(anonymous_4)
FN:50,(anonymous_5)
FN:57,(anonymous_6)
FN:63,(anonymous_7)
FN:69,(anonymous_8)
FN:74,errorHandler
FN:221,notFoundHandler
FN:238,(anonymous_11)
FN:239,(anonymous_12)
FN:248,(anonymous_13)
FN:257,(anonymous_14)
FN:266,(anonymous_15)
FN:271,(anonymous_16)
FN:291,(anonymous_17)
FN:303,(anonymous_18)
FN:304,(anonymous_19)
FN:307,(anonymous_20)
FN:314,(anonymous_21)
FN:325,(anonymous_22)
FN:340,(anonymous_23)
FNF:24
FNH:0
FNDA:0,(anonymous_0)
FNDA:0,(anonymous_1)
FNDA:0,(anonymous_2)
FNDA:0,(anonymous_3)
FNDA:0,(anonymous_4)
FNDA:0,(anonymous_5)
FNDA:0,(anonymous_6)
FNDA:0,(anonymous_7)
FNDA:0,(anonymous_8)
FNDA:0,errorHandler
FNDA:0,notFoundHandler
FNDA:0,(anonymous_11)
FNDA:0,(anonymous_12)
FNDA:0,(anonymous_13)
FNDA:0,(anonymous_14)
FNDA:0,(anonymous_15)
FNDA:0,(anonymous_16)
FNDA:0,(anonymous_17)
FNDA:0,(anonymous_18)
FNDA:0,(anonymous_19)
FNDA:0,(anonymous_20)
FNDA:0,(anonymous_21)
FNDA:0,(anonymous_22)
FNDA:0,(anonymous_23)
DA:3,0
DA:4,0
DA:11,0
DA:13,0
DA:15,0
DA:17,0
DA:19,0
DA:20,0
DA:24,0
DA:27,0
DA:31,0
DA:33,0
DA:37,0
DA:39,0
DA:43,0
DA:45,0
DA:49,0
DA:51,0
DA:55,0
DA:58,0
DA:62,0
DA:64,0
DA:68,0
DA:70,0
DA:74,0
DA:82,0
DA:83,0
DA:85,0
DA:98,0
DA:99,0
DA:101,0
DA:107,0
DA:111,0
DA:112,0
DA:113,0
DA:122,0
DA:128,0
DA:132,0
DA:133,0
DA:134,0
DA:143,0
DA:149,0
DA:153,0
DA:154,0
DA:155,0
DA:164,0
DA:171,0
DA:175,0
DA:176,0
DA:177,0
DA:186,0
DA:193,0
DA:197,0
DA:198,0
DA:207,0
DA:218,0
DA:221,0
DA:222,0
DA:223,0
DA:233,0
DA:235,0
DA:238,0
DA:239,0
DA:240,0
DA:248,0
DA:249,0
DA:250,0
DA:251,0
DA:257,0
DA:264,0
DA:266,0
DA:267,0
DA:269,0
DA:271,0
DA:272,0
DA:273,0
DA:274,0
DA:278,0
DA:279,0
DA:280,0
DA:282,0
DA:286,0
DA:287,0
DA:291,0
DA:292,0
DA:293,0
DA:297,0
DA:298,0
DA:303,0
DA:304,0
DA:307,0
DA:308,0
DA:309,0
DA:314,0
DA:315,0
DA:325,0
DA:326,0
DA:333,0
DA:335,0
DA:340,0
DA:341,0
DA:347,0
DA:349,0
LF:103
LH:0
BRDA:15,0,0,0
BRDA:26,1,0,0
BRDA:32,2,0,0
BRDA:38,3,0,0
BRDA:44,4,0,0
BRDA:50,5,0,0
BRDA:57,6,0,0
BRDA:57,7,0,0
BRDA:63,8,0,0
BRDA:69,9,0,0
BRDA:82,10,0,0
BRDA:82,10,1,0
BRDA:89,11,0,0
BRDA:89,11,1,0
BRDA:90,12,0,0
BRDA:90,12,1,0
BRDA:98,13,0,0
BRDA:98,13,1,0
BRDA:111,14,0,0
BRDA:111,14,1,0
BRDA:111,15,0,0
BRDA:111,15,1,0
BRDA:117,16,0,0
BRDA:117,16,1,0
BRDA:132,17,0,0
BRDA:132,17,1,0
BRDA:132,18,0,0
BRDA:132,18,1,0
BRDA:138,19,0,0
BRDA:138,19,1,0
BRDA:153,20,0,0
BRDA:153,20,1,0
BRDA:159,21,0,0
BRDA:159,21,1,0
BRDA:175,22,0,0
BRDA:175,22,1,0
BRDA:175,23,0,0
BRDA:175,23,1,0
BRDA:181,24,0,0
BRDA:181,24,1,0
BRDA:202,25,0,0
BRDA:202,25,1,0
BRDA:259,26,0,0
BRDA:264,27,0,0
BRDA:272,28,0,0
BRDA:272,28,1,0
BRDA:278,29,0,0
BRDA:278,29,1,0
BRDA:317,30,0,0
BRDA:317,30,1,0
BRDA:328,31,0,0
BRDA:328,31,1,0
BRDA:333,32,0,0
BRDA:333,32,1,0
BRDA:347,33,0,0
BRDA:347,33,1,0
BRF:56
BRH:0
end_of_record
TN:
SF:server\middleware\errorHandler.ts
FN:9,(anonymous_0)
FN:11,(anonymous_1)
FN:12,(anonymous_2)
FN:19,(anonymous_3)
FN:66,(anonymous_4)
FN:200,(anonymous_5)
FN:204,(anonymous_6)
FN:205,(anonymous_7)
FN:226,(anonymous_8)
FNF:9
FNH:0
FNDA:0,(anonymous_0)
FNDA:0,(anonymous_1)
FNDA:0,(anonymous_2)
FNDA:0,(anonymous_3)
FNDA:0,(anonymous_4)
FNDA:0,(anonymous_5)
FNDA:0,(anonymous_6)
FNDA:0,(anonymous_7)
FNDA:0,(anonymous_8)
DA:2,0
DA:3,0
DA:4,0
DA:9,0
DA:11,0
DA:12,0
DA:14,0
DA:15,0
DA:16,0
DA:19,0
DA:22,0
DA:27,0
DA:28,0
DA:32,0
DA:34,0
DA:37,0
DA:40,0
DA:66,0
DA:74,0
DA:94,0
DA:95,0
DA:105,0
DA:106,0
DA:117,0
DA:118,0
DA:121,0
DA:127,0
DA:139,0
DA:140,0
DA:151,0
DA:152,0
DA:154,0
DA:166,0
DA:167,0
DA:180,0
DA:181,0
DA:194,0
DA:200,0
DA:204,0
DA:205,0
DA:207,0
DA:218,0
DA:226,0
DA:227,0
DA:233,0
LF:45
LH:0
BRDA:15,0,0,0
BRDA:15,0,1,0
BRDA:27,1,0,0
BRDA:27,1,1,0
BRDA:27,2,0,0
BRDA:27,2,1,0
BRDA:32,3,0,0
BRDA:32,3,1,0
BRDA:32,4,0,0
BRDA:32,4,1,0
BRDA:94,5,0,0
BRDA:94,5,1,0
BRDA:105,6,0,0
BRDA:105,6,1,0
BRDA:117,7,0,0
BRDA:117,7,1,0
BRDA:117,8,0,0
BRDA:117,8,1,0
BRDA:118,9,0,0
BRDA:118,9,1,0
BRDA:121,10,0,0
BRDA:121,10,1,0
BRDA:123,11,0,0
BRDA:123,11,1,0
BRDA:139,12,0,0
BRDA:139,12,1,0
BRDA:144,13,0,0
BRDA:144,13,1,0
BRDA:151,14,0,0
BRDA:151,14,1,0
BRDA:152,15,0,0
BRDA:152,15,1,0
BRDA:152,16,0,0
BRDA:152,16,1,0
BRDA:166,17,0,0
BRDA:166,17,1,0
BRDA:173,18,0,0
BRDA:173,18,1,0
BRDA:180,19,0,0
BRDA:180,19,1,0
BRDA:180,20,0,0
BRDA:180,20,1,0
BRDA:180,20,2,0
BRDA:184,21,0,0
BRDA:184,21,1,0
BRDA:185,22,0,0
BRDA:185,22,1,0
BRDA:187,23,0,0
BRDA:187,23,1,0
BRDA:215,24,0,0
BRDA:215,24,1,0
BRF:51
BRH:0
end_of_record
TN:
SF:server\middleware\metrics.ts
FN:11,(anonymous_0)
FN:21,(anonymous_1)
FN:60,(anonymous_2)
FN:83,(anonymous_3)
FN:84,(anonymous_4)
FN:120,(anonymous_5)
FNF:6
FNH:0
FNDA:0,(anonymous_0)
FNDA:0,(anonymous_1)
FNDA:0,(anonymous_2)
FNDA:0,(anonymous_3)
FNDA:0,(anonymous_4)
FNDA:0,(anonymous_5)
DA:2,0
DA:3,0
DA:11,0
DA:12,0
DA:13,0
DA:16,0
DA:17,0
DA:21,0
DA:22,0
DA:23,0
DA:24,0
DA:26,0
DA:27,0
DA:30,0
DA:35,0
DA:40,0
DA:41,0
DA:50,0
DA:59,0
DA:60,0
DA:61,0
DA:62,0
DA:66,0
DA:74,0
DA:77,0
DA:83,0
DA:84,0
DA:85,0
DA:86,0
DA:88,0
DA:89,0
DA:91,0
DA:92,0
DA:94,0
DA:99,0
DA:100,0
DA:102,0
DA:106,0
DA:112,0
DA:120,0
DA:121,0
DA:124,0
DA:133,0
DA:140,0
LF:44
LH:0
BRDA:16,0,0,0
BRDA:16,0,1,0
BRDA:27,1,0,0
BRDA:27,1,1,0
BRDA:40,2,0,0
BRDA:40,2,1,0
BRDA:51,3,0,0
BRDA:51,3,1,0
BRDA:52,4,0,0
BRDA:52,4,1,0
BRDA:61,5,0,0
BRDA:61,5,1,0
BRDA:71,6,0,0
BRDA:71,6,1,0
BRDA:142,7,0,0
BRDA:142,7,1,0
BRDA:143,8,0,0
BRDA:143,8,1,0
BRF:18
BRH:0
end_of_record
TN:
SF:server\middleware\rateLimiter.ts
FN:45,(anonymous_0)
FN:82,(anonymous_1)
FN:95,(anonymous_2)
FN:96,(anonymous_3)
FN:170,(anonymous_4)
FN:198,(anonymous_5)
FN:210,(anonymous_6)
FNF:7
FNH:0
FNDA:0,(anonymous_0)
FNDA:0,(anonymous_1)
FNDA:0,(anonymous_2)
FNDA:0,(anonymous_3)
FNDA:0,(anonymous_4)
FNDA:0,(anonymous_5)
FNDA:0,(anonymous_6)
DA:2,0
DA:3,0
DA:4,0
DA:10,0
DA:45,0
DA:46,0
DA:47,0
DA:48,0
DA:54,0
DA:74,0
DA:82,0
DA:84,0
DA:85,0
DA:86,0
DA:90,0
DA:95,0
DA:96,0
DA:97,0
DA:98,0
DA:101,0
DA:107,0
DA:109,0
DA:116,0
DA:122,0
DA:128,0
DA:135,0
DA:137,0
DA:138,0
DA:140,0
DA:142,0
DA:151,0
DA:165,0
DA:166,0
DA:167,0
DA:170,0
DA:172,0
DA:173,0
DA:177,0
DA:182,0
DA:186,0
DA:187,0
DA:191,0
DA:195,0
DA:198,0
DA:199,0
DA:200,0
DA:201,0
DA:202,0
DA:204,0
DA:205,0
DA:210,0
DA:211,0
DA:212,0
DA:213,0
DA:214,0
DA:216,0
DA:217,0
LF:57
LH:0
BRDA:47,0,0,0
BRDA:47,0,1,0
BRDA:85,1,0,0
BRDA:85,1,1,0
BRDA:90,2,0,0
BRDA:90,2,1,0
BRDA:91,3,0,0
BRDA:91,3,1,0
BRDA:95,4,0,0
BRDA:98,5,0,0
BRDA:98,5,1,0
BRDA:144,6,0,0
BRDA:144,6,1,0
BRDA:172,7,0,0
BRDA:172,7,1,0
BRDA:177,8,0,0
BRDA:177,8,1,0
BRDA:178,9,0,0
BRDA:178,9,1,0
BRDA:178,9,2,0
BRDA:186,10,0,0
BRDA:186,10,1,0
BRDA:202,11,0,0
BRDA:202,11,1,0
BRF:24
BRH:0
end_of_record
TN:
SF:server\middleware\security-headers.ts
FN:32,(anonymous_1)
FN:33,(anonymous_2)
FN:75,(anonymous_3)
FN:80,(anonymous_4)
FN:85,(anonymous_5)
FN:99,(anonymous_6)
FN:122,(anonymous_7)
FN:138,(anonymous_8)
FN:139,(anonymous_9)
FN:220,(anonymous_10)
FN:225,(anonymous_11)
FN:230,(anonymous_12)
FN:240,(anonymous_13)
FN:246,(anonymous_14)
FN:251,(anonymous_15)
FN:260,(anonymous_16)
FN:265,(anonymous_17)
FN:275,(anonymous_18)
FN:294,(anonymous_19)
FN:305,(anonymous_20)
FN:337,(anonymous_21)
FNF:21
FNH:0
FNDA:0,(anonymous_1)
FNDA:0,(anonymous_2)
FNDA:0,(anonymous_3)
FNDA:0,(anonymous_4)
FNDA:0,(anonymous_5)
FNDA:0,(anonymous_6)
FNDA:0,(anonymous_7)
FNDA:0,(anonymous_8)
FNDA:0,(anonymous_9)
FNDA:0,(anonymous_10)
FNDA:0,(anonymous_11)
FNDA:0,(anonymous_12)
FNDA:0,(anonymous_13)
FNDA:0,(anonymous_14)
FNDA:0,(anonymous_15)
FNDA:0,(anonymous_16)
FNDA:0,(anonymous_17)
FNDA:0,(anonymous_18)
FNDA:0,(anonymous_19)
FNDA:0,(anonymous_20)
FNDA:0,(anonymous_21)
DA:2,0
DA:27,0
DA:32,0
DA:33,0
DA:73,0
DA:76,0
DA:81,0
DA:86,0
DA:87,0
DA:90,0
DA:91,0
DA:93,0
DA:94,0
DA:95,0
DA:96,0
DA:99,0
DA:100,0
DA:103,0
DA:106,0
DA:107,0
DA:110,0
DA:114,0
DA:115,0
DA:118,0
DA:123,0
DA:125,0
DA:126,0
DA:127,0
DA:128,0
DA:130,0
DA:134,0
DA:139,0
DA:141,0
DA:142,0
DA:143,0
DA:146,0
DA:147,0
DA:150,0
DA:151,0
DA:152,0
DA:153,0
DA:158,0
DA:159,0
DA:160,0
DA:161,0
DA:163,0
DA:164,0
DA:166,0
DA:170,0
DA:171,0
DA:175,0
DA:176,0
DA:180,0
DA:181,0
DA:185,0
DA:186,0
DA:187,0
DA:191,0
DA:192,0
DA:196,0
DA:197,0
DA:201,0
DA:202,0
DA:206,0
DA:207,0
DA:208,0
DA:209,0
DA:212,0
DA:213,0
DA:215,0
DA:221,0
DA:226,0
DA:231,0
DA:236,0
DA:237,0
DA:238,0
DA:241,0
DA:242,0
DA:246,0
DA:247,0
DA:252,0
DA:253,0
DA:254,0
DA:255,0
DA:261,0
DA:266,0
DA:267,0
DA:271,0
DA:276,0
DA:278,0
DA:279,0
DA:282,0
DA:283,0
DA:284,0
DA:287,0
DA:303,0
DA:305,0
DA:307,0
DA:308,0
DA:311,0
DA:314,0
DA:316,0
DA:317,0
DA:324,0
DA:325,0
DA:332,0
DA:338,0
DA:340,0
DA:341,0
DA:344,0
DA:349,0
DA:350,0
DA:353,0
DA:354,0
DA:357,0
DA:359,0
LF:116
LH:0
BRDA:75,0,0,0
BRDA:86,1,0,0
BRDA:86,1,1,0
BRDA:86,2,0,0
BRDA:86,2,1,0
BRDA:94,3,0,0
BRDA:94,3,1,0
BRDA:100,4,0,0
BRDA:100,4,1,0
BRDA:106,5,0,0
BRDA:106,5,1,0
BRDA:106,6,0,0
BRDA:106,6,1,0
BRDA:106,6,2,0
BRDA:114,7,0,0
BRDA:114,7,1,0
BRDA:123,8,0,0
BRDA:123,8,1,0
BRDA:127,9,0,0
BRDA:127,9,1,0
BRDA:142,10,0,0
BRDA:142,10,1,0
BRDA:142,10,2,0
BRDA:150,11,0,0
BRDA:150,11,1,0
BRDA:152,12,0,0
BRDA:152,12,1,0
BRDA:158,13,0,0
BRDA:158,13,1,0
BRDA:158,14,0,0
BRDA:158,14,1,0
BRDA:159,15,0,0
BRDA:159,15,1,0
BRDA:160,16,0,0
BRDA:160,16,1,0
BRDA:163,17,0,0
BRDA:163,17,1,0
BRDA:170,18,0,0
BRDA:170,18,1,0
BRDA:175,19,0,0
BRDA:175,19,1,0
BRDA:180,20,0,0
BRDA:180,20,1,0
BRDA:186,21,0,0
BRDA:186,21,1,0
BRDA:191,22,0,0
BRDA:191,22,1,0
BRDA:196,23,0,0
BRDA:196,23,1,0
BRDA:201,24,0,0
BRDA:201,24,1,0
BRDA:241,25,0,0
BRDA:241,25,1,0
BRDA:254,26,0,0
BRDA:254,26,1,0
BRDA:278,27,0,0
BRDA:278,27,1,0
BRDA:282,28,0,0
BRDA:282,28,1,0
BRDA:294,29,0,0
BRDA:300,30,0,0
BRDA:301,31,0,0
BRDA:302,32,0,0
BRDA:307,33,0,0
BRDA:307,33,1,0
BRDA:311,34,0,0
BRDA:311,34,1,0
BRDA:311,34,2,0
BRDA:314,35,0,0
BRDA:314,35,1,0
BRDA:316,36,0,0
BRDA:316,36,1,0
BRDA:324,37,0,0
BRDA:324,37,1,0
BRDA:340,38,0,0
BRDA:340,38,1,0
BRDA:340,39,0,0
BRDA:340,39,1,0
BRF:78
BRH:0
end_of_record
TN:
SF:server\middleware\security.ts
FN:15,(anonymous_10)
FN:17,(anonymous_11)
FN:24,(anonymous_12)
FN:25,(anonymous_13)
FN:39,(anonymous_14)
FN:58,(anonymous_15)
FN:74,(anonymous_16)
FN:87,(anonymous_17)
FN:166,(anonymous_18)
FN:167,(anonymous_19)
FN:230,(anonymous_20)
FN:251,(anonymous_21)
FN:269,(anonymous_22)
FN:278,(anonymous_23)
FN:301,(anonymous_24)
FN:313,(anonymous_25)
FN:339,(anonymous_26)
FN:348,(anonymous_27)
FNF:18
FNH:0
FNDA:0,(anonymous_10)
FNDA:0,(anonymous_11)
FNDA:0,(anonymous_12)
FNDA:0,(anonymous_13)
FNDA:0,(anonymous_14)
FNDA:0,(anonymous_15)
FNDA:0,(anonymous_16)
FNDA:0,(anonymous_17)
FNDA:0,(anonymous_18)
FNDA:0,(anonymous_19)
FNDA:0,(anonymous_20)
FNDA:0,(anonymous_21)
FNDA:0,(anonymous_22)
FNDA:0,(anonymous_23)
FNDA:0,(anonymous_24)
FNDA:0,(anonymous_25)
FNDA:0,(anonymous_26)
FNDA:0,(anonymous_27)
DA:2,0
DA:3,0
DA:4,0
DA:6,0
DA:7,0
DA:8,0
DA:9,0
DA:10,0
DA:11,0
DA:12,0
DA:15,0
DA:17,0
DA:18,0
DA:19,0
DA:20,0
DA:23,0
DA:24,0
DA:25,0
DA:28,0
DA:29,0
DA:30,0
DA:32,0
DA:34,0
DA:35,0
DA:39,0
DA:41,0
DA:42,0
DA:45,0
DA:49,0
DA:50,0
DA:51,0
DA:58,0
DA:60,0
DA:61,0
DA:62,0
DA:69,0
DA:74,0
DA:85,0
DA:87,0
DA:88,0
DA:89,0
DA:90,0
DA:93,0
DA:94,0
DA:102,0
DA:103,0
DA:104,0
DA:112,0
DA:113,0
DA:114,0
DA:118,0
DA:128,0
DA:133,0
DA:137,0
DA:144,0
DA:151,0
DA:153,0
DA:154,0
DA:166,0
DA:167,0
DA:168,0
DA:169,0
DA:171,0
DA:172,0
DA:179,0
DA:181,0
DA:182,0
DA:190,0
DA:191,0
DA:199,0
DA:205,0
DA:207,0
DA:209,0
DA:210,0
DA:230,0
DA:246,0
DA:252,0
DA:269,0
DA:278,0
DA:302,0
DA:315,0
DA:316,0
DA:319,0
DA:320,0
DA:321,0
DA:322,0
DA:323,0
DA:325,0
DA:339,0
DA:345,0
DA:349,0
DA:350,0
DA:357,0
DA:361,0
LF:94
LH:0
BRDA:15,0,0,0
BRDA:19,1,0,0
BRDA:19,1,1,0
BRDA:41,2,0,0
BRDA:41,2,1,0
BRDA:45,3,0,0
BRDA:45,3,1,0
BRDA:45,3,2,0
BRDA:49,4,0,0
BRDA:49,4,1,0
BRDA:60,5,0,0
BRDA:60,5,1,0
BRDA:82,6,0,0
BRDA:83,7,0,0
BRDA:84,8,0,0
BRDA:93,9,0,0
BRDA:93,9,1,0
BRDA:93,10,0,0
BRDA:93,10,1,0
BRDA:103,11,0,0
BRDA:103,11,1,0
BRDA:113,12,0,0
BRDA:113,12,1,0
BRDA:114,13,0,0
BRDA:114,13,1,0
BRDA:114,14,0,0
BRDA:114,14,1,0
BRDA:133,15,0,0
BRDA:133,15,1,0
BRDA:166,16,0,0
BRDA:169,17,0,0
BRDA:169,17,1,0
BRDA:171,18,0,0
BRDA:171,18,1,0
BRDA:181,19,0,0
BRDA:181,19,1,0
BRDA:190,20,0,0
BRDA:190,20,1,0
BRDA:190,21,0,0
BRDA:190,21,1,0
BRDA:201,22,0,0
BRDA:201,22,1,0
BRDA:202,23,0,0
BRDA:202,23,1,0
BRDA:230,24,0,0
BRDA:231,25,0,0
BRDA:232,26,0,0
BRDA:234,27,0,0
BRDA:235,28,0,0
BRDA:243,29,0,0
BRDA:265,30,0,0
BRDA:265,30,1,0
BRDA:274,31,0,0
BRDA:274,31,1,0
BRDA:315,32,0,0
BRDA:315,32,1,0
BRDA:349,33,0,0
BRDA:349,33,1,0
BRDA:349,34,0,0
BRDA:349,34,1,0
BRF:60
BRH:0
end_of_record
TN:
SF:server\middleware\tracing.ts
FN:16,tracingMiddleware
FN:17,(anonymous_1)
FN:51,(anonymous_2)
FN:66,traceContext
FNF:4
FNH:0
FNDA:0,tracingMiddleware
FNDA:0,(anonymous_1)
FNDA:0,(anonymous_2)
FNDA:0,traceContext
DA:1,0
DA:3,0
DA:16,0
DA:17,0
DA:19,0
DA:20,0
DA:21,0
DA:22,0
DA:25,0
DA:26,0
DA:27,0
DA:28,0
DA:29,0
DA:33,0
DA:34,0
DA:35,0
DA:38,0
DA:50,0
DA:51,0
DA:52,0
DA:53,0
DA:62,0
DA:66,0
DA:67,0
LF:24
LH:0
BRDA:19,0,0,0
BRDA:19,0,1,0
BRDA:22,1,0,0
BRDA:22,1,1,0
BRDA:28,2,0,0
BRDA:28,2,1,0
BRF:6
BRH:0
end_of_record
TN:
SF:server\middleware\validate-request.ts
FN:22,(anonymous_0)
FN:23,(anonymous_1)
FN:36,(anonymous_2)
FN:67,(anonymous_3)
FN:68,(anonymous_4)
FN:70,(anonymous_5)
FN:80,(anonymous_6)
FN:110,(anonymous_7)
FNF:8
FNH:0
FNDA:0,(anonymous_0)
FNDA:0,(anonymous_1)
FNDA:0,(anonymous_2)
FNDA:0,(anonymous_3)
FNDA:0,(anonymous_4)
FNDA:0,(anonymous_5)
FNDA:0,(anonymous_6)
FNDA:0,(anonymous_7)
DA:2,0
DA:4,0
DA:22,0
DA:23,0
DA:24,0
DA:26,0
DA:33,0
DA:35,0
DA:36,0
DA:43,0
DA:45,0
DA:52,0
DA:53,0
DA:55,0
DA:56,0
DA:67,0
DA:68,0
DA:69,0
DA:70,0
DA:72,0
DA:73,0
DA:74,0
DA:77,0
DA:78,0
DA:80,0
DA:81,0
DA:82,0
DA:90,0
DA:95,0
DA:96,0
DA:110,0
DA:115,0
DA:118,0
DA:121,0
DA:122,0
DA:125,0
DA:137,0
LF:37
LH:0
BRDA:35,0,0,0
BRDA:35,0,1,0
BRDA:73,1,0,0
BRDA:73,1,1,0
BRDA:81,2,0,0
BRDA:81,2,1,0
BRDA:121,3,0,0
BRDA:121,3,1,0
BRF:8
BRH:0
end_of_record
TN:
SF:server\monitoring\metrics.ts
FN:93,(anonymous_1)
FN:129,(anonymous_2)
FNF:2
FNH:0
FNDA:0,(anonymous_1)
FNDA:0,(anonymous_2)
DA:1,0
DA:2,0
DA:5,0
DA:8,0
DA:15,0
DA:23,0
DA:30,0
DA:38,0
DA:46,0
DA:54,0
DA:61,0
DA:68,0
DA:77,0
DA:85,0
DA:93,0
DA:94,0
DA:95,0
DA:96,0
DA:97,0
DA:98,0
DA:102,0
DA:122,0
DA:129,0
DA:130,0
DA:136,0
DA:143,0
LF:26
LH:0
BRDA:98,0,0,0
BRDA:98,0,1,0
BRF:2
BRH:0
end_of_record
TN:
SF:server\routes\analysis.routes.ts
FN:102,(anonymous_1)
FN:121,(anonymous_2)
FN:151,(anonymous_3)
FN:165,(anonymous_4)
FN:198,formatBytes
FN:208,(anonymous_6)
FN:351,(anonymous_7)
FN:443,(anonymous_8)
FN:535,(anonymous_9)
FN:543,(anonymous_10)
FN:576,(anonymous_11)
FN:607,(anonymous_12)
FN:703,(anonymous_13)
FN:727,(anonymous_14)
FN:736,(anonymous_15)
FN:801,(anonymous_16)
FNF:16
FNH:0
FNDA:0,(anonymous_1)
FNDA:0,(anonymous_2)
FNDA:0,(anonymous_3)
FNDA:0,(anonymous_4)
FNDA:0,formatBytes
FNDA:0,(anonymous_6)
FNDA:0,(anonymous_7)
FNDA:0,(anonymous_8)
FNDA:0,(anonymous_9)
FNDA:0,(anonymous_10)
FNDA:0,(anonymous_11)
FNDA:0,(anonymous_12)
FNDA:0,(anonymous_13)
FNDA:0,(anonymous_14)
FNDA:0,(anonymous_15)
FNDA:0,(anonymous_16)
DA:1,0
DA:2,0
DA:4,0
DA:5,0
DA:6,0
DA:7,0
DA:8,0
DA:9,0
DA:24,0
DA:27,0
DA:30,0
DA:31,0
DA:102,0
DA:103,0
DA:105,0
DA:106,0
DA:107,0
DA:110,0
DA:113,0
DA:122,0
DA:124,0
DA:125,0
DA:127,0
DA:128,0
DA:132,0
DA:133,0
DA:134,0
DA:138,0
DA:139,0
DA:140,0
DA:144,0
DA:145,0
DA:149,0
DA:151,0
DA:152,0
DA:153,0
DA:155,0
DA:156,0
DA:157,0
DA:158,0
DA:161,0
DA:165,0
DA:167,0
DA:168,0
DA:169,0
DA:174,0
DA:175,0
DA:179,0
DA:180,0
DA:183,0
DA:185,0
DA:186,0
DA:192,0
DA:199,0
DA:200,0
DA:201,0
DA:202,0
DA:203,0
DA:204,0
DA:208,0
DA:210,0
DA:219,0
DA:227,0
DA:228,0
DA:229,0
DA:231,0
DA:232,0
DA:234,0
DA:235,0
DA:236,0
DA:237,0
DA:239,0
DA:240,0
DA:241,0
DA:242,0
DA:245,0
DA:246,0
DA:247,0
DA:248,0
DA:250,0
DA:251,0
DA:252,0
DA:253,0
DA:255,0
DA:256,0
DA:257,0
DA:262,0
DA:263,0
DA:264,0
DA:269,0
DA:274,0
DA:286,0
DA:348,0
DA:352,0
DA:354,0
DA:355,0
DA:356,0
DA:359,0
DA:360,0
DA:361,0
DA:365,0
DA:378,0
DA:381,0
DA:387,0
DA:388,0
DA:390,0
DA:400,0
DA:401,0
DA:402,0
DA:413,0
DA:423,0
DA:428,0
DA:434,0
DA:440,0
DA:444,0
DA:446,0
DA:447,0
DA:448,0
DA:451,0
DA:452,0
DA:453,0
DA:457,0
DA:470,0
DA:473,0
DA:479,0
DA:480,0
DA:482,0
DA:492,0
DA:493,0
DA:494,0
DA:505,0
DA:515,0
DA:520,0
DA:526,0
DA:532,0
DA:536,0
DA:537,0
DA:538,0
DA:542,0
DA:544,0
DA:545,0
DA:550,0
DA:556,0
DA:565,0
DA:570,0
DA:576,0
DA:577,0
DA:578,0
DA:580,0
DA:593,0
DA:598,0
DA:603,0
DA:608,0
DA:610,0
DA:611,0
DA:612,0
DA:618,0
DA:619,0
DA:620,0
DA:627,0
DA:637,0
DA:640,0
DA:646,0
DA:647,0
DA:649,0
DA:659,0
DA:660,0
DA:661,0
DA:672,0
DA:682,0
DA:687,0
DA:693,0
DA:699,0
DA:704,0
DA:706,0
DA:707,0
DA:708,0
DA:714,0
DA:715,0
DA:716,0
DA:723,0
DA:727,0
DA:733,0
DA:736,0
DA:737,0
DA:744,0
DA:746,0
DA:756,0
DA:757,0
DA:758,0
DA:769,0
DA:779,0
DA:780,0
DA:785,0
DA:791,0
DA:797,0
DA:802,0
DA:804,0
DA:805,0
DA:806,0
DA:812,0
DA:813,0
DA:814,0
DA:821,0
DA:830,0
DA:842,0
DA:843,0
DA:854,0
DA:864,0
DA:869,0
DA:875,0
DA:880,0
LF:212
LH:0
BRDA:103,0,0,0
BRDA:103,0,1,0
BRDA:106,1,0,0
BRDA:106,1,1,0
BRDA:127,2,0,0
BRDA:127,2,1,0
BRDA:133,3,0,0
BRDA:133,3,1,0
BRDA:139,4,0,0
BRDA:139,4,1,0
BRDA:144,5,0,0
BRDA:144,5,1,0
BRDA:144,6,0,0
BRDA:144,6,1,0
BRDA:155,7,0,0
BRDA:155,7,1,0
BRDA:157,8,0,0
BRDA:157,8,1,0
BRDA:168,9,0,0
BRDA:168,9,1,0
BRDA:168,10,0,0
BRDA:168,10,1,0
BRDA:174,11,0,0
BRDA:174,11,1,0
BRDA:179,12,0,0
BRDA:179,12,1,0
BRDA:185,13,0,0
BRDA:185,13,1,0
BRDA:198,14,0,0
BRDA:199,15,0,0
BRDA:199,15,1,0
BRDA:201,16,0,0
BRDA:201,16,1,0
BRDA:208,17,0,0
BRDA:210,18,0,0
BRDA:210,18,1,0
BRDA:214,19,0,0
BRDA:214,19,1,0
BRDA:219,20,0,0
BRDA:219,20,1,0
BRDA:219,21,0,0
BRDA:219,21,1,0
BRDA:219,21,2,0
BRDA:231,22,0,0
BRDA:231,22,1,0
BRDA:232,23,0,0
BRDA:232,23,1,0
BRDA:232,23,2,0
BRDA:232,23,3,0
BRDA:232,23,4,0
BRDA:232,23,5,0
BRDA:262,24,0,0
BRDA:262,24,1,0
BRDA:266,25,0,0
BRDA:266,25,1,0
BRDA:282,26,0,0
BRDA:282,26,1,0
BRDA:290,27,0,0
BRDA:290,27,1,0
BRDA:292,28,0,0
BRDA:292,28,1,0
BRDA:298,29,0,0
BRDA:298,29,1,0
BRDA:355,30,0,0
BRDA:355,30,1,0
BRDA:360,31,0,0
BRDA:360,31,1,0
BRDA:400,32,0,0
BRDA:400,32,1,0
BRDA:400,33,0,0
BRDA:400,33,1,0
BRDA:404,34,0,0
BRDA:404,34,1,0
BRDA:405,35,0,0
BRDA:405,35,1,0
BRDA:406,36,0,0
BRDA:406,36,1,0
BRDA:407,37,0,0
BRDA:407,37,1,0
BRDA:408,38,0,0
BRDA:408,38,1,0
BRDA:410,39,0,0
BRDA:410,39,1,0
BRDA:425,40,0,0
BRDA:425,40,1,0
BRDA:430,41,0,0
BRDA:430,41,1,0
BRDA:447,42,0,0
BRDA:447,42,1,0
BRDA:452,43,0,0
BRDA:452,43,1,0
BRDA:492,44,0,0
BRDA:492,44,1,0
BRDA:492,45,0,0
BRDA:492,45,1,0
BRDA:496,46,0,0
BRDA:496,46,1,0
BRDA:497,47,0,0
BRDA:497,47,1,0
BRDA:498,48,0,0
BRDA:498,48,1,0
BRDA:499,49,0,0
BRDA:499,49,1,0
BRDA:500,50,0,0
BRDA:500,50,1,0
BRDA:502,51,0,0
BRDA:502,51,1,0
BRDA:517,52,0,0
BRDA:517,52,1,0
BRDA:522,53,0,0
BRDA:522,53,1,0
BRDA:537,54,0,0
BRDA:537,54,1,0
BRDA:537,55,0,0
BRDA:537,55,1,0
BRDA:537,55,2,0
BRDA:559,56,0,0
BRDA:559,56,1,0
BRDA:611,57,0,0
BRDA:611,57,1,0
BRDA:619,58,0,0
BRDA:619,58,1,0
BRDA:659,59,0,0
BRDA:659,59,1,0
BRDA:659,60,0,0
BRDA:659,60,1,0
BRDA:663,61,0,0
BRDA:663,61,1,0
BRDA:664,62,0,0
BRDA:664,62,1,0
BRDA:665,63,0,0
BRDA:665,63,1,0
BRDA:666,64,0,0
BRDA:666,64,1,0
BRDA:667,65,0,0
BRDA:667,65,1,0
BRDA:669,66,0,0
BRDA:669,66,1,0
BRDA:684,67,0,0
BRDA:684,67,1,0
BRDA:689,68,0,0
BRDA:689,68,1,0
BRDA:707,69,0,0
BRDA:707,69,1,0
BRDA:707,70,0,0
BRDA:707,70,1,0
BRDA:715,71,0,0
BRDA:715,71,1,0
BRDA:756,72,0,0
BRDA:756,72,1,0
BRDA:756,73,0,0
BRDA:756,73,1,0
BRDA:760,74,0,0
BRDA:760,74,1,0
BRDA:761,75,0,0
BRDA:761,75,1,0
BRDA:762,76,0,0
BRDA:762,76,1,0
BRDA:763,77,0,0
BRDA:763,77,1,0
BRDA:764,78,0,0
BRDA:764,78,1,0
BRDA:766,79,0,0
BRDA:766,79,1,0
BRDA:779,80,0,0
BRDA:779,80,1,0
BRDA:779,80,2,0
BRDA:805,81,0,0
BRDA:805,81,1,0
BRDA:813,82,0,0
BRDA:813,82,1,0
BRDA:842,83,0,0
BRDA:842,83,1,0
BRDA:842,84,0,0
BRDA:842,84,1,0
BRDA:845,85,0,0
BRDA:845,85,1,0
BRDA:846,86,0,0
BRDA:846,86,1,0
BRDA:847,87,0,0
BRDA:847,87,1,0
BRDA:848,88,0,0
BRDA:848,88,1,0
BRDA:849,89,0,0
BRDA:849,89,1,0
BRDA:851,90,0,0
BRDA:851,90,1,0
BRDA:866,91,0,0
BRDA:866,91,1,0
BRDA:871,92,0,0
BRDA:871,92,1,0
BRF:191
BRH:0
end_of_record
TN:
SF:server\routes\chat.ts
FN:40,(anonymous_1)
FN:54,(anonymous_2)
FN:63,(anonymous_3)
FN:69,(anonymous_4)
FN:87,(anonymous_5)
FN:99,(anonymous_6)
FN:265,(anonymous_7)
FN:281,(anonymous_8)
FN:312,(anonymous_9)
FN:341,(anonymous_10)
FN:363,(anonymous_11)
FN:407,(anonymous_12)
FNF:12
FNH:0
FNDA:0,(anonymous_1)
FNDA:0,(anonymous_2)
FNDA:0,(anonymous_3)
FNDA:0,(anonymous_4)
FNDA:0,(anonymous_5)
FNDA:0,(anonymous_6)
FNDA:0,(anonymous_7)
FNDA:0,(anonymous_8)
FNDA:0,(anonymous_9)
FNDA:0,(anonymous_10)
FNDA:0,(anonymous_11)
FNDA:0,(anonymous_12)
DA:1,0
DA:2,0
DA:4,0
DA:5,0
DA:7,0
DA:8,0
DA:10,0
DA:13,0
DA:23,0
DA:28,0
DA:40,0
DA:41,0
DA:50,0
DA:51,0
DA:54,0
DA:55,0
DA:61,0
DA:63,0
DA:69,0
DA:70,0
DA:78,0
DA:81,0
DA:87,0
DA:88,0
DA:94,0
DA:95,0
DA:99,0
DA:100,0
DA:102,0
DA:103,0
DA:110,0
DA:112,0
DA:113,0
DA:120,0
DA:121,0
DA:128,0
DA:129,0
DA:136,0
DA:137,0
DA:139,0
DA:141,0
DA:142,0
DA:144,0
DA:146,0
DA:150,0
DA:152,0
DA:153,0
DA:157,0
DA:160,0
DA:166,0
DA:228,0
DA:231,0
DA:237,0
DA:240,0
DA:255,0
DA:256,0
DA:257,0
DA:265,0
DA:266,0
DA:268,0
DA:269,0
DA:277,0
DA:280,0
DA:282,0
DA:283,0
DA:284,0
DA:285,0
DA:286,0
DA:288,0
DA:297,0
DA:302,0
DA:303,0
DA:304,0
DA:312,0
DA:313,0
DA:314,0
DA:315,0
DA:317,0
DA:318,0
DA:325,0
DA:332,0
DA:333,0
DA:339,0
DA:341,0
DA:348,0
DA:353,0
DA:354,0
DA:355,0
DA:363,0
DA:364,0
DA:365,0
DA:366,0
DA:368,0
DA:369,0
DA:376,0
DA:382,0
DA:383,0
DA:387,0
DA:392,0
DA:397,0
DA:398,0
DA:399,0
DA:407,0
DA:408,0
DA:410,0
DA:419,0
DA:424,0
DA:425,0
DA:426,0
DA:433,0
LF:110
LH:0
BRDA:24,0,0,0
BRDA:24,0,1,0
BRDA:28,1,0,0
BRDA:28,1,1,0
BRDA:28,1,2,0
BRDA:28,1,3,0
BRDA:45,2,0,0
BRDA:45,2,1,0
BRDA:50,3,0,0
BRDA:50,3,1,0
BRDA:61,4,0,0
BRDA:61,4,1,0
BRDA:78,5,0,0
BRDA:78,5,1,0
BRDA:94,6,0,0
BRDA:94,6,1,0
BRDA:102,7,0,0
BRDA:102,7,1,0
BRDA:112,8,0,0
BRDA:112,8,1,0
BRDA:112,9,0,0
BRDA:112,9,1,0
BRDA:120,10,0,0
BRDA:120,10,1,0
BRDA:128,11,0,0
BRDA:128,11,1,0
BRDA:139,12,0,0
BRDA:139,12,1,0
BRDA:150,13,0,0
BRDA:150,13,1,0
BRDA:167,14,0,0
BRDA:167,14,1,0
BRDA:167,14,2,0
BRDA:224,15,0,0
BRDA:224,15,1,0
BRDA:225,16,0,0
BRDA:225,16,1,0
BRDA:228,17,0,0
BRDA:228,17,1,0
BRDA:255,18,0,0
BRDA:255,18,1,0
BRDA:268,19,0,0
BRDA:268,19,1,0
BRDA:285,20,0,0
BRDA:285,20,1,0
BRDA:285,21,0,0
BRDA:285,21,1,0
BRDA:286,22,0,0
BRDA:286,22,1,0
BRDA:286,23,0,0
BRDA:286,23,1,0
BRDA:290,24,0,0
BRDA:290,24,1,0
BRDA:292,25,0,0
BRDA:292,25,1,0
BRDA:302,26,0,0
BRDA:302,26,1,0
BRDA:317,27,0,0
BRDA:317,27,1,0
BRDA:332,28,0,0
BRDA:332,28,1,0
BRDA:332,29,0,0
BRDA:332,29,1,0
BRDA:343,30,0,0
BRDA:343,30,1,0
BRDA:353,31,0,0
BRDA:353,31,1,0
BRDA:368,32,0,0
BRDA:368,32,1,0
BRDA:382,33,0,0
BRDA:382,33,1,0
BRDA:397,34,0,0
BRDA:397,34,1,0
BRDA:424,35,0,0
BRDA:424,35,1,0
BRF:75
BRH:0
end_of_record
TN:
SF:server\routes\dashboard.routes.ts
FN:19,(anonymous_1)
FN:48,(anonymous_2)
FN:49,(anonymous_3)
FN:52,(anonymous_4)
FN:54,(anonymous_5)
FN:67,(anonymous_6)
FN:100,(anonymous_7)
FN:129,(anonymous_8)
FN:130,(anonymous_9)
FN:131,(anonymous_10)
FN:132,(anonymous_11)
FN:133,(anonymous_12)
FN:137,(anonymous_13)
FN:167,(anonymous_14)
FNF:14
FNH:0
FNDA:0,(anonymous_1)
FNDA:0,(anonymous_2)
FNDA:0,(anonymous_3)
FNDA:0,(anonymous_4)
FNDA:0,(anonymous_5)
FNDA:0,(anonymous_6)
FNDA:0,(anonymous_7)
FNDA:0,(anonymous_8)
FNDA:0,(anonymous_9)
FNDA:0,(anonymous_10)
FNDA:0,(anonymous_11)
FNDA:0,(anonymous_12)
FNDA:0,(anonymous_13)
FNDA:0,(anonymous_14)
DA:1,0
DA:2,0
DA:3,0
DA:4,0
DA:6,0
DA:9,0
DA:19,0
DA:20,0
DA:21,0
DA:22,0
DA:23,0
DA:30,0
DA:38,0
DA:39,0
DA:40,0
DA:47,0
DA:48,0
DA:49,0
DA:52,0
DA:53,0
DA:54,0
DA:58,0
DA:59,0
DA:61,0
DA:62,0
DA:63,0
DA:64,0
DA:65,0
DA:67,0
DA:68,0
DA:69,0
DA:72,0
DA:78,0
DA:87,0
DA:89,0
DA:90,0
DA:91,0
DA:100,0
DA:101,0
DA:102,0
DA:103,0
DA:104,0
DA:111,0
DA:119,0
DA:120,0
DA:121,0
DA:128,0
DA:129,0
DA:130,0
DA:131,0
DA:132,0
DA:133,0
DA:137,0
DA:146,0
DA:151,0
DA:156,0
DA:157,0
DA:158,0
DA:167,0
DA:168,0
DA:169,0
DA:170,0
DA:171,0
DA:178,0
DA:186,0
DA:187,0
DA:188,0
DA:194,0
DA:199,0
DA:200,0
DA:207,0
LF:71
LH:0
BRDA:22,0,0,0
BRDA:22,0,1,0
BRDA:38,1,0,0
BRDA:38,1,1,0
BRDA:47,2,0,0
BRDA:47,2,1,0
BRDA:48,3,0,0
BRDA:48,3,1,0
BRDA:49,4,0,0
BRDA:49,4,1,0
BRDA:52,5,0,0
BRDA:52,5,1,0
BRDA:52,6,0,0
BRDA:52,6,1,0
BRDA:53,7,0,0
BRDA:53,7,1,0
BRDA:54,8,0,0
BRDA:54,8,1,0
BRDA:67,9,0,0
BRDA:67,9,1,0
BRDA:89,10,0,0
BRDA:89,10,1,0
BRDA:103,11,0,0
BRDA:103,11,1,0
BRDA:119,12,0,0
BRDA:119,12,1,0
BRDA:129,13,0,0
BRDA:129,13,1,0
BRDA:130,14,0,0
BRDA:130,14,1,0
BRDA:131,15,0,0
BRDA:131,15,1,0
BRDA:132,16,0,0
BRDA:132,16,1,0
BRDA:133,17,0,0
BRDA:133,17,1,0
BRDA:137,18,0,0
BRDA:137,18,1,0
BRDA:141,19,0,0
BRDA:141,19,1,0
BRDA:142,20,0,0
BRDA:142,20,1,0
BRDA:143,21,0,0
BRDA:143,21,1,0
BRDA:156,22,0,0
BRDA:156,22,1,0
BRDA:170,23,0,0
BRDA:170,23,1,0
BRDA:186,24,0,0
BRDA:186,24,1,0
BRDA:196,25,0,0
BRDA:196,25,1,0
BRF:52
BRH:0
end_of_record
TN:
SF:server\routes\health.routes.ts
FNF:0
FNH:0
DA:1,0
DA:2,0
DA:4,0
DA:41,0
DA:55,0
DA:75,0
DA:77,0
LF:7
LH:0
BRF:0
BRH:0
end_of_record
TN:
SF:server\routes\history.ts
FN:11,(anonymous_0)
FN:67,(anonymous_1)
FN:101,(anonymous_2)
FN:202,(anonymous_3)
FN:261,(anonymous_4)
FN:307,(anonymous_5)
FNF:6
FNH:0
FNDA:0,(anonymous_0)
FNDA:0,(anonymous_1)
FNDA:0,(anonymous_2)
FNDA:0,(anonymous_3)
FNDA:0,(anonymous_4)
FNDA:0,(anonymous_5)
DA:1,0
DA:2,0
DA:3,0
DA:5,0
DA:10,0
DA:12,0
DA:13,0
DA:14,0
DA:15,0
DA:22,0
DA:23,0
DA:24,0
DA:27,0
DA:46,0
DA:47,0
DA:48,0
DA:55,0
DA:62,0
DA:64,0
DA:67,0
DA:90,0
DA:91,0
DA:100,0
DA:102,0
DA:103,0
DA:104,0
DA:106,0
DA:107,0
DA:114,0
DA:139,0
DA:140,0
DA:147,0
DA:160,0
DA:161,0
DA:171,0
DA:191,0
DA:192,0
DA:201,0
DA:203,0
DA:204,0
DA:205,0
DA:207,0
DA:208,0
DA:215,0
DA:223,0
DA:224,0
DA:231,0
DA:238,0
DA:239,0
DA:240,0
DA:246,0
DA:251,0
DA:252,0
DA:261,0
DA:272,0
DA:298,0
DA:299,0
DA:300,0
DA:303,0
DA:307,0
DA:322,0
DA:344,0
DA:345,0
DA:346,0
DA:349,0
DA:352,0
LF:66
LH:0
BRDA:14,0,0,0
BRDA:14,0,1,0
BRDA:22,1,0,0
BRDA:22,1,1,0
BRDA:23,2,0,0
BRDA:23,2,1,0
BRDA:46,3,0,0
BRDA:46,3,1,0
BRDA:62,4,0,0
BRDA:62,4,1,0
BRDA:67,5,0,0
BRDA:67,5,1,0
BRDA:82,6,0,0
BRDA:82,6,1,0
BRDA:106,7,0,0
BRDA:106,7,1,0
BRDA:139,8,0,0
BRDA:139,8,1,0
BRDA:139,9,0,0
BRDA:139,9,1,0
BRDA:161,10,0,0
BRDA:161,10,1,0
BRDA:163,11,0,0
BRDA:163,11,1,0
BRDA:167,12,0,0
BRDA:167,12,1,0
BRDA:187,13,0,0
BRDA:187,13,1,0
BRDA:207,14,0,0
BRDA:207,14,1,0
BRDA:223,15,0,0
BRDA:223,15,1,0
BRDA:223,16,0,0
BRDA:223,16,1,0
BRDA:238,17,0,0
BRDA:238,17,1,0
BRDA:277,18,0,0
BRDA:277,18,1,0
BRDA:298,19,0,0
BRDA:298,19,1,0
BRDA:326,20,0,0
BRDA:326,20,1,0
BRDA:327,21,0,0
BRDA:327,21,1,0
BRDA:331,22,0,0
BRDA:331,22,1,0
BRDA:332,23,0,0
BRDA:332,23,1,0
BRDA:333,24,0,0
BRDA:333,24,1,0
BRDA:334,25,0,0
BRDA:334,25,1,0
BRDA:335,26,0,0
BRDA:335,26,1,0
BRDA:336,27,0,0
BRDA:336,27,1,0
BRDA:337,28,0,0
BRDA:337,28,1,0
BRDA:344,29,0,0
BRDA:344,29,1,0
BRF:60
BRH:0
end_of_record
TN:
SF:server\routes\index.ts
FN:58,(anonymous_1)
FN:82,(anonymous_2)
FN:88,(anonymous_3)
FN:102,(anonymous_4)
FNF:4
FNH:0
FNDA:0,(anonymous_1)
FNDA:0,(anonymous_2)
FNDA:0,(anonymous_3)
FNDA:0,(anonymous_4)
DA:1,0
DA:2,0
DA:3,0
DA:4,0
DA:5,0
DA:6,0
DA:7,0
DA:8,0
DA:9,0
DA:10,0
DA:11,0
DA:12,0
DA:14,0
DA:17,0
DA:20,0
DA:25,0
DA:29,0
DA:33,0
DA:37,0
DA:41,0
DA:45,0
DA:49,0
DA:52,0
DA:55,0
DA:58,0
DA:60,0
DA:61,0
DA:64,0
DA:65,0
DA:69,0
DA:82,0
DA:83,0
DA:88,0
DA:89,0
DA:102,0
DA:103,0
DA:124,0
LF:37
LH:0
BRDA:64,0,0,0
BRDA:64,0,1,0
BRF:2
BRH:0
end_of_record
TN:
SF:server\routes\models.routes.ts
FN:61,(anonymous_0)
FN:69,(anonymous_1)
FN:76,(anonymous_2)
FN:103,(anonymous_3)
FN:107,(anonymous_4)
FN:130,(anonymous_5)
FNF:6
FNH:0
FNDA:0,(anonymous_0)
FNDA:0,(anonymous_1)
FNDA:0,(anonymous_2)
FNDA:0,(anonymous_3)
FNDA:0,(anonymous_4)
FNDA:0,(anonymous_5)
DA:1,0
DA:2,0
DA:4,0
DA:7,0
DA:61,0
DA:62,0
DA:63,0
DA:65,0
DA:68,0
DA:69,0
DA:70,0
DA:75,0
DA:76,0
DA:80,0
DA:81,0
DA:82,0
DA:84,0
DA:94,0
DA:95,0
DA:103,0
DA:104,0
DA:105,0
DA:107,0
DA:109,0
DA:110,0
DA:116,0
DA:121,0
DA:122,0
DA:130,0
DA:131,0
DA:132,0
DA:133,0
DA:140,0
DA:141,0
DA:144,0
DA:145,0
DA:147,0
DA:148,0
DA:160,0
LF:39
LH:0
BRDA:63,0,0,0
BRDA:63,1,0,0
BRDA:68,2,0,0
BRDA:68,2,1,0
BRDA:68,3,0,0
BRDA:68,3,1,0
BRDA:75,4,0,0
BRDA:75,4,1,0
BRDA:109,5,0,0
BRDA:109,5,1,0
BRDA:132,6,0,0
BRDA:132,6,1,0
BRDA:140,7,0,0
BRDA:140,7,1,0
BRF:14
BRH:0
end_of_record
TN:
SF:server\routes\notifications.ts
FN:19,(anonymous_1)
FN:78,(anonymous_2)
FN:130,(anonymous_3)
FN:176,(anonymous_4)
FN:212,(anonymous_5)
FN:249,(anonymous_6)
FN:284,(anonymous_7)
FNF:7
FNH:0
FNDA:0,(anonymous_1)
FNDA:0,(anonymous_2)
FNDA:0,(anonymous_3)
FNDA:0,(anonymous_4)
FNDA:0,(anonymous_5)
FNDA:0,(anonymous_6)
FNDA:0,(anonymous_7)
DA:1,0
DA:2,0
DA:3,0
DA:4,0
DA:7,0
DA:10,0
DA:19,0
DA:20,0
DA:21,0
DA:22,0
DA:23,0
DA:29,0
DA:31,0
DA:38,0
DA:39,0
DA:42,0
DA:44,0
DA:45,0
DA:49,0
DA:55,0
DA:68,0
DA:69,0
DA:70,0
DA:78,0
DA:79,0
DA:80,0
DA:81,0
DA:82,0
DA:88,0
DA:90,0
DA:91,0
DA:97,0
DA:111,0
DA:112,0
DA:115,0
DA:120,0
DA:121,0
DA:122,0
DA:130,0
DA:131,0
DA:132,0
DA:133,0
DA:135,0
DA:136,0
DA:142,0
DA:150,0
DA:151,0
DA:154,0
DA:155,0
DA:161,0
DA:166,0
DA:167,0
DA:168,0
DA:176,0
DA:177,0
DA:178,0
DA:180,0
DA:181,0
DA:187,0
DA:193,0
DA:194,0
DA:197,0
DA:202,0
DA:203,0
DA:204,0
DA:212,0
DA:213,0
DA:214,0
DA:215,0
DA:217,0
DA:218,0
DA:224,0
DA:230,0
DA:231,0
DA:234,0
DA:239,0
DA:240,0
DA:241,0
DA:249,0
DA:250,0
DA:251,0
DA:253,0
DA:254,0
DA:260,0
DA:265,0
DA:266,0
DA:269,0
DA:274,0
DA:275,0
DA:276,0
DA:284,0
DA:285,0
DA:286,0
DA:288,0
DA:289,0
DA:295,0
DA:301,0
DA:308,0
DA:309,0
DA:310,0
DA:317,0
LF:101
LH:0
BRDA:22,0,0,0
BRDA:22,0,1,0
BRDA:29,1,0,0
BRDA:29,2,0,0
BRDA:29,3,0,0
BRDA:38,4,0,0
BRDA:38,4,1,0
BRDA:44,5,0,0
BRDA:44,5,1,0
BRDA:58,6,0,0
BRDA:58,6,1,0
BRDA:59,7,0,0
BRDA:59,7,1,0
BRDA:63,8,0,0
BRDA:63,8,1,0
BRDA:68,9,0,0
BRDA:68,9,1,0
BRDA:81,10,0,0
BRDA:81,10,1,0
BRDA:90,11,0,0
BRDA:90,11,1,0
BRDA:90,12,0,0
BRDA:90,12,1,0
BRDA:90,12,2,0
BRDA:111,13,0,0
BRDA:111,13,1,0
BRDA:120,14,0,0
BRDA:120,14,1,0
BRDA:135,15,0,0
BRDA:135,15,1,0
BRDA:150,16,0,0
BRDA:150,16,1,0
BRDA:154,17,0,0
BRDA:154,17,1,0
BRDA:166,18,0,0
BRDA:166,18,1,0
BRDA:180,19,0,0
BRDA:180,19,1,0
BRDA:193,20,0,0
BRDA:193,20,1,0
BRDA:202,21,0,0
BRDA:202,21,1,0
BRDA:217,22,0,0
BRDA:217,22,1,0
BRDA:230,23,0,0
BRDA:230,23,1,0
BRDA:239,24,0,0
BRDA:239,24,1,0
BRDA:253,25,0,0
BRDA:253,25,1,0
BRDA:265,26,0,0
BRDA:265,26,1,0
BRDA:274,27,0,0
BRDA:274,27,1,0
BRDA:288,28,0,0
BRDA:288,28,1,0
BRDA:304,29,0,0
BRDA:304,29,1,0
BRDA:308,30,0,0
BRDA:308,30,1,0
BRF:60
BRH:0
end_of_record
TN:
SF:server\routes\results.routes.ts
FN:8,(anonymous_0)
FN:77,(anonymous_1)
FNF:2
FNH:0
FNDA:0,(anonymous_0)
FNDA:0,(anonymous_1)
DA:1,0
DA:2,0
DA:3,0
DA:5,0
DA:8,0
DA:9,0
DA:10,0
DA:11,0
DA:13,0
DA:14,0
DA:21,0
DA:41,0
DA:42,0
DA:49,0
DA:63,0
DA:68,0
DA:69,0
DA:77,0
DA:78,0
DA:79,0
DA:80,0
DA:82,0
DA:83,0
DA:90,0
DA:98,0
DA:99,0
DA:106,0
DA:112,0
DA:113,0
DA:114,0
DA:120,0
DA:125,0
DA:126,0
DA:133,0
LF:34
LH:0
BRDA:13,0,0,0
BRDA:13,0,1,0
BRDA:41,1,0,0
BRDA:41,1,1,0
BRDA:41,2,0,0
BRDA:41,2,1,0
BRDA:82,3,0,0
BRDA:82,3,1,0
BRDA:98,4,0,0
BRDA:98,4,1,0
BRDA:98,5,0,0
BRDA:98,5,1,0
BRDA:112,6,0,0
BRDA:112,6,1,0
BRF:14
BRH:0
end_of_record
TN:
SF:server\routes\user.ts
FN:19,(anonymous_1)
FN:81,(anonymous_2)
FN:144,(anonymous_3)
FN:196,(anonymous_4)
FN:255,(anonymous_5)
FN:274,(anonymous_6)
FN:275,(anonymous_7)
FN:276,(anonymous_8)
FN:277,(anonymous_9)
FN:278,(anonymous_10)
FN:279,(anonymous_11)
FN:299,(anonymous_12)
FN:328,(anonymous_13)
FN:329,(anonymous_14)
FN:330,(anonymous_15)
FN:331,(anonymous_16)
FN:332,(anonymous_17)
FN:336,(anonymous_18)
FNF:18
FNH:0
FNDA:0,(anonymous_1)
FNDA:0,(anonymous_2)
FNDA:0,(anonymous_3)
FNDA:0,(anonymous_4)
FNDA:0,(anonymous_5)
FNDA:0,(anonymous_6)
FNDA:0,(anonymous_7)
FNDA:0,(anonymous_8)
FNDA:0,(anonymous_9)
FNDA:0,(anonymous_10)
FNDA:0,(anonymous_11)
FNDA:0,(anonymous_12)
FNDA:0,(anonymous_13)
FNDA:0,(anonymous_14)
FNDA:0,(anonymous_15)
FNDA:0,(anonymous_16)
FNDA:0,(anonymous_17)
FNDA:0,(anonymous_18)
DA:1,0
DA:2,0
DA:3,0
DA:4,0
DA:5,0
DA:7,0
DA:10,0
DA:19,0
DA:20,0
DA:21,0
DA:22,0
DA:23,0
DA:30,0
DA:36,0
DA:37,0
DA:41,0
DA:47,0
DA:48,0
DA:51,0
DA:67,0
DA:68,0
DA:69,0
DA:77,0
DA:82,0
DA:83,0
DA:84,0
DA:85,0
DA:92,0
DA:93,0
DA:94,0
DA:100,0
DA:103,0
DA:104,0
DA:105,0
DA:106,0
DA:107,0
DA:109,0
DA:116,0
DA:117,0
DA:120,0
DA:126,0
DA:127,0
DA:128,0
DA:136,0
DA:145,0
DA:146,0
DA:147,0
DA:148,0
DA:155,0
DA:156,0
DA:157,0
DA:163,0
DA:166,0
DA:176,0
DA:177,0
DA:180,0
DA:186,0
DA:187,0
DA:188,0
DA:196,0
DA:197,0
DA:198,0
DA:199,0
DA:200,0
DA:207,0
DA:212,0
DA:213,0
DA:217,0
DA:223,0
DA:229,0
DA:235,0
DA:240,0
DA:245,0
DA:246,0
DA:247,0
DA:255,0
DA:256,0
DA:257,0
DA:258,0
DA:259,0
DA:266,0
DA:272,0
DA:274,0
DA:275,0
DA:276,0
DA:277,0
DA:278,0
DA:279,0
DA:284,0
DA:289,0
DA:290,0
DA:291,0
DA:299,0
DA:300,0
DA:301,0
DA:302,0
DA:303,0
DA:310,0
DA:318,0
DA:319,0
DA:320,0
DA:327,0
DA:328,0
DA:329,0
DA:330,0
DA:331,0
DA:332,0
DA:336,0
DA:345,0
DA:350,0
DA:355,0
DA:356,0
DA:357,0
DA:364,0
LF:114
LH:0
BRDA:22,0,0,0
BRDA:22,0,1,0
BRDA:36,1,0,0
BRDA:36,1,1,0
BRDA:47,2,0,0
BRDA:47,2,1,0
BRDA:47,3,0,0
BRDA:47,3,1,0
BRDA:55,4,0,0
BRDA:55,4,1,0
BRDA:67,5,0,0
BRDA:67,5,1,0
BRDA:84,6,0,0
BRDA:84,6,1,0
BRDA:93,7,0,0
BRDA:93,7,1,0
BRDA:104,8,0,0
BRDA:104,8,1,0
BRDA:105,9,0,0
BRDA:105,9,1,0
BRDA:106,10,0,0
BRDA:106,10,1,0
BRDA:116,11,0,0
BRDA:116,11,1,0
BRDA:126,12,0,0
BRDA:126,12,1,0
BRDA:147,13,0,0
BRDA:147,13,1,0
BRDA:156,14,0,0
BRDA:156,14,1,0
BRDA:176,15,0,0
BRDA:176,15,1,0
BRDA:186,16,0,0
BRDA:186,16,1,0
BRDA:199,17,0,0
BRDA:199,17,1,0
BRDA:212,18,0,0
BRDA:212,18,1,0
BRDA:245,19,0,0
BRDA:245,19,1,0
BRDA:258,20,0,0
BRDA:258,20,1,0
BRDA:273,21,0,0
BRDA:273,21,1,0
BRDA:274,22,0,0
BRDA:274,22,1,0
BRDA:275,23,0,0
BRDA:275,23,1,0
BRDA:276,24,0,0
BRDA:276,24,1,0
BRDA:277,25,0,0
BRDA:277,25,1,0
BRDA:278,26,0,0
BRDA:278,26,1,0
BRDA:279,27,0,0
BRDA:279,27,1,0
BRDA:289,28,0,0
BRDA:289,28,1,0
BRDA:302,29,0,0
BRDA:302,29,1,0
BRDA:318,30,0,0
BRDA:318,30,1,0
BRDA:328,31,0,0
BRDA:328,31,1,0
BRDA:329,32,0,0
BRDA:329,32,1,0
BRDA:330,33,0,0
BRDA:330,33,1,0
BRDA:331,34,0,0
BRDA:331,34,1,0
BRDA:332,35,0,0
BRDA:332,35,1,0
BRDA:336,36,0,0
BRDA:336,36,1,0
BRDA:340,37,0,0
BRDA:340,37,1,0
BRDA:341,38,0,0
BRDA:341,38,1,0
BRDA:342,39,0,0
BRDA:342,39,1,0
BRDA:355,40,0,0
BRDA:355,40,1,0
BRF:82
BRH:0
end_of_record
TN:
SF:server\schemas\validation.schemas.ts
FN:6,(anonymous_0)
FN:10,(anonymous_1)
FN:42,(anonymous_2)
FN:59,(anonymous_3)
FN:65,(anonymous_4)
FNF:5
FNH:0
FNDA:0,(anonymous_0)
FNDA:0,(anonymous_1)
FNDA:0,(anonymous_2)
FNDA:0,(anonymous_3)
FNDA:0,(anonymous_4)
DA:1,0
DA:4,0
DA:6,0
DA:10,0
DA:16,0
DA:23,0
DA:32,0
DA:40,0
DA:42,0
DA:49,0
DA:57,0
DA:59,0
DA:65,0
DA:73,0
LF:14
LH:0
BRDA:6,0,0,0
BRDA:6,0,1,0
BRDA:10,1,0,0
BRDA:10,1,1,0
BRDA:65,2,0,0
BRDA:65,2,1,0
BRF:6
BRH:0
end_of_record
TN:
SF:server\scripts\complete-satyaai.ts
FN:35,(anonymous_9)
FN:93,(anonymous_10)
FN:98,(anonymous_11)
FN:104,(anonymous_12)
FN:118,(anonymous_13)
FN:130,(anonymous_14)
FN:165,(anonymous_15)
FN:190,(anonymous_16)
FN:218,(anonymous_17)
FN:277,completeSatyaAI
FN:296,(anonymous_19)
FNF:11
FNH:0
FNDA:0,(anonymous_9)
FNDA:0,(anonymous_10)
FNDA:0,(anonymous_11)
FNDA:0,(anonymous_12)
FNDA:0,(anonymous_13)
FNDA:0,(anonymous_14)
FNDA:0,(anonymous_15)
FNDA:0,(anonymous_16)
FNDA:0,(anonymous_17)
FNDA:0,completeSatyaAI
FNDA:0,(anonymous_19)
DA:10,0
DA:11,0
DA:12,0
DA:13,0
DA:16,0
DA:36,0
DA:38,0
DA:39,0
DA:41,0
DA:53,0
DA:55,0
DA:58,0
DA:59,0
DA:60,0
DA:61,0
DA:62,0
DA:63,0
DA:66,0
DA:67,0
DA:68,0
DA:69,0
DA:72,0
DA:75,0
DA:78,0
DA:80,0
DA:82,0
DA:86,0
DA:94,0
DA:97,0
DA:98,0
DA:100,0
DA:103,0
DA:104,0
DA:107,0
DA:108,0
DA:111,0
DA:113,0
DA:117,0
DA:118,0
DA:119,0
DA:124,0
DA:136,0
DA:138,0
DA:140,0
DA:141,0
DA:143,0
DA:145,0
DA:152,0
DA:153,0
DA:169,0
DA:170,0
DA:172,0
DA:174,0
DA:179,0
DA:180,0
DA:191,0
DA:193,0
DA:195,0
DA:198,0
DA:199,0
DA:202,0
DA:203,0
DA:204,0
DA:207,0
DA:209,0
DA:219,0
DA:220,0
DA:221,0
DA:222,0
DA:223,0
DA:224,0
DA:225,0
DA:226,0
DA:227,0
DA:230,0
DA:231,0
DA:232,0
DA:233,0
DA:234,0
DA:235,0
DA:236,0
DA:237,0
DA:238,0
DA:239,0
DA:240,0
DA:241,0
DA:242,0
DA:243,0
DA:244,0
DA:245,0
DA:246,0
DA:248,0
DA:249,0
DA:250,0
DA:251,0
DA:252,0
DA:253,0
DA:254,0
DA:257,0
DA:258,0
DA:259,0
DA:260,0
DA:261,0
DA:262,0
DA:263,0
DA:265,0
DA:266,0
DA:267,0
DA:268,0
DA:270,0
DA:278,0
DA:280,0
DA:281,0
DA:284,0
DA:285,0
DA:287,0
DA:290,0
DA:295,0
DA:296,0
[...]
DA:717,0
DA:718,0
DA:719,0
DA:720,0
DA:721,0
DA:722,0
DA:723,0
DA:724,0
DA:725,0
DA:726,0
DA:729,0
DA:730,0
DA:731,0
DA:733,0
DA:742,0
DA:743,0
DA:744,0
DA:748,0
DA:749,0
DA:750,0
DA:755,0
DA:756,0
DA:760,0
DA:761,0
DA:762,0
DA:766,0
DA:776,0
DA:777,0
DA:782,0
DA:783,0
DA:784,0
DA:785,0
DA:786,0
DA:787,0
DA:788,0
DA:789,0
DA:792,0
DA:801,0
DA:812,0
DA:813,0
DA:816,0
DA:817,0
DA:825,0
DA:826,0
DA:834,0
DA:835,0
DA:836,0
DA:837,0
DA:840,0
DA:841,0
LF:265
LH:0
BRDA:93,0,0,0
BRDA:93,0,1,0
BRDA:107,1,0,0
BRDA:107,1,1,0
BRDA:107,2,0,0
BRDA:107,2,1,0
BRDA:112,3,0,0
BRDA:112,3,1,0
BRDA:141,4,0,0
BRDA:141,4,1,0
BRDA:146,5,0,0
BRDA:146,5,1,0
BRDA:242,6,0,0
BRDA:242,6,1,0
BRDA:251,7,0,0
BRDA:251,7,1,0
BRDA:254,8,0,0
BRDA:254,8,1,0
BRDA:256,9,0,0
BRDA:256,9,1,0
BRDA:269,10,0,0
BRDA:269,10,1,0
BRDA:282,11,0,0
BRDA:282,11,1,0
BRDA:326,12,0,0
BRDA:326,12,1,0
BRDA:336,13,0,0
BRDA:336,13,1,0
BRDA:336,14,0,0
BRDA:336,14,1,0
BRDA:368,15,0,0
BRDA:368,15,1,0
BRDA:375,16,0,0
BRDA:375,16,1,0
BRDA:383,17,0,0
BRDA:383,17,1,0
BRDA:394,18,0,0
BRDA:394,18,1,0
BRDA:395,19,0,0
BRDA:395,19,1,0
BRDA:426,20,0,0
BRDA:426,20,1,0
BRDA:432,21,0,0
BRDA:432,21,1,0
BRDA:449,22,0,0
BRDA:449,22,1,0
BRDA:453,23,0,0
BRDA:453,23,1,0
BRDA:455,24,0,0
BRDA:455,24,1,0
BRDA:459,25,0,0
BRDA:459,25,1,0
BRDA:461,26,0,0
BRDA:461,26,1,0
BRDA:463,27,0,0
BRDA:463,27,1,0
BRDA:471,28,0,0
BRDA:471,28,1,0
BRDA:473,29,0,0
BRDA:473,29,1,0
BRDA:503,30,0,0
BRDA:503,30,1,0
BRDA:507,31,0,0
BRDA:507,31,1,0
BRDA:510,32,0,0
BRDA:510,32,1,0
BRDA:515,33,0,0
BRDA:515,33,1,0
BRDA:530,34,0,0
BRDA:530,34,1,0
BRDA:539,35,0,0
BRDA:539,35,1,0
BRDA:539,36,0,0
BRDA:539,36,1,0
BRDA:550,37,0,0
BRDA:550,37,1,0
BRDA:566,38,0,0
BRDA:566,38,1,0
BRDA:585,39,0,0
BRDA:585,39,1,0
BRDA:586,40,0,0
BRDA:586,40,1,0
BRDA:591,41,0,0
BRDA:591,41,1,0
BRDA:602,42,0,0
BRDA:602,42,1,0
BRDA:603,43,0,0
BRDA:603,43,1,0
BRDA:633,44,0,0
BRDA:633,44,1,0
BRDA:643,45,0,0
BRDA:643,45,1,0
BRDA:648,46,0,0
BRDA:648,46,1,0
BRDA:667,47,0,0
BRDA:667,47,1,0
BRDA:677,48,0,0
BRDA:677,48,1,0
BRDA:677,49,0,0
BRDA:677,49,1,0
BRDA:710,50,0,0
BRDA:710,50,1,0
BRDA:717,51,0,0
BRDA:717,51,1,0
BRDA:719,52,0,0
BRDA:719,52,1,0
BRDA:729,53,0,0
BRDA:729,53,1,0
BRDA:783,54,0,0
BRDA:783,54,1,0
BRDA:787,55,0,0
BRDA:787,55,1,0
BRDA:793,56,0,0
BRDA:793,56,1,0
BRDA:818,57,0,0
BRDA:818,57,1,0
BRDA:819,58,0,0
BRDA:819,58,1,0
BRF:118
BRH:0
end_of_record
TN:
SF:server\services\websocket\WebSocketManager.ts
FN:81,(anonymous_0)
FN:86,(anonymous_1)
FN:93,(anonymous_2)
FN:108,(anonymous_3)
FN:115,(anonymous_4)
FN:137,(anonymous_5)
FN:151,(anonymous_6)
FN:152,(anonymous_7)
FN:155,(anonymous_8)
FN:208,(anonymous_9)
FN:209,(anonymous_10)
FN:210,(anonymous_11)
FN:211,(anonymous_12)
FN:223,(anonymous_13)
FN:261,(anonymous_14)
FN:282,(anonymous_15)
FN:287,(anonymous_16)
FN:290,(anonymous_17)
FN:328,(anonymous_18)
FN:333,(anonymous_19)
FN:335,(anonymous_20)
FN:380,(anonymous_21)
FN:402,(anonymous_22)
FN:434,(anonymous_23)
FN:479,(anonymous_24)
FN:486,(anonymous_25)
FN:516,(anonymous_26)
FN:570,(anonymous_27)
FN:599,(anonymous_28)
FN:628,(anonymous_29)
FN:652,(anonymous_30)
FN:658,(anonymous_31)
FN:685,(anonymous_32)
FN:687,(anonymous_33)
FN:711,(anonymous_34)
FN:713,(anonymous_35)
FN:720,(anonymous_36)
FN:728,(anonymous_37)
FN:735,(anonymous_38)
FNF:39
FNH:0
FNDA:0,(anonymous_0)
FNDA:0,(anonymous_1)
FNDA:0,(anonymous_2)
FNDA:0,(anonymous_3)
FNDA:0,(anonymous_4)
FNDA:0,(anonymous_5)
FNDA:0,(anonymous_6)
FNDA:0,(anonymous_7)
FNDA:0,(anonymous_8)
FNDA:0,(anonymous_9)
FNDA:0,(anonymous_10)
FNDA:0,(anonymous_11)
FNDA:0,(anonymous_12)
FNDA:0,(anonymous_13)
FNDA:0,(anonymous_14)
FNDA:0,(anonymous_15)
FNDA:0,(anonymous_16)
FNDA:0,(anonymous_17)
FNDA:0,(anonymous_18)
FNDA:0,(anonymous_19)
FNDA:0,(anonymous_20)
FNDA:0,(anonymous_21)
FNDA:0,(anonymous_22)
FNDA:0,(anonymous_23)
FNDA:0,(anonymous_24)
FNDA:0,(anonymous_25)
FNDA:0,(anonymous_26)
FNDA:0,(anonymous_27)
FNDA:0,(anonymous_28)
FNDA:0,(anonymous_29)
FNDA:0,(anonymous_30)
FNDA:0,(anonymous_31)
FNDA:0,(anonymous_32)
FNDA:0,(anonymous_33)
FNDA:0,(anonymous_34)
FNDA:0,(anonymous_35)
FNDA:0,(anonymous_36)
FNDA:0,(anonymous_37)
FNDA:0,(anonymous_38)
DA:1,0
DA:3,0
DA:4,0
DA:5,0
DA:6,0
DA:7,0
DA:8,0
DA:9,0
DA:12,0
DA:15,0
DA:22,0
DA:73,0
DA:74,0
DA:75,0
DA:76,0
DA:82,0
DA:83,0
DA:86,0
DA:87,0
DA:88,0
DA:92,0
DA:93,0
DA:94,0
DA:97,0
DA:109,0
DA:115,0
DA:116,0
DA:118,0
DA:120,0
DA:121,0
DA:122,0
DA:123,0
DA:128,0
DA:129,0
DA:131,0
DA:132,0
DA:133,0
DA:137,0
DA:138,0
DA:141,0
DA:142,0
DA:143,0
DA:148,0
DA:151,0
DA:152,0
DA:156,0
DA:159,0
DA:160,0
DA:161,0
DA:162,0
DA:163,0
DA:164,0
DA:167,0
DA:168,0
DA:169,0
DA:170,0
DA:171,0
DA:172,0
DA:173,0
DA:174,0
DA:175,0
DA:176,0
DA:177,0
DA:178,0
DA:179,0
DA:180,0
DA:181,0
DA:182,0
DA:183,0
DA:184,0
DA:187,0
DA:189,0
DA:192,0
DA:205,0
DA:208,0
DA:209,0
DA:210,0
DA:211,0
DA:214,0
DA:220,0
DA:224,0
DA:225,0
DA:227,0
DA:230,0
DA:233,0
DA:234,0
DA:235,0
DA:239,0
DA:242,0
DA:245,0
DA:246,0
DA:251,0
DA:253,0
DA:254,0
DA:256,0
DA:262,0
DA:263,0
DA:264,0
DA:265,0
DA:266,0
DA:267,0
DA:268,0
DA:269,0
DA:270,0
DA:271,0
DA:272,0
DA:273,0
DA:274,0
DA:275,0
DA:276,0
DA:279,0
DA:283,0
DA:284,0
DA:288,0
DA:290,0
DA:291,0
DA:292,0
DA:293,0
DA:294,0
DA:295,0
DA:301,0
DA:304,0
DA:306,0
DA:317,0
DA:318,0
DA:329,0
DA:330,0
DA:333,0
DA:334,0
DA:335,0
DA:336,0
DA:337,0
DA:338,0
DA:346,0
DA:347,0
DA:348,0
DA:351,0
DA:352,0
DA:355,0
DA:364,0
DA:365,0
DA:381,0
DA:384,0
DA:386,0
DA:396,0
DA:403,0
DA:404,0
DA:405,0
DA:406,0
DA:409,0
DA:410,0
DA:412,0
DA:413,0
DA:417,0
DA:420,0
DA:422,0
DA:427,0
DA:435,0
DA:437,0
DA:439,0
DA:442,0
DA:444,0
DA:445,0
DA:448,0
DA:449,0
DA:451,0
DA:454,0
DA:455,0
DA:457,0
DA:460,0
DA:461,0
DA:464,0
DA:467,0
DA:468,0
DA:480,0
DA:487,0
DA:488,0
DA:489,0
DA:497,0
DA:500,0
DA:508,0
DA:510,0
DA:511,0
DA:522,0
DA:529,0
DA:530,0
DA:534,0
DA:547,0
DA:550,0
DA:551,0
DA:552,0
DA:554,0
DA:571,0
DA:572,0
DA:574,0
DA:575,0
DA:578,0
DA:581,0
DA:587,0
DA:600,0
DA:601,0
DA:602,0
DA:605,0
DA:606,0
DA:610,0
DA:616,0
DA:629,0
DA:632,0
DA:633,0
DA:644,0
DA:645,0
DA:653,0
DA:654,0
DA:656,0
DA:658,0
DA:659,0
DA:660,0
DA:661,0
DA:662,0
DA:664,0
DA:670,0
DA:676,0
DA:687,0
DA:688,0
DA:689,0
DA:694,0
DA:695,0
DA:699,0
DA:700,0
DA:701,0
DA:708,0
DA:709,0
DA:714,0
DA:715,0
DA:717,0
DA:721,0
DA:723,0
DA:724,0
DA:725,0
DA:729,0
DA:730,0
DA:732,0
DA:736,0
DA:741,0
LF:244
LH:0
BRDA:16,0,0,0
BRDA:16,0,1,0
BRDA:118,1,0,0
BRDA:118,1,1,0
BRDA:120,2,0,0
BRDA:120,2,1,0
BRDA:156,3,0,0
BRDA:156,3,1,0
BRDA:156,3,2,0
BRDA:160,4,0,0
BRDA:160,4,1,0
BRDA:161,5,0,0
BRDA:161,5,1,0
BRDA:163,6,0,0
BRDA:163,6,1,0
BRDA:233,7,0,0
BRDA:233,7,1,0
BRDA:239,8,0,0
BRDA:239,8,1,0
BRDA:247,9,0,0
BRDA:247,9,1,0
BRDA:251,10,0,0
BRDA:251,10,1,0
BRDA:271,11,0,0
BRDA:271,11,1,0
BRDA:272,12,0,0
BRDA:272,12,1,0
BRDA:274,13,0,0
BRDA:274,13,1,0
BRDA:275,14,0,0
BRDA:275,14,1,0
BRDA:276,15,0,0
BRDA:276,15,1,0
BRDA:292,16,0,0
BRDA:292,16,1,0
BRDA:294,17,0,0
BRDA:294,17,1,0
BRDA:329,18,0,0
BRDA:329,18,1,0
BRDA:337,19,0,0
BRDA:337,19,1,0
BRDA:380,20,0,0
BRDA:405,21,0,0
BRDA:405,21,1,0
BRDA:412,22,0,0
BRDA:412,22,1,0
BRDA:423,23,0,0
BRDA:423,23,1,0
BRDA:424,24,0,0
BRDA:424,24,1,0
BRDA:435,25,0,0
BRDA:435,25,1,0
BRDA:442,26,0,0
BRDA:442,26,1,0
BRDA:442,26,2,0
BRDA:442,26,3,0
BRDA:442,26,4,0
BRDA:448,27,0,0
BRDA:448,27,1,0
BRDA:454,28,0,0
BRDA:454,28,1,0
BRDA:487,29,0,0
BRDA:487,29,1,0
BRDA:491,30,0,0
BRDA:491,30,1,0
BRDA:492,31,0,0
BRDA:492,31,1,0
BRDA:493,32,0,0
BRDA:493,32,1,0
BRDA:494,33,0,0
BRDA:494,33,1,0
BRDA:502,34,0,0
BRDA:502,34,1,0
BRDA:508,35,0,0
BRDA:508,35,1,0
BRDA:526,36,0,0
BRDA:526,36,1,0
BRDA:529,37,0,0
BRDA:529,37,1,0
BRDA:550,38,0,0
BRDA:550,38,1,0
BRDA:555,39,0,0
BRDA:555,39,1,0
BRDA:571,40,0,0
BRDA:571,40,1,0
BRDA:574,41,0,0
BRDA:574,41,1,0
BRDA:600,42,0,0
BRDA:600,42,1,0
BRDA:605,43,0,0
BRDA:605,43,1,0
BRDA:632,44,0,0
BRDA:632,44,1,0
BRDA:654,45,0,0
BRDA:654,45,1,0
BRDA:660,46,0,0
BRDA:660,46,1,0
BRDA:660,47,0,0
BRDA:660,47,1,0
BRDA:688,48,0,0
BRDA:688,48,1,0
BRDA:694,49,0,0
BRDA:694,49,1,0
BRDA:714,50,0,0
BRDA:714,50,1,0
BRDA:721,51,0,0
BRDA:721,51,1,0
BRDA:729,52,0,0
BRDA:729,52,1,0
BRF:109
BRH:0
end_of_record
TN:
SF:server\services\websocket\WebSocketMetrics.ts
FN:5,(anonymous_0)
FN:13,(anonymous_1)
FN:21,(anonymous_2)
FN:25,(anonymous_3)
FN:40,(anonymous_4)
FNF:5
FNH:0
FNDA:0,(anonymous_0)
FNDA:0,(anonymous_1)
FNDA:0,(anonymous_2)
FNDA:0,(anonymous_3)
FNDA:0,(anonymous_4)
DA:1,0
DA:2,0
DA:4,0
DA:6,0
DA:7,0
DA:14,0
DA:15,0
DA:22,0
DA:26,0
DA:27,0
DA:31,0
DA:32,0
DA:41,0
DA:47,0
LF:14
LH:0
BRDA:31,0,0,0
BRDA:31,0,1,0
BRF:2
BRH:0
end_of_record
TN:
SF:server\services\websocket\manager.ts
FN:35,(anonymous_0)
FN:64,(anonymous_1)
FN:65,(anonymous_2)
FN:95,(anonymous_3)
FN:114,(anonymous_4)
FN:120,(anonymous_5)
FN:125,(anonymous_6)
FN:146,(anonymous_7)
FN:151,(anonymous_8)
FN:201,(anonymous_9)
FN:217,(anonymous_10)
FN:267,(anonymous_11)
FN:277,(anonymous_12)
FN:310,(anonymous_13)
FN:317,(anonymous_14)
FN:318,(anonymous_15)
FN:334,(anonymous_16)
FN:340,(anonymous_17)
FN:363,(anonymous_18)
FN:376,(anonymous_19)
FN:385,(anonymous_20)
FNF:21
FNH:0
FNDA:0,(anonymous_0)
FNDA:0,(anonymous_1)
FNDA:0,(anonymous_2)
FNDA:0,(anonymous_3)
FNDA:0,(anonymous_4)
FNDA:0,(anonymous_5)
FNDA:0,(anonymous_6)
FNDA:0,(anonymous_7)
FNDA:0,(anonymous_8)
FNDA:0,(anonymous_9)
FNDA:0,(anonymous_10)
FNDA:0,(anonymous_11)
FNDA:0,(anonymous_12)
FNDA:0,(anonymous_13)
FNDA:0,(anonymous_14)
FNDA:0,(anonymous_15)
FNDA:0,(anonymous_16)
FNDA:0,(anonymous_17)
FNDA:0,(anonymous_18)
FNDA:0,(anonymous_19)
FNDA:0,(anonymous_20)
DA:2,0
DA:3,0
DA:4,0
DA:5,0
DA:26,0
DA:28,0
DA:29,0
DA:30,0
DA:31,0
DA:32,0
DA:33,0
DA:36,0
DA:58,0
DA:59,0
DA:61,0
DA:65,0
DA:66,0
DA:67,0
DA:70,0
DA:71,0
DA:72,0
DA:73,0
DA:74,0
DA:77,0
DA:78,0
DA:79,0
DA:80,0
DA:83,0
DA:84,0
DA:85,0
DA:86,0
DA:89,0
DA:92,0
DA:93,0
DA:95,0
DA:96,0
DA:97,0
DA:98,0
DA:99,0
DA:100,0
DA:101,0
DA:103,0
DA:105,0
DA:106,0
DA:108,0
DA:109,0
DA:114,0
DA:115,0
DA:116,0
DA:120,0
DA:121,0
DA:125,0
DA:126,0
DA:127,0
DA:130,0
DA:133,0
DA:142,0
DA:146,0
DA:147,0
DA:155,0
DA:157,0
DA:158,0
DA:159,0
DA:163,0
DA:166,0
DA:167,0
DA:168,0
DA:172,0
DA:173,0
DA:174,0
DA:178,0
DA:179,0
DA:180,0
DA:184,0
DA:190,0
DA:193,0
DA:196,0
DA:197,0
DA:203,0
DA:204,0
DA:205,0
DA:209,0
DA:210,0
DA:211,0
DA:214,0
DA:219,0
DA:220,0
DA:221,0
DA:225,0
DA:226,0
DA:227,0
DA:229,0
DA:232,0
DA:233,0
DA:235,0
DA:240,0
DA:243,0
DA:244,0
DA:247,0
DA:248,0
DA:252,0
DA:257,0
DA:260,0
DA:263,0
DA:264,0
DA:268,0
DA:269,0
DA:270,0
DA:271,0
DA:274,0
DA:278,0
DA:279,0
DA:280,0
DA:284,0
DA:285,0
DA:289,0
DA:290,0
DA:291,0
DA:295,0
DA:296,0
DA:297,0
DA:300,0
DA:306,0
DA:312,0
DA:313,0
DA:317,0
DA:318,0
DA:320,0
DA:321,0
DA:322,0
DA:323,0
DA:327,0
DA:328,0
DA:335,0
DA:336,0
DA:341,0
DA:352,0
DA:360,0
DA:365,0
DA:368,0
DA:371,0
DA:372,0
DA:377,0
DA:379,0
DA:380,0
DA:384,0
DA:385,0
DA:386,0
DA:390,0
DA:398,0
DA:404,0
LF:151
LH:0
BRDA:66,0,0,0
BRDA:66,0,1,0
BRDA:67,1,0,0
BRDA:67,1,1,0
BRDA:77,2,0,0
BRDA:77,2,1,0
BRDA:83,3,0,0
BRDA:83,3,1,0
BRDA:98,4,0,0
BRDA:98,4,1,0
BRDA:157,5,0,0
BRDA:157,5,1,0
BRDA:166,6,0,0
BRDA:166,6,1,0
BRDA:166,7,0,0
BRDA:166,7,1,0
BRDA:173,8,0,0
BRDA:173,8,1,0
BRDA:179,9,0,0
BRDA:179,9,1,0
BRDA:179,10,0,0
BRDA:179,10,1,0
BRDA:204,11,0,0
BRDA:204,11,1,0
BRDA:204,12,0,0
BRDA:204,12,1,0
BRDA:209,13,0,0
BRDA:209,13,1,0
BRDA:219,14,0,0
BRDA:219,14,1,0
BRDA:219,15,0,0
BRDA:219,15,1,0
BRDA:226,16,0,0
BRDA:226,16,1,0
BRDA:227,17,0,0
BRDA:227,17,1,0
BRDA:233,18,0,0
BRDA:233,18,1,0
BRDA:233,18,2,0
BRDA:233,18,3,0
BRDA:233,18,4,0
BRDA:270,19,0,0
BRDA:270,19,1,0
BRDA:279,20,0,0
BRDA:279,20,1,0
BRDA:284,21,0,0
BRDA:284,21,1,0
BRDA:290,22,0,0
BRDA:290,22,1,0
BRDA:295,23,0,0
BRDA:295,23,1,0
BRDA:306,24,0,0
BRDA:306,24,1,0
BRDA:312,25,0,0
BRDA:312,25,1,0
BRDA:320,26,0,0
BRDA:320,26,1,0
BRDA:335,27,0,0
BRDA:335,27,1,0
BRDA:340,28,0,0
BRDA:368,29,0,0
BRDA:368,29,1,0
BRDA:371,30,0,0
BRDA:371,30,1,0
BRDA:379,31,0,0
BRDA:379,31,1,0
BRDA:379,32,0,0
BRDA:379,32,1,0
BRDA:384,33,0,0
BRDA:384,33,1,0
BRDA:395,34,0,0
BRDA:395,34,1,0
BRDA:398,35,0,0
BRDA:398,35,1,0
BRF:74
BRH:0
end_of_record
TN:
SF:server\src\utils\env-validator.ts
FN:56,(anonymous_1)
FN:63,(anonymous_2)
FN:82,(anonymous_3)
FN:100,(anonymous_4)
FN:106,(anonymous_5)
FN:106,(anonymous_6)
FN:107,(anonymous_7)
FN:109,(anonymous_8)
FN:131,(anonymous_9)
FN:135,(anonymous_10)
FN:137,(anonymous_11)
FN:143,validateEnvironment
FN:148,(anonymous_13)
FN:154,(anonymous_14)
FN:169,(anonymous_15)
FNF:15
FNH:0
FNDA:0,(anonymous_1)
FNDA:0,(anonymous_2)
FNDA:0,(anonymous_3)
FNDA:0,(anonymous_4)
FNDA:0,(anonymous_5)
FNDA:0,(anonymous_6)
FNDA:0,(anonymous_7)
FNDA:0,(anonymous_8)
FNDA:0,(anonymous_9)
FNDA:0,(anonymous_10)
FNDA:0,(anonymous_11)
FNDA:0,validateEnvironment
FNDA:0,(anonymous_13)
FNDA:0,(anonymous_14)
FNDA:0,(anonymous_15)
DA:1,0
DA:2,0
DA:3,0
DA:6,0
DA:48,0
DA:56,0
DA:64,0
DA:69,0
DA:83,0
DA:84,0
DA:86,0
DA:100,0
DA:106,0
DA:108,0
DA:109,0
DA:110,0
DA:114,0
DA:131,0
DA:135,0
DA:137,0
DA:143,0
DA:144,0
DA:145,0
DA:147,0
DA:148,0
DA:153,0
DA:154,0
DA:155,0
DA:157,0
DA:160,0
DA:161,0
DA:163,0
DA:164,0
DA:169,0
DA:170,0
DA:172,0
DA:236,0
LF:37
LH:0
BRDA:69,0,0,0
BRDA:69,0,1,0
BRDA:83,1,0,0
BRDA:83,1,1,0
BRDA:84,2,0,0
BRDA:84,2,1,0
BRDA:100,3,0,0
BRDA:100,3,1,0
BRDA:108,4,0,0
BRDA:108,4,1,0
BRDA:110,5,0,0
BRDA:110,5,1,0
BRDA:137,6,0,0
BRDA:137,6,1,0
BRDA:147,7,0,0
BRDA:147,7,1,0
BRDA:216,8,0,0
BRDA:216,8,1,0
BRF:18
BRH:0
end_of_record
TN:
SF:server\types\api-responses.ts
FN:84,(anonymous_0)
FN:93,createSuccessResponse
FN:102,createErrorResponse
FN:121,createAnalysisResponse
FNF:4
FNH:0
FNDA:0,(anonymous_0)
FNDA:0,createSuccessResponse
FNDA:0,createErrorResponse
FNDA:0,createAnalysisResponse
DA:84,0
DA:85,0
DA:86,0
DA:87,0
DA:88,0
DA:89,0
DA:93,0
DA:94,0
DA:102,0
DA:108,0
DA:121,0
DA:126,0
DA:146,0
DA:177,0
LF:14
LH:0
BRDA:84,0,0,0
BRDA:84,0,1,0
BRDA:129,1,0,0
BRDA:129,1,1,0
BRDA:134,2,0,0
BRDA:134,2,1,0
BRF:6
BRH:0
end_of_record
TN:
SF:server\utils\apiResponse.ts
FN:22,(anonymous_0)
FN:38,(anonymous_1)
FN:56,(anonymous_2)
FN:60,(anonymous_3)
FN:64,(anonymous_4)
FN:68,(anonymous_5)
FN:72,(anonymous_6)
FN:76,(anonymous_7)
FN:80,(anonymous_8)
FN:84,(anonymous_9)
FN:98,(anonymous_10)
FN:140,(anonymous_11)
FN:219,(anonymous_12)
FN:244,(anonymous_13)
FN:261,(anonymous_14)
FN:278,(anonymous_15)
FN:295,(anonymous_16)
FN:311,(anonymous_17)
FN:314,(anonymous_18)
FN:317,(anonymous_19)
FN:320,(anonymous_20)
FN:323,(anonymous_21)
FN:326,(anonymous_22)
FN:329,(anonymous_23)
FN:332,(anonymous_24)
FNF:25
FNH:0
FNDA:0,(anonymous_0)
FNDA:0,(anonymous_1)
FNDA:0,(anonymous_2)
FNDA:0,(anonymous_3)
FNDA:0,(anonymous_4)
FNDA:0,(anonymous_5)
FNDA:0,(anonymous_6)
FNDA:0,(anonymous_7)
FNDA:0,(anonymous_8)
FNDA:0,(anonymous_9)
FNDA:0,(anonymous_10)
FNDA:0,(anonymous_11)
FNDA:0,(anonymous_12)
FNDA:0,(anonymous_13)
FNDA:0,(anonymous_14)
FNDA:0,(anonymous_15)
FNDA:0,(anonymous_16)
FNDA:0,(anonymous_17)
FNDA:0,(anonymous_18)
FNDA:0,(anonymous_19)
FNDA:0,(anonymous_20)
FNDA:0,(anonymous_21)
FNDA:0,(anonymous_22)
FNDA:0,(anonymous_23)
FNDA:0,(anonymous_24)
DA:21,0
DA:23,0
DA:25,0
DA:26,0
DA:27,0
DA:29,0
DA:30,0
DA:33,0
DA:34,0
DA:39,0
DA:44,0
DA:45,0
DA:48,0
DA:49,0
DA:52,0
DA:57,0
DA:61,0
DA:65,0
DA:69,0
DA:73,0
DA:77,0
DA:81,0
DA:85,0
DA:98,0
DA:104,0
DA:110,0
DA:111,0
DA:115,0
DA:116,0
DA:119,0
DA:140,0
DA:148,0
DA:149,0
DA:154,0
DA:155,0
DA:158,0
DA:159,0
DA:162,0
DA:167,0
DA:170,0
DA:171,0
DA:176,0
DA:177,0
DA:180,0
DA:185,0
DA:189,0
DA:190,0
DA:195,0
DA:196,0
DA:199,0
DA:200,0
DA:203,0
DA:208,0
DA:212,0
DA:213,0
DA:216,0
DA:219,0
DA:223,0
DA:224,0
DA:227,0
DA:229,0
DA:234,0
DA:235,0
DA:236,0
DA:237,0
DA:241,0
DA:244,0
DA:249,0
DA:254,0
DA:255,0
DA:258,0
DA:261,0
DA:266,0
DA:271,0
DA:272,0
DA:275,0
DA:278,0
DA:283,0
DA:288,0
DA:289,0
DA:292,0
DA:295,0
DA:300,0
DA:306,0
DA:310,0
DA:312,0
DA:315,0
DA:318,0
DA:321,0
DA:324,0
DA:327,0
DA:330,0
DA:333,0
LF:93
LH:0
BRDA:25,0,0,0
BRDA:33,1,0,0
BRDA:33,1,1,0
BRDA:44,2,0,0
BRDA:44,2,1,0
BRDA:48,3,0,0
BRDA:48,3,1,0
BRDA:60,4,0,0
BRDA:64,5,0,0
BRDA:76,6,0,0
BRDA:84,7,0,0
BRDA:102,8,0,0
BRDA:110,9,0,0
BRDA:110,9,1,0
BRDA:110,10,0,0
BRDA:110,10,1,0
BRDA:115,11,0,0
BRDA:115,11,1,0
BRDA:143,12,0,0
BRDA:148,13,0,0
BRDA:148,13,1,0
BRDA:154,14,0,0
BRDA:154,14,1,0
BRDA:158,15,0,0
BRDA:158,15,1,0
BRDA:170,16,0,0
BRDA:170,16,1,0
BRDA:173,17,0,0
BRDA:173,17,1,0
BRDA:176,18,0,0
BRDA:176,18,1,0
BRDA:176,19,0,0
BRDA:176,19,1,0
BRDA:191,20,0,0
BRDA:191,20,1,0
BRDA:192,21,0,0
BRDA:192,21,1,0
BRDA:195,22,0,0
BRDA:195,22,1,0
BRDA:199,23,0,0
BRDA:199,23,1,0
BRDA:208,24,0,0
BRDA:208,24,1,0
BRDA:212,25,0,0
BRDA:212,25,1,0
BRDA:221,26,0,0
BRDA:223,27,0,0
BRDA:223,27,1,0
BRDA:224,28,0,0
BRDA:224,28,1,0
BRDA:234,29,0,0
BRDA:234,29,1,0
BRDA:236,30,0,0
BRDA:236,30,1,0
BRDA:246,31,0,0
BRDA:254,32,0,0
BRDA:254,32,1,0
BRDA:263,33,0,0
BRDA:271,34,0,0
BRDA:271,34,1,0
BRDA:280,35,0,0
BRDA:288,36,0,0
BRDA:288,36,1,0
BRDA:298,37,0,0
BRDA:314,38,0,0
BRDA:317,39,0,0
BRDA:326,40,0,0
BRDA:332,41,0,0
BRF:68
BRH:0
end_of_record
TN:
SF:server\utils\circuitBreaker.ts
FN:7,(anonymous_0)
FN:68,(anonymous_1)
FN:72,(anonymous_2)
FN:84,(anonymous_3)
FN:122,(anonymous_4)
FN:129,(anonymous_5)
FN:136,(anonymous_6)
FN:153,(anonymous_7)
FN:173,(anonymous_8)
FN:184,(anonymous_9)
FN:197,(anonymous_10)
FN:213,(anonymous_11)
FN:218,(anonymous_12)
FN:219,(anonymous_13)
FN:239,(anonymous_14)
FN:273,(anonymous_15)
FN:277,(anonymous_16)
FNF:17
FNH:0
FNDA:0,(anonymous_0)
FNDA:0,(anonymous_1)
FNDA:0,(anonymous_2)
FNDA:0,(anonymous_3)
FNDA:0,(anonymous_4)
FNDA:0,(anonymous_5)
FNDA:0,(anonymous_6)
FNDA:0,(anonymous_7)
FNDA:0,(anonymous_8)
FNDA:0,(anonymous_9)
FNDA:0,(anonymous_10)
FNDA:0,(anonymous_11)
FNDA:0,(anonymous_12)
FNDA:0,(anonymous_13)
FNDA:0,(anonymous_14)
FNDA:0,(anonymous_15)
FNDA:0,(anonymous_16)
DA:1,0
DA:2,0
DA:7,0
DA:8,0
DA:9,0
DA:10,0
DA:11,0
DA:12,0
DA:13,0
DA:51,0
DA:52,0
DA:53,0
DA:54,0
DA:55,0
DA:56,0
DA:61,0
DA:62,0
DA:68,0
DA:73,0
DA:74,0
DA:88,0
DA:90,0
DA:91,0
DA:92,0
DA:94,0
DA:95,0
DA:97,0
DA:106,0
DA:107,0
DA:108,0
DA:109,0
DA:111,0
DA:112,0
DA:113,0
DA:115,0
DA:123,0
DA:130,0
DA:137,0
DA:138,0
DA:139,0
DA:140,0
DA:141,0
DA:146,0
DA:147,0
DA:148,0
DA:150,0
DA:154,0
DA:156,0
DA:157,0
DA:158,0
DA:160,0
DA:168,0
DA:169,0
DA:171,0
DA:173,0
DA:174,0
DA:175,0
DA:178,0
DA:179,0
DA:180,0
DA:185,0
DA:186,0
DA:188,0
DA:189,0
DA:190,0
DA:191,0
DA:192,0
DA:198,0
DA:199,0
DA:200,0
DA:201,0
DA:206,0
DA:207,0
DA:210,0
DA:218,0
DA:219,0
DA:220,0
DA:229,0
DA:230,0
DA:235,0
DA:240,0
DA:241,0
DA:244,0
DA:245,0
DA:246,0
DA:249,0
DA:250,0
DA:251,0
DA:252,0
DA:253,0
DA:254,0
DA:255,0
DA:256,0
DA:257,0
DA:258,0
DA:259,0
DA:260,0
DA:263,0
DA:274,0
DA:283,0
DA:284,0
DA:285,0
DA:286,0
DA:287,0
DA:292,0
DA:294,0
LF:106
LH:0
BRDA:7,0,0,0
BRDA:7,0,1,0
BRDA:90,1,0,0
BRDA:90,1,1,0
BRDA:92,2,0,0
BRDA:92,2,1,0
BRDA:94,3,0,0
BRDA:94,3,1,0
BRDA:111,4,0,0
BRDA:111,4,1,0
BRDA:112,5,0,0
BRDA:112,5,1,0
BRDA:146,6,0,0
BRDA:146,6,1,0
BRDA:154,7,0,0
BRDA:154,7,1,0
BRDA:171,8,0,0
BRDA:171,8,1,0
BRDA:171,9,0,0
BRDA:171,9,1,0
BRDA:174,10,0,0
BRDA:174,10,1,0
BRDA:178,11,0,0
BRDA:178,11,1,0
BRDA:178,12,0,0
BRDA:178,12,1,0
BRDA:188,13,0,0
BRDA:188,13,1,0
BRDA:190,14,0,0
BRDA:190,14,1,0
BRDA:206,15,0,0
BRDA:206,15,1,0
BRDA:240,16,0,0
BRDA:240,16,1,0
BRDA:244,17,0,0
BRDA:244,17,1,0
BRDA:249,18,0,0
BRDA:249,18,1,0
BRDA:249,19,0,0
BRDA:249,19,1,0
BRDA:251,20,0,0
BRDA:251,20,1,0
BRDA:251,21,0,0
BRDA:251,21,1,0
BRDA:253,22,0,0
BRDA:253,22,1,0
BRDA:253,23,0,0
BRDA:253,23,1,0
BRDA:256,24,0,0
BRDA:256,24,1,0
BRDA:256,25,0,0
BRDA:256,25,1,0
BRDA:256,25,2,0
BRDA:258,26,0,0
BRDA:258,26,1,0
BRDA:258,26,2,0
BRDA:259,27,0,0
BRDA:259,27,1,0
BRDA:259,28,0,0
BRDA:259,28,1,0
BRDA:265,29,0,0
BRDA:265,29,1,0
BRDA:269,30,0,0
BRDA:269,30,1,0
BRDA:274,31,0,0
BRDA:274,31,1,0
BRF:66
BRH:0
end_of_record
TN:
SF:server\utils\env-validator.ts
FN:23,(anonymous_0)
FN:28,(anonymous_1)
FN:38,(anonymous_2)
FNF:3
FNH:0
FNDA:0,(anonymous_0)
FNDA:0,(anonymous_1)
FNDA:0,(anonymous_2)
DA:1,0
DA:2,0
DA:3,0
DA:6,0
DA:20,0
DA:23,0
DA:24,0
DA:25,0
DA:28,0
DA:29,0
DA:30,0
DA:34,0
DA:36,0
DA:37,0
DA:38,0
DA:44,0
DA:45,0
DA:48,0
DA:49,0
DA:54,0
DA:56,0
LF:21
LH:0
BRDA:29,0,0,0
BRDA:29,0,1,0
BRDA:36,1,0,0
BRDA:36,1,1,0
BRF:4
BRH:0
end_of_record
