TN:
SF:server\app.ts
FN:19,(anonymous_1)
FN:29,(anonymous_2)
FN:34,(anonymous_3)
FN:41,(anonymous_4)
FN:47,(anonymous_5)
FN:49,(anonymous_6)
FNF:6
FNH:0
FNDA:0,(anonymous_1)
FNDA:0,(anonymous_2)
FNDA:0,(anonymous_3)
FNDA:0,(anonymous_4)
FNDA:0,(anonymous_5)
FNDA:0,(anonymous_6)
DA:1,0
DA:2,0
DA:3,0
DA:4,0
DA:5,0
DA:6,0
DA:9,0
DA:11,0
DA:12,0
DA:15,0
DA:16,0
DA:19,0
DA:20,0
DA:21,0
DA:22,0
DA:24,0
DA:29,0
DA:30,0
DA:34,0
DA:35,0
DA:36,0
DA:37,0
DA:41,0
DA:42,0
DA:43,0
DA:47,0
DA:48,0
DA:49,0
DA:50,0
DA:51,0
DA:55,0
LF:31
LH:0
BRDA:12,0,0,0
BRDA:12,0,1,0
BRF:2
BRH:0
end_of_record
TN:
SF:server\database-init.ts
FN:6,initializeDatabase
FN:32,createTablesIfNotExist
FN:94,seedInitialData
FN:251,resetDatabase
FN:276,checkDatabaseHealth
FN:291,(anonymous_14)
FN:292,(anonymous_15)
FN:296,(anonymous_16)
FNF:8
FNH:0
FNDA:0,initializeDatabase
FNDA:0,createTablesIfNotExist
FNDA:0,seedInitialData
FNDA:0,resetDatabase
FNDA:0,checkDatabaseHealth
FNDA:0,(anonymous_14)
FNDA:0,(anonymous_15)
FNDA:0,(anonymous_16)
DA:1,0
DA:2,0
DA:3,0
DA:4,0
DA:6,0
DA:7,0
DA:8,0
DA:11,0
DA:12,0
DA:13,0
DA:14,0
DA:16,0
DA:19,0
DA:22,0
DA:24,0
DA:25,0
DA:27,0
DA:28,0
DA:33,0
DA:35,0
DA:49,0
DA:65,0
DA:80,0
DA:81,0
DA:82,0
DA:83,0
DA:84,0
DA:85,0
DA:87,0
DA:89,0
DA:90,0
DA:95,0
DA:97,0
DA:99,0
DA:100,0
DA:103,0
DA:104,0
DA:112,0
DA:115,0
DA:116,0
DA:124,0
DA:127,0
DA:212,0
DA:213,0
DA:216,0
DA:219,0
DA:230,0
DA:240,0
DA:241,0
DA:243,0
DA:246,0
DA:247,0
DA:251,0
DA:252,0
DA:253,0
DA:256,0
DA:257,0
DA:258,0
DA:260,0
DA:263,0
DA:265,0
DA:266,0
DA:269,0
DA:271,0
DA:272,0
DA:276,0
DA:283,0
DA:285,0
DA:291,0
DA:292,0
DA:294,0
DA:296,0
DA:301,0
LF:73
LH:0
BRDA:99,0,0,0
BRDA:99,0,1,0
BRDA:265,1,0,0
BRDA:265,1,1,0
BRF:4
BRH:0
end_of_record
TN:
SF:server\db.ts
FN:24,(anonymous_10)
FN:16,(anonymous_11)
FN:41,(anonymous_12)
FN:46,(anonymous_13)
FN:50,(anonymous_14)
FN:55,(anonymous_15)
FN:61,(anonymous_16)
FN:69,initializeDatabase
FN:80,(anonymous_18)
FN:81,(anonymous_19)
FN:89,(anonymous_20)
FN:113,(anonymous_21)
FN:119,(anonymous_22)
FN:127,(anonymous_23)
FN:139,(anonymous_24)
FN:146,(anonymous_25)
FN:160,(anonymous_26)
FN:164,(anonymous_27)
FN:168,(anonymous_28)
FN:181,(anonymous_29)
FNF:20
FNH:0
FNDA:0,(anonymous_10)
FNDA:0,(anonymous_11)
FNDA:0,(anonymous_12)
FNDA:0,(anonymous_13)
FNDA:0,(anonymous_14)
FNDA:0,(anonymous_15)
FNDA:0,(anonymous_16)
FNDA:0,initializeDatabase
FNDA:0,(anonymous_18)
FNDA:0,(anonymous_19)
FNDA:0,(anonymous_20)
FNDA:0,(anonymous_21)
FNDA:0,(anonymous_22)
FNDA:0,(anonymous_23)
FNDA:0,(anonymous_24)
FNDA:0,(anonymous_25)
FNDA:0,(anonymous_26)
FNDA:0,(anonymous_27)
FNDA:0,(anonymous_28)
FNDA:0,(anonymous_29)
DA:1,0
DA:2,0
DA:3,0
DA:4,0
DA:5,0
DA:6,0
DA:9,0
DA:16,0
DA:17,0
DA:18,0
DA:19,0
DA:20,0
DA:24,0
DA:27,0
DA:30,0
DA:42,0
DA:43,0
DA:47,0
DA:48,0
DA:51,0
DA:52,0
DA:53,0
DA:56,0
DA:57,0
DA:58,0
DA:61,0
DA:66,0
DA:67,0
DA:70,0
DA:71,0
DA:72,0
DA:75,0
DA:78,0
DA:81,0
DA:85,0
DA:86,0
DA:89,0
DA:90,0
DA:91,0
DA:93,0
DA:94,0
DA:99,0
DA:100,0
DA:101,0
DA:104,0
DA:109,0
DA:112,0
DA:114,0
DA:115,0
DA:117,0
DA:120,0
DA:121,0
DA:123,0
DA:127,0
DA:130,0
DA:131,0
DA:140,0
DA:141,0
DA:142,0
DA:144,0
DA:147,0
DA:148,0
DA:149,0
DA:151,0
DA:156,0
DA:157,0
DA:158,0
DA:160,0
DA:161,0
DA:164,0
DA:165,0
DA:168,0
DA:169,0
DA:173,0
DA:176,0
DA:181,0
DA:182,0
DA:184,0
DA:185,0
DA:186,0
DA:187,0
DA:190,0
DA:191,0
DA:192,0
DA:195,0
DA:197,0
DA:198,0
DA:202,0
LF:88
LH:0
BRDA:17,0,0,0
BRDA:17,0,1,0
BRDA:31,1,0,0
BRDA:31,1,1,0
BRDA:34,2,0,0
BRDA:34,2,1,0
BRDA:37,3,0,0
BRDA:37,3,1,0
BRDA:42,4,0,0
BRDA:42,4,1,0
BRDA:47,5,0,0
BRDA:47,5,1,0
BRDA:71,6,0,0
BRDA:71,6,1,0
BRDA:114,7,0,0
BRDA:114,7,1,0
BRDA:120,8,0,0
BRDA:120,8,1,0
BRDA:132,9,0,0
BRDA:132,9,1,0
BRDA:133,10,0,0
BRDA:133,10,1,0
BRDA:140,11,0,0
BRDA:140,11,1,0
BRDA:148,12,0,0
BRDA:148,12,1,0
BRDA:156,13,0,0
BRDA:156,13,1,0
BRDA:156,14,0,0
BRDA:156,14,1,0
BRDA:185,15,0,0
BRDA:185,15,1,0
BRDA:190,16,0,0
BRDA:190,16,1,0
BRF:34
BRH:0
end_of_record
TN:
SF:server\index.ts
FN:114,(anonymous_10)
FN:149,(anonymous_11)
FN:188,(anonymous_12)
FN:197,(anonymous_13)
FN:217,(anonymous_14)
FN:264,(anonymous_15)
FN:281,(anonymous_16)
FN:321,(anonymous_17)
FN:322,(anonymous_18)
FN:327,(anonymous_19)
FN:369,(anonymous_20)
FN:410,(anonymous_21)
FN:486,(anonymous_22)
FN:504,(anonymous_23)
FN:505,(anonymous_24)
FN:548,checkDatabaseConnection
FN:558,checkPythonServer
FN:568,checkFileSystem
FN:581,checkMemoryUsage
FN:630,(anonymous_29)
FN:663,(anonymous_30)
FN:701,startServer
FNF:22
FNH:0
FNDA:0,(anonymous_10)
FNDA:0,(anonymous_11)
FNDA:0,(anonymous_12)
FNDA:0,(anonymous_13)
FNDA:0,(anonymous_14)
FNDA:0,(anonymous_15)
FNDA:0,(anonymous_16)
FNDA:0,(anonymous_17)
FNDA:0,(anonymous_18)
FNDA:0,(anonymous_19)
FNDA:0,(anonymous_20)
FNDA:0,(anonymous_21)
FNDA:0,(anonymous_22)
FNDA:0,(anonymous_23)
FNDA:0,(anonymous_24)
FNDA:0,checkDatabaseConnection
FNDA:0,checkPythonServer
FNDA:0,checkFileSystem
FNDA:0,checkMemoryUsage
FNDA:0,(anonymous_29)
FNDA:0,(anonymous_30)
FNDA:0,startServer
DA:1,0
DA:2,0
DA:3,0
DA:4,0
DA:5,0
DA:7,0
DA:10,0
DA:11,0
DA:12,0
DA:16,0
DA:17,0
DA:18,0
DA:19,0
DA:20,0
DA:21,0
DA:22,0
DA:23,0
DA:26,0
DA:27,0
DA:30,0
DA:42,0
DA:43,0
DA:44,0
DA:66,0
DA:72,0
DA:77,0
DA:78,0
DA:81,0
DA:82,0
DA:83,0
DA:84,0
DA:88,0
DA:91,0
DA:92,0
DA:99,0
DA:101,0
DA:102,0
DA:106,0
DA:114,0
DA:118,0
DA:128,0
DA:138,0
DA:148,0
DA:151,0
DA:152,0
DA:156,0
DA:163,0
DA:179,0
DA:182,0
DA:190,0
DA:193,0
DA:194,0
DA:198,0
DA:205,0
DA:206,0
DA:216,0
DA:219,0
DA:221,0
DA:228,0
DA:229,0
DA:231,0
DA:258,0
DA:261,0
DA:264,0
DA:265,0
DA:266,0
DA:267,0
DA:268,0
DA:269,0
DA:270,0
DA:273,0
DA:274,0
DA:277,0
DA:281,0
DA:282,0
DA:290,0
DA:297,0
DA:300,0
DA:301,0
DA:302,0
DA:308,0
DA:309,0
DA:312,0
DA:315,0
DA:316,0
DA:317,0
DA:320,0
DA:321,0
DA:324,0
DA:325,0
DA:327,0
DA:328,0
DA:329,0
DA:340,0
DA:344,0
DA:345,0
DA:348,0
DA:349,0
DA:350,0
DA:351,0
DA:354,0
DA:357,0
DA:360,0
DA:363,0
DA:366,0
DA:369,0
DA:371,0
DA:383,0
DA:387,0
DA:388,0
DA:389,0
DA:410,0
DA:411,0
DA:412,0
DA:413,0
DA:414,0
DA:416,0
DA:417,0
DA:423,0
DA:486,0
DA:487,0
DA:489,0
DA:491,0
DA:494,0
DA:497,0
DA:500,0
DA:503,0
DA:504,0
DA:505,0
DA:507,0
DA:509,0
DA:529,0
DA:530,0
DA:531,0
DA:532,0
DA:535,0
DA:537,0
DA:538,0
DA:549,0
DA:551,0
DA:553,0
DA:554,0
DA:559,0
DA:561,0
DA:563,0
DA:564,0
DA:569,0
DA:571,0
DA:572,0
DA:573,0
DA:574,0
DA:576,0
DA:577,0
DA:582,0
DA:583,0
DA:584,0
DA:585,0
DA:587,0
DA:588,0
DA:589,0
DA:590,0
DA:593,0
DA:630,0
DA:631,0
DA:632,0
DA:633,0
DA:634,0
DA:636,0
DA:637,0
DA:645,0
DA:653,0
DA:654,0
DA:663,0
DA:664,0
DA:665,0
DA:666,0
DA:673,0
DA:682,0
DA:685,0
DA:688,0
DA:689,0
DA:692,0
DA:702,0
DA:706,0
DA:707,0
DA:709,0
DA:710,0
DA:714,0
DA:716,0
DA:717,0
DA:720,0
DA:721,0
DA:725,0
DA:726,0
DA:728,0
DA:729,0
DA:730,0
DA:732,0
DA:737,0
DA:738,0
DA:745,0
LF:201
LH:0
BRDA:72,0,0,0
BRDA:72,0,1,0
BRDA:77,1,0,0
BRDA:77,1,1,0
BRDA:82,2,0,0
BRDA:82,2,1,0
BRDA:108,3,0,0
BRDA:108,3,1,0
BRDA:151,4,0,0
BRDA:151,4,1,0
BRDA:183,5,0,0
BRDA:183,5,1,0
BRDA:193,6,0,0
BRDA:193,6,1,0
BRDA:200,7,0,0
BRDA:200,7,1,0
BRDA:205,8,0,0
BRDA:205,8,1,0
BRDA:219,9,0,0
BRDA:219,9,1,0
BRDA:228,10,0,0
BRDA:228,10,1,0
BRDA:228,11,0,0
BRDA:228,11,1,0
BRDA:266,12,0,0
BRDA:266,12,1,0
BRDA:273,13,0,0
BRDA:273,13,1,0
BRDA:284,14,0,0
BRDA:284,14,1,0
BRDA:292,15,0,0
BRDA:292,15,1,0
BRDA:387,16,0,0
BRDA:387,16,1,0
BRDA:507,17,0,0
BRDA:507,17,1,0
BRDA:507,18,0,0
BRDA:507,18,1,0
BRDA:529,19,0,0
BRDA:529,19,1,0
BRDA:530,20,0,0
BRDA:530,20,1,0
BRDA:531,21,0,0
BRDA:531,21,1,0
BRDA:532,22,0,0
BRDA:532,22,1,0
BRDA:541,23,0,0
BRDA:541,23,1,0
BRDA:587,24,0,0
BRDA:587,24,1,0
BRDA:589,25,0,0
BRDA:589,25,1,0
BRDA:636,26,0,0
BRDA:636,26,1,0
BRDA:668,27,0,0
BRDA:668,27,1,0
BRDA:716,28,0,0
BRDA:716,28,1,0
BRDA:728,29,0,0
BRDA:728,29,1,0
BRF:60
BRH:0
end_of_record
TN:
SF:server\vite.ts
FN:11,log
FN:22,setupVite
FN:34,(anonymous_3)
FN:44,(anonymous_4)
FN:70,serveStatic
FN:82,(anonymous_6)
FNF:6
FNH:0
FNDA:0,log
FNDA:0,setupVite
FNDA:0,(anonymous_3)
FNDA:0,(anonymous_4)
FNDA:0,serveStatic
FNDA:0,(anonymous_6)
DA:1,0
DA:2,0
DA:3,0
DA:4,0
DA:5,0
DA:6,0
DA:7,0
DA:9,0
DA:11,0
DA:12,0
DA:19,0
DA:22,0
DA:23,0
DA:29,0
DA:35,0
DA:36,0
DA:43,0
DA:44,0
DA:45,0
DA:47,0
DA:48,0
DA:56,0
DA:57,0
DA:61,0
DA:62,0
DA:64,0
DA:65,0
DA:70,0
DA:71,0
DA:73,0
DA:74,0
DA:79,0
DA:82,0
DA:83,0
LF:34
LH:0
BRDA:11,0,0,0
BRDA:73,1,0,0
BRDA:73,1,1,0
BRF:3
BRH:0
end_of_record
TN:
SF:server\config\alerting-system.ts
FN:5,(anonymous_0)
FN:10,(anonymous_1)
FN:11,(anonymous_2)
FN:15,(anonymous_3)
FN:21,(anonymous_4)
FN:25,(anonymous_5)
FNF:6
FNH:0
FNDA:0,(anonymous_0)
FNDA:0,(anonymous_1)
FNDA:0,(anonymous_2)
FNDA:0,(anonymous_3)
FNDA:0,(anonymous_4)
FNDA:0,(anonymous_5)
DA:1,0
DA:2,0
DA:6,0
DA:7,0
DA:11,0
DA:12,0
DA:15,0
DA:16,0
DA:22,0
DA:26,0
DA:35,0
DA:37,0
LF:12
LH:0
BRDA:25,0,0,0
BRF:1
BRH:0
end_of_record
TN:
SF:server\config\audit-logger.ts
FN:4,(anonymous_0)
FN:11,(anonymous_1)
FN:12,(anonymous_2)
FN:15,(anonymous_3)
FNF:4
FNH:0
FNDA:0,(anonymous_0)
FNDA:0,(anonymous_1)
FNDA:0,(anonymous_2)
FNDA:0,(anonymous_3)
DA:1,0
DA:2,0
DA:4,0
DA:5,0
DA:8,0
DA:12,0
DA:13,0
DA:15,0
DA:16,0
DA:27,0
DA:30,0
DA:35,0
LF:12
LH:0
BRDA:24,0,0,0
BRDA:24,0,1,0
BRF:2
BRH:0
end_of_record
TN:
SF:server\config\constants.ts
FNF:0
FNH:0
DA:2,0
DA:3,0
DA:6,0
DA:7,0
DA:8,0
DA:11,0
DA:12,0
LF:7
LH:0
BRDA:2,0,0,0
BRDA:2,0,1,0
BRDA:3,1,0,0
BRDA:3,1,1,0
BRF:4
BRH:0
end_of_record
TN:
SF:server\config\environment-manager.ts
FN:89,(anonymous_1)
FN:95,(anonymous_2)
FN:106,(anonymous_3)
FN:188,(anonymous_4)
FN:203,(anonymous_5)
FN:230,(anonymous_6)
FN:274,(anonymous_7)
FN:288,(anonymous_8)
FN:290,(anonymous_9)
FN:293,(anonymous_10)
FN:295,(anonymous_11)
FN:298,(anonymous_12)
FN:307,(anonymous_13)
FN:311,(anonymous_14)
FN:315,(anonymous_15)
FN:319,(anonymous_16)
FN:323,(anonymous_17)
FN:327,(anonymous_18)
FN:334,(anonymous_19)
FN:338,(anonymous_20)
FN:342,(anonymous_21)
FN:346,(anonymous_22)
FN:350,(anonymous_23)
FN:354,(anonymous_24)
FN:358,(anonymous_25)
FN:362,(anonymous_26)
FN:366,(anonymous_27)
FN:371,(anonymous_28)
FNF:28
FNH:0
FNDA:0,(anonymous_1)
FNDA:0,(anonymous_2)
FNDA:0,(anonymous_3)
FNDA:0,(anonymous_4)
FNDA:0,(anonymous_5)
FNDA:0,(anonymous_6)
FNDA:0,(anonymous_7)
FNDA:0,(anonymous_8)
FNDA:0,(anonymous_9)
FNDA:0,(anonymous_10)
FNDA:0,(anonymous_11)
FNDA:0,(anonymous_12)
FNDA:0,(anonymous_13)
FNDA:0,(anonymous_14)
FNDA:0,(anonymous_15)
FNDA:0,(anonymous_16)
FNDA:0,(anonymous_17)
FNDA:0,(anonymous_18)
FNDA:0,(anonymous_19)
FNDA:0,(anonymous_20)
FNDA:0,(anonymous_21)
FNDA:0,(anonymous_22)
FNDA:0,(anonymous_23)
FNDA:0,(anonymous_24)
FNDA:0,(anonymous_25)
FNDA:0,(anonymous_26)
FNDA:0,(anonymous_27)
FNDA:0,(anonymous_28)
DA:1,0
DA:2,0
DA:3,0
DA:90,0
DA:91,0
DA:92,0
DA:97,0
DA:100,0
DA:103,0
DA:107,0
DA:189,0
DA:191,0
DA:192,0
DA:193,0
DA:194,0
DA:197,0
DA:200,0
DA:204,0
DA:231,0
DA:234,0
DA:235,0
DA:238,0
DA:239,0
DA:242,0
DA:243,0
DA:246,0
DA:247,0
DA:251,0
DA:252,0
DA:253,0
DA:256,0
DA:257,0
DA:260,0
DA:261,0
DA:264,0
DA:265,0
DA:269,0
DA:270,0
DA:275,0
DA:277,0
DA:278,0
DA:281,0
DA:282,0
DA:285,0
DA:289,0
DA:290,0
DA:294,0
DA:295,0
DA:299,0
DA:300,0
DA:303,0
DA:308,0
DA:312,0
DA:316,0
DA:320,0
DA:324,0
DA:328,0
DA:329,0
DA:330,0
DA:335,0
DA:339,0
DA:343,0
DA:347,0
DA:351,0
DA:355,0
DA:359,0
DA:363,0
DA:367,0
DA:372,0
DA:397,0
DA:399,0
DA:400,0
LF:72
LH:0
BRDA:90,0,0,0
BRDA:90,0,1,0
BRDA:110,1,0,0
BRDA:110,1,1,0
BRDA:113,2,0,0
BRDA:113,2,1,0
BRDA:114,3,0,0
BRDA:114,3,1,0
BRDA:117,4,0,0
BRDA:117,4,1,0
BRDA:118,5,0,0
BRDA:118,5,1,0
BRDA:124,6,0,0
BRDA:124,6,1,0
BRDA:125,7,0,0
BRDA:125,7,1,0
BRDA:129,8,0,0
BRDA:129,8,1,0
BRDA:131,9,0,0
BRDA:131,9,1,0
BRDA:132,10,0,0
BRDA:132,10,1,0
BRDA:136,11,0,0
BRDA:136,11,1,0
BRDA:137,12,0,0
BRDA:137,12,1,0
BRDA:141,13,0,0
BRDA:141,13,1,0
BRDA:142,14,0,0
BRDA:142,14,1,0
BRDA:143,15,0,0
BRDA:143,15,1,0
BRDA:144,16,0,0
BRDA:144,16,1,0
BRDA:147,17,0,0
BRDA:147,17,1,0
BRDA:148,18,0,0
BRDA:148,18,1,0
BRDA:149,19,0,0
BRDA:149,19,1,0
BRDA:156,20,0,0
BRDA:156,20,1,0
BRDA:165,21,0,0
BRDA:165,21,1,0
BRDA:169,22,0,0
BRDA:169,22,1,0
BRDA:172,23,0,0
BRDA:172,23,1,0
BRDA:175,24,0,0
BRDA:175,24,1,0
BRDA:176,25,0,0
BRDA:176,25,1,0
BRDA:180,26,0,0
BRDA:180,26,1,0
BRDA:182,27,0,0
BRDA:182,27,1,0
BRDA:192,28,0,0
BRDA:192,28,1,0
BRDA:223,29,0,0
BRDA:223,29,1,0
BRDA:224,30,0,0
BRDA:224,30,1,0
BRDA:225,31,0,0
BRDA:225,31,1,0
BRDA:234,32,0,0
BRDA:234,32,1,0
BRDA:234,33,0,0
BRDA:234,33,1,0
BRDA:238,34,0,0
BRDA:238,34,1,0
BRDA:238,35,0,0
BRDA:238,35,1,0
BRDA:242,36,0,0
BRDA:242,36,1,0
BRDA:242,37,0,0
BRDA:242,37,1,0
BRDA:246,38,0,0
BRDA:246,38,1,0
BRDA:251,39,0,0
BRDA:251,39,1,0
BRDA:252,40,0,0
BRDA:252,40,1,0
BRDA:256,41,0,0
BRDA:256,41,1,0
BRDA:260,42,0,0
BRDA:260,42,1,0
BRDA:264,43,0,0
BRDA:264,43,1,0
BRDA:269,44,0,0
BRDA:269,44,1,0
BRDA:275,45,0,0
BRDA:275,45,1,0
BRDA:277,46,0,0
BRDA:277,46,1,0
BRDA:277,47,0,0
BRDA:277,47,1,0
BRDA:281,48,0,0
BRDA:281,48,1,0
BRDA:289,49,0,0
BRDA:289,49,1,0
BRDA:294,50,0,0
BRDA:294,50,1,0
BRDA:299,51,0,0
BRDA:299,51,1,0
BRF:104
BRH:0
end_of_record
TN:
SF:server\config\environment.ts
FN:67,(anonymous_1)
FN:76,loadEnvironment
FN:92,(anonymous_3)
FN:108,validateProductionConfig
FN:128,(anonymous_5)
FN:131,(anonymous_6)
FN:139,ensureDirectoryExists
FN:150,getConfig
FN:157,getDatabaseConfig
FN:180,getCorsConfig
FN:181,(anonymous_11)
FN:184,(anonymous_12)
FN:195,getRateLimitConfig
FN:213,getUploadConfig
FNF:14
FNH:0
FNDA:0,(anonymous_1)
FNDA:0,loadEnvironment
FNDA:0,(anonymous_3)
FNDA:0,validateProductionConfig
FNDA:0,(anonymous_5)
FNDA:0,(anonymous_6)
FNDA:0,ensureDirectoryExists
FNDA:0,getConfig
FNDA:0,getDatabaseConfig
FNDA:0,getCorsConfig
FNDA:0,(anonymous_11)
FNDA:0,(anonymous_12)
FNDA:0,getRateLimitConfig
FNDA:0,getUploadConfig
DA:1,0
DA:2,0
DA:3,0
DA:6,0
DA:67,0
DA:68,0
DA:69,0
DA:77,0
DA:79,0
DA:82,0
DA:83,0
DA:87,0
DA:89,0
DA:91,0
DA:92,0
DA:93,0
DA:96,0
DA:101,0
DA:109,0
DA:128,0
DA:130,0
DA:131,0
DA:132,0
DA:140,0
DA:142,0
DA:143,0
DA:150,0
DA:151,0
DA:157,0
DA:158,0
DA:180,0
DA:181,0
DA:183,0
DA:184,0
DA:195,0
DA:196,0
DA:213,0
DA:214,0
DA:232,0
DA:235,0
LF:40
LH:0
BRDA:82,0,0,0
BRDA:82,0,1,0
BRDA:91,1,0,0
BRDA:91,1,1,0
BRDA:130,2,0,0
BRDA:130,2,1,0
BRDA:142,3,0,0
BRDA:142,3,1,0
BRDA:162,4,0,0
BRDA:162,4,1,0
BRDA:184,5,0,0
BRDA:184,5,1,0
BRF:12
BRH:0
end_of_record
TN:
SF:server\config\features.ts
FN:35,(anonymous_0)
FNF:1
FNH:0
FNDA:0,(anonymous_0)
DA:2,0
DA:36,0
DA:41,0
LF:3
LH:0
BRDA:4,0,0,0
BRDA:4,0,1,0
BRDA:7,1,0,0
BRDA:7,1,1,0
BRDA:10,2,0,0
BRDA:10,2,1,0
BRDA:35,3,0,0
BRDA:36,4,0,0
BRDA:36,4,1,0
BRF:9
BRH:0
end_of_record
TN:
SF:server\config\index.ts
FN:15,(anonymous_0)
FN:16,(anonymous_1)
FN:17,(anonymous_2)
FN:18,(anonymous_3)
FN:19,(anonymous_4)
FN:20,(anonymous_5)
FN:21,(anonymous_6)
FN:22,(anonymous_7)
FN:23,(anonymous_8)
FN:24,(anonymous_9)
FN:29,validateConfiguration
FN:50,(anonymous_11)
FN:121,(anonymous_12)
FN:139,logConfigurationSummary
FNF:14
FNH:0
FNDA:0,(anonymous_0)
FNDA:0,(anonymous_1)
FNDA:0,(anonymous_2)
FNDA:0,(anonymous_3)
FNDA:0,(anonymous_4)
FNDA:0,(anonymous_5)
FNDA:0,(anonymous_6)
FNDA:0,(anonymous_7)
FNDA:0,(anonymous_8)
FNDA:0,(anonymous_9)
FNDA:0,validateConfiguration
FNDA:0,(anonymous_11)
FNDA:0,(anonymous_12)
FNDA:0,logConfigurationSummary
DA:1,0
DA:11,0
DA:15,0
DA:16,0
DA:17,0
DA:18,0
DA:19,0
DA:20,0
DA:21,0
DA:22,0
DA:23,0
DA:24,0
DA:29,0
DA:30,0
DA:31,0
DA:34,0
DA:35,0
DA:41,0
DA:42,0
DA:48,0
DA:49,0
DA:50,0
DA:52,0
DA:57,0
DA:59,0
DA:60,0
DA:64,0
DA:70,0
DA:76,0
DA:77,0
DA:80,0
DA:81,0
DA:86,0
DA:88,0
DA:93,0
DA:94,0
DA:95,0
DA:98,0
DA:108,0
DA:117,0
DA:121,0
DA:125,0
DA:132,0
DA:139,0
DA:140,0
LF:45
LH:0
BRDA:59,0,0,0
BRDA:59,0,1,0
BRDA:80,1,0,0
BRDA:80,1,1,0
BRDA:127,2,0,0
BRDA:127,2,1,0
BRDA:128,3,0,0
BRDA:128,3,1,0
BRF:8
BRH:0
end_of_record
TN:
SF:server\config\logger.ts
FN:27,(anonymous_1)
FN:41,createTransports
FN:98,createRequestLogger
FN:99,(anonymous_4)
FN:112,(anonymous_5)
FN:131,logError
FN:142,logPerformance
FN:152,logSecurity
FN:161,logDatabase
FN:170,logAIEngine
FN:179,logAnalysis
FN:214,logPythonBridge
FN:241,logFileProcessing
FN:264,logSystemHealth
FN:288,logUserActivity
FNF:15
FNH:0
FNDA:0,(anonymous_1)
FNDA:0,createTransports
FNDA:0,createRequestLogger
FNDA:0,(anonymous_4)
FNDA:0,(anonymous_5)
FNDA:0,logError
FNDA:0,logPerformance
FNDA:0,logSecurity
FNDA:0,logDatabase
FNDA:0,logAIEngine
FNDA:0,logAnalysis
FNDA:0,logPythonBridge
FNDA:0,logFileProcessing
FNDA:0,logSystemHealth
FNDA:0,logUserActivity
DA:1,0
DA:2,0
DA:3,0
DA:6,0
DA:14,0
DA:21,0
DA:24,0
DA:28,0
DA:29,0
DA:34,0
DA:42,0
DA:45,0
DA:53,0
DA:54,0
DA:55,0
DA:58,0
DA:59,0
DA:60,0
DA:64,0
DA:75,0
DA:85,0
DA:89,0
DA:98,0
DA:99,0
DA:100,0
DA:103,0
DA:112,0
DA:113,0
DA:114,0
DA:116,0
DA:126,0
DA:131,0
DA:132,0
DA:142,0
DA:143,0
DA:152,0
DA:153,0
DA:161,0
DA:162,0
DA:170,0
DA:171,0
DA:179,0
DA:204,0
DA:206,0
DA:214,0
DA:230,0
DA:233,0
DA:241,0
DA:254,0
DA:256,0
DA:264,0
DA:277,0
DA:279,0
DA:288,0
DA:301,0
DA:309,0
LF:56
LH:0
BRDA:28,0,0,0
BRDA:28,0,1,0
BRDA:48,1,0,0
BRDA:48,1,1,0
BRDA:53,2,0,0
BRDA:53,2,1,0
BRDA:53,3,0,0
BRDA:53,3,1,0
BRDA:54,4,0,0
BRDA:54,4,1,0
BRDA:55,5,0,0
BRDA:55,5,1,0
BRDA:59,6,0,0
BRDA:59,6,1,0
BRDA:92,7,0,0
BRDA:92,7,1,0
BRDA:114,8,0,0
BRDA:114,8,1,0
BRDA:204,9,0,0
BRDA:204,9,1,0
BRDA:204,10,0,0
BRDA:204,10,1,0
BRDA:230,11,0,0
BRDA:230,11,1,0
BRDA:230,12,0,0
BRDA:230,12,1,0
BRDA:231,13,0,0
BRDA:231,13,1,0
BRDA:231,14,0,0
BRDA:231,14,1,0
BRDA:254,15,0,0
BRDA:254,15,1,0
BRDA:277,16,0,0
BRDA:277,16,1,0
BRDA:277,17,0,0
BRDA:277,17,1,0
BRF:36
BRH:0
end_of_record
TN:
SF:server\config\metrics.ts
FN:8,(anonymous_0)
FN:9,(anonymous_1)
FN:12,(anonymous_2)
FNF:3
FNH:0
FNDA:0,(anonymous_0)
FNDA:0,(anonymous_1)
FNDA:0,(anonymous_2)
DA:1,0
DA:3,0
DA:6,0
DA:8,0
DA:9,0
DA:10,0
DA:12,0
DA:13,0
DA:17,0
LF:9
LH:0
BRF:0
BRH:0
end_of_record
TN:
SF:server\config\monitoring.ts
FN:20,(anonymous_0)
FN:41,(anonymous_1)
FN:58,(anonymous_2)
FN:77,redactSensitiveData
FN:101,maskApiKey
FN:108,(anonymous_5)
FN:113,(anonymous_6)
FN:118,(anonymous_7)
FNF:8
FNH:0
FNDA:0,(anonymous_0)
FNDA:0,(anonymous_1)
FNDA:0,(anonymous_2)
FNDA:0,redactSensitiveData
FNDA:0,maskApiKey
FNDA:0,(anonymous_5)
FNDA:0,(anonymous_6)
FNDA:0,(anonymous_7)
DA:1,0
DA:3,0
DA:6,0
DA:20,0
DA:21,0
DA:22,0
DA:24,0
DA:41,0
DA:42,0
DA:44,0
DA:58,0
DA:59,0
DA:60,0
DA:62,0
DA:78,0
DA:80,0
DA:85,0
DA:87,0
DA:88,0
DA:89,0
DA:90,0
DA:91,0
DA:93,0
DA:97,0
DA:102,0
DA:103,0
DA:104,0
DA:108,0
DA:113,0
DA:114,0
DA:118,0
DA:119,0
DA:123,0
LF:33
LH:0
BRDA:22,0,0,0
BRDA:22,0,1,0
BRDA:78,1,0,0
BRDA:78,1,1,0
BRDA:78,2,0,0
BRDA:78,2,1,0
BRDA:85,3,0,0
BRDA:85,3,1,0
BRDA:88,4,0,0
BRDA:88,4,1,0
BRDA:90,5,0,0
BRDA:90,5,1,0
BRDA:90,6,0,0
BRDA:90,6,1,0
BRDA:101,7,0,0
BRDA:102,8,0,0
BRDA:102,8,1,0
BRDA:103,9,0,0
BRDA:103,9,1,0
BRF:19
BRH:0
end_of_record
TN:
SF:server\config\python-config.ts
FNF:0
FNH:0
DA:1,0
DA:3,0
DA:5,0
DA:94,0
LF:4
LH:0
BRDA:7,0,0,0
BRDA:7,0,1,0
BRDA:10,1,0,0
BRDA:10,1,1,0
BRDA:13,2,0,0
BRDA:13,2,1,0
BRDA:16,3,0,0
BRDA:16,3,1,0
BRDA:19,4,0,0
BRDA:19,4,1,0
BRDA:25,5,0,0
BRDA:25,5,1,0
BRDA:30,6,0,0
BRDA:30,6,1,0
BRDA:53,7,0,0
BRDA:53,7,1,0
BRDA:60,8,0,0
BRDA:60,8,1,0
BRDA:61,9,0,0
BRDA:61,9,1,0
BRDA:62,10,0,0
BRDA:62,10,1,0
BRDA:67,11,0,0
BRDA:67,11,1,0
BRDA:68,12,0,0
BRDA:68,12,1,0
BRDA:69,13,0,0
BRDA:69,13,1,0
BRDA:70,14,0,0
BRDA:70,14,1,0
BRDA:75,15,0,0
BRDA:75,15,1,0
BRDA:76,16,0,0
BRDA:76,16,1,0
BRDA:77,17,0,0
BRDA:77,17,1,0
BRDA:87,18,0,0
BRDA:87,18,1,0
BRDA:90,19,0,0
BRDA:90,19,1,0
BRF:40
BRH:0
end_of_record
TN:
SF:server\config\rateLimiter.ts
FN:31,extractTokenFromQuery
FNF:1
FNH:0
FNDA:0,extractTokenFromQuery
DA:1,0
DA:4,0
DA:20,0
DA:25,0
DA:31,0
DA:32,0
DA:33,0
DA:34,0
DA:36,0
LF:9
LH:0
BRF:0
BRH:0
end_of_record
TN:
SF:server\config\security-config.ts
FN:9,(anonymous_1)
FN:41,(anonymous_2)
FN:66,(anonymous_3)
FN:69,(anonymous_4)
FN:71,(anonymous_5)
FN:85,(anonymous_6)
FN:97,(anonymous_7)
FN:105,(anonymous_8)
FN:115,(anonymous_9)
FN:135,(anonymous_10)
FNF:10
FNH:0
FNDA:0,(anonymous_1)
FNDA:0,(anonymous_2)
FNDA:0,(anonymous_3)
FNDA:0,(anonymous_4)
FNDA:0,(anonymous_5)
FNDA:0,(anonymous_6)
FNDA:0,(anonymous_7)
FNDA:0,(anonymous_8)
FNDA:0,(anonymous_9)
FNDA:0,(anonymous_10)
DA:2,0
DA:3,0
DA:4,0
DA:5,0
DA:6,0
DA:7,0
DA:9,0
DA:11,0
DA:12,0
DA:13,0
DA:39,0
DA:40,0
DA:42,0
DA:44,0
DA:46,0
DA:47,0
DA:59,0
DA:60,0
DA:68,0
DA:69,0
DA:72,0
DA:73,0
DA:81,0
DA:85,0
DA:87,0
DA:93,0
DA:97,0
DA:99,0
DA:100,0
DA:101,0
DA:102,0
DA:103,0
DA:106,0
DA:107,0
DA:111,0
DA:115,0
DA:116,0
DA:117,0
DA:122,0
DA:128,0
DA:131,0
DA:135,0
LF:42
LH:0
BRDA:11,0,0,0
BRDA:11,0,1,0
BRDA:28,1,0,0
BRDA:28,1,1,0
BRDA:39,2,0,0
BRDA:39,2,1,0
BRDA:42,3,0,0
BRDA:42,3,1,0
BRDA:42,4,0,0
BRDA:42,4,1,0
BRDA:42,4,2,0
BRDA:59,5,0,0
BRDA:59,5,1,0
BRDA:76,6,0,0
BRDA:76,6,1,0
BRDA:106,7,0,0
BRDA:106,7,1,0
BRDA:116,8,0,0
BRDA:116,8,1,0
BRF:19
BRH:0
end_of_record
TN:
SF:server\config\security.ts
FN:198,(anonymous_0)
FN:199,(anonymous_1)
FN:231,(anonymous_2)
FN:411,(anonymous_3)
FNF:4
FNH:0
FNDA:0,(anonymous_0)
FNDA:0,(anonymous_1)
FNDA:0,(anonymous_2)
FNDA:0,(anonymous_3)
DA:2,0
DA:170,0
DA:198,0
DA:200,0
DA:201,0
DA:231,0
DA:411,0
DA:413,0
LF:8
LH:0
BRDA:173,0,0,0
BRDA:173,0,1,0
BRDA:231,1,0,0
BRDA:231,1,1,0
BRDA:240,2,0,0
BRDA:240,2,1,0
BRDA:353,3,0,0
BRDA:353,3,1,0
BRDA:381,4,0,0
BRDA:381,4,1,0
BRF:10
BRH:0
end_of_record
TN:
SF:server\config\supabase.ts
FN:60,testSupabaseConnection
FN:78,verifyAuthHeader
FN:99,(anonymous_2)
FNF:3
FNH:0
FNDA:0,testSupabaseConnection
FNDA:0,verifyAuthHeader
FNDA:0,(anonymous_2)
DA:1,0
DA:2,0
DA:3,0
DA:6,0
DA:13,0
DA:14,0
DA:15,0
DA:19,0
DA:35,0
DA:47,0
DA:60,0
DA:61,0
DA:62,0
DA:64,0
DA:65,0
DA:66,0
DA:69,0
DA:70,0
DA:72,0
DA:73,0
DA:78,0
DA:79,0
DA:80,0
DA:83,0
DA:85,0
DA:86,0
DA:88,0
DA:89,0
DA:92,0
DA:94,0
DA:99,0
DA:100,0
DA:101,0
DA:103,0
DA:104,0
DA:110,0
DA:111,0
DA:114,0
LF:38
LH:0
BRDA:14,0,0,0
BRDA:14,0,1,0
BRDA:64,1,0,0
BRDA:64,1,1,0
BRDA:79,2,0,0
BRDA:79,2,1,0
BRDA:79,3,0,0
BRDA:79,3,1,0
BRDA:88,4,0,0
BRDA:88,4,1,0
BRDA:88,5,0,0
BRDA:88,5,1,0
BRDA:89,6,0,0
BRDA:89,6,1,0
BRDA:100,7,0,0
BRDA:100,7,1,0
BRDA:103,8,0,0
BRDA:103,8,1,0
BRDA:106,9,0,0
BRDA:106,9,1,0
BRF:20
BRH:0
end_of_record
TN:
SF:server\config\validate-env.ts
FN:7,validateEnvironment
FN:18,(anonymous_1)
FNF:2
FNH:0
FNDA:0,validateEnvironment
FNDA:0,(anonymous_1)
DA:1,0
DA:2,0
DA:8,0
DA:18,0
DA:20,0
DA:21,0
DA:27,0
DA:28,0
DA:29,0
DA:33,0
DA:36,0
LF:11
LH:0
BRDA:20,0,0,0
BRDA:20,0,1,0
BRDA:27,1,0,0
BRDA:27,1,1,0
BRDA:28,2,0,0
BRDA:28,2,1,0
BRDA:28,3,0,0
BRDA:28,3,1,0
BRF:8
BRH:0
end_of_record
TN:
SF:server\config\validate.ts
FN:16,validateConfig
FNF:1
FNH:0
FNDA:0,validateConfig
DA:1,0
DA:2,0
DA:4,0
DA:16,0
DA:17,0
DA:22,0
DA:23,0
DA:24,0
DA:28,0
LF:9
LH:0
BRDA:22,0,0,0
BRDA:22,0,1,0
BRF:2
BRH:0
end_of_record
TN:
SF:server\controllers\auth.controller.ts
FN:14,(anonymous_0)
FN:40,(anonymous_1)
FN:103,(anonymous_2)
FN:226,(anonymous_3)
FN:273,(anonymous_4)
FN:290,(anonymous_5)
FN:308,(anonymous_6)
FN:324,(anonymous_7)
FN:345,(anonymous_8)
FNF:9
FNH:0
FNDA:0,(anonymous_0)
FNDA:0,(anonymous_1)
FNDA:0,(anonymous_2)
FNDA:0,(anonymous_3)
FNDA:0,(anonymous_4)
FNDA:0,(anonymous_5)
FNDA:0,(anonymous_6)
FNDA:0,(anonymous_7)
FNDA:0,(anonymous_8)
DA:1,0
DA:2,0
DA:3,0
DA:13,0
DA:15,0
DA:16,0
DA:18,0
DA:24,0
DA:26,0
DA:32,0
DA:33,0
DA:41,0
DA:42,0
DA:44,0
DA:49,0
DA:50,0
DA:58,0
DA:61,0
DA:70,0
DA:77,0
DA:85,0
DA:86,0
DA:94,0
DA:95,0
DA:104,0
DA:105,0
DA:106,0
DA:107,0
DA:115,0
DA:118,0
DA:119,0
DA:127,0
DA:129,0
DA:131,0
DA:139,0
DA:147,0
DA:148,0
DA:156,0
DA:159,0
DA:168,0
DA:178,0
DA:183,0
DA:190,0
DA:198,0
DA:200,0
DA:202,0
DA:203,0
DA:210,0
DA:211,0
DA:218,0
DA:227,0
DA:228,0
DA:229,0
DA:232,0
DA:233,0
DA:236,0
DA:237,0
DA:238,0
DA:239,0
DA:242,0
DA:243,0
DA:250,0
DA:251,0
DA:252,0
DA:253,0
DA:259,0
DA:264,0
DA:265,0
DA:274,0
DA:275,0
DA:276,0
DA:277,0
DA:279,0
DA:280,0
DA:281,0
DA:283,0
DA:285,0
DA:286,0
DA:291,0
DA:292,0
DA:293,0
DA:294,0
DA:296,0
DA:297,0
DA:298,0
DA:303,0
DA:304,0
DA:309,0
DA:310,0
DA:311,0
DA:312,0
DA:314,0
DA:315,0
DA:316,0
DA:318,0
DA:319,0
DA:325,0
DA:326,0
DA:327,0
DA:329,0
DA:330,0
DA:333,0
DA:338,0
DA:340,0
DA:341,0
DA:346,0
DA:347,0
DA:348,0
DA:350,0
DA:351,0
DA:354,0
DA:361,0
DA:362,0
DA:363,0
DA:364,0
DA:366,0
DA:368,0
DA:369,0
LF:118
LH:0
BRDA:24,0,0,0
BRDA:24,0,1,0
BRDA:49,1,0,0
BRDA:49,1,1,0
BRDA:65,2,0,0
BRDA:65,2,1,0
BRDA:66,3,0,0
BRDA:66,3,1,0
BRDA:106,4,0,0
BRDA:106,4,1,0
BRDA:118,5,0,0
BRDA:118,5,1,0
BRDA:127,6,0,0
BRDA:127,6,1,0
BRDA:147,7,0,0
BRDA:147,7,1,0
BRDA:202,8,0,0
BRDA:202,8,1,0
BRDA:210,9,0,0
BRDA:210,9,1,0
BRDA:236,10,0,0
BRDA:236,10,1,0
BRDA:242,11,0,0
BRDA:242,11,1,0
BRDA:250,12,0,0
BRDA:250,12,1,0
BRDA:276,13,0,0
BRDA:276,13,1,0
BRDA:280,14,0,0
BRDA:280,14,1,0
BRDA:293,15,0,0
BRDA:293,15,1,0
BRDA:298,16,0,0
BRDA:298,16,1,0
BRDA:300,17,0,0
BRDA:300,17,1,0
BRDA:311,18,0,0
BRDA:311,18,1,0
BRDA:316,19,0,0
BRDA:316,19,1,0
BRDA:329,20,0,0
BRDA:329,20,1,0
BRDA:335,21,0,0
BRDA:335,21,1,0
BRDA:350,22,0,0
BRDA:350,22,1,0
BRDA:350,23,0,0
BRDA:350,23,1,0
BRDA:361,24,0,0
BRDA:361,24,1,0
BRDA:362,25,0,0
BRDA:362,25,1,0
BRDA:363,26,0,0
BRDA:363,26,1,0
BRDA:364,27,0,0
BRDA:364,27,1,0
BRDA:369,28,0,0
BRDA:369,28,1,0
BRF:58
BRH:0
end_of_record
TN:
SF:server\controllers\health.controller.ts
FN:11,(anonymous_0)
FNF:1
FNH:0
FNDA:0,(anonymous_0)
DA:1,0
DA:2,0
DA:3,0
DA:4,0
DA:11,0
DA:12,0
DA:13,0
DA:19,0
DA:21,0
DA:24,0
DA:25,0
DA:27,0
DA:30,0
DA:31,0
DA:32,0
DA:34,0
DA:44,0
DA:51,0
DA:53,0
DA:54,0
DA:59,0
DA:69,0
LF:22
LH:0
BRDA:24,0,0,0
BRDA:24,0,1,0
BRDA:35,1,0,0
BRDA:35,1,1,0
BRDA:38,2,0,0
BRDA:38,2,1,0
BRDA:51,3,0,0
BRDA:51,3,1,0
BRDA:53,4,0,0
BRDA:53,4,1,0
BRDA:56,5,0,0
BRDA:56,5,1,0
BRDA:63,6,0,0
BRDA:63,6,1,0
BRF:14
BRH:0
end_of_record
TN:
SF:server\db\run-migrations.ts
FN:19,getMigrationFiles
FN:24,(anonymous_2)
FN:46,createMigrationsTable
FN:63,getAppliedMigrations
FN:66,(anonymous_5)
FN:73,applyMigration
FN:80,(anonymous_7)
FN:81,(anonymous_8)
FN:110,runMigrations
FN:172,(anonymous_10)
FN:181,(anonymous_11)
FNF:11
FNH:0
FNDA:0,getMigrationFiles
FNDA:0,(anonymous_2)
FNDA:0,createMigrationsTable
FNDA:0,getAppliedMigrations
FNDA:0,(anonymous_5)
FNDA:0,applyMigration
FNDA:0,(anonymous_7)
FNDA:0,(anonymous_8)
FNDA:0,runMigrations
FNDA:0,(anonymous_10)
FNDA:0,(anonymous_11)
DA:6,0
DA:7,0
DA:8,0
DA:9,0
DA:10,0
DA:20,0
DA:22,0
DA:23,0
DA:24,0
DA:26,0
DA:28,0
DA:29,0
DA:30,0
DA:32,0
DA:39,0
DA:41,0
DA:42,0
DA:47,0
DA:48,0
DA:56,0
DA:58,0
DA:59,0
DA:64,0
DA:65,0
DA:66,0
DA:68,0
DA:69,0
DA:74,0
DA:75,0
DA:78,0
DA:80,0
DA:81,0
DA:84,0
DA:85,0
DA:86,0
DA:89,0
DA:90,0
DA:96,0
DA:102,0
DA:103,0
DA:105,0
DA:106,0
DA:110,0
DA:116,0
DA:123,0
DA:125,0
DA:126,0
DA:127,0
DA:130,0
DA:133,0
DA:136,0
DA:137,0
DA:139,0
DA:140,0
DA:143,0
DA:144,0
DA:145,0
DA:146,0
DA:147,0
DA:150,0
DA:152,0
DA:153,0
DA:155,0
DA:156,0
DA:160,0
DA:162,0
DA:164,0
DA:165,0
DA:170,0
DA:171,0
DA:173,0
DA:174,0
DA:175,0
DA:176,0
DA:177,0
DA:179,0
DA:182,0
DA:183,0
LF:78
LH:0
BRDA:81,0,0,0
BRDA:81,0,1,0
BRDA:89,1,0,0
BRDA:89,1,1,0
BRDA:125,2,0,0
BRDA:125,2,1,0
BRDA:144,3,0,0
BRDA:144,3,1,0
BRDA:152,4,0,0
BRDA:152,4,1,0
BRDA:170,5,0,0
BRDA:170,5,1,0
BRDA:177,6,0,0
BRDA:177,6,1,0
BRDA:179,7,0,0
BRDA:179,7,1,0
BRF:16
BRH:0
end_of_record
TN:
SF:server\db\schema.ts
FN:41,(anonymous_0)
FN:66,(anonymous_1)
FN:74,(anonymous_2)
FN:88,(anonymous_3)
FN:100,(anonymous_4)
FN:101,(anonymous_5)
FN:102,(anonymous_6)
FNF:7
FNH:0
FNDA:0,(anonymous_0)
FNDA:0,(anonymous_1)
FNDA:0,(anonymous_2)
FNDA:0,(anonymous_3)
FNDA:0,(anonymous_4)
FNDA:0,(anonymous_5)
FNDA:0,(anonymous_6)
DA:1,0
DA:2,0
DA:3,0
DA:6,0
DA:7,0
DA:9,0
DA:39,0
DA:41,0
DA:54,0
DA:64,0
DA:66,0
DA:72,0
DA:74,0
DA:86,0
DA:88,0
DA:99,0
DA:100,0
DA:101,0
DA:102,0
DA:105,0
DA:108,0
DA:109,0
DA:112,0
DA:113,0
DA:116,0
DA:117,0
DA:120,0
DA:121,0
DA:124,0
DA:125,0
LF:30
LH:0
BRF:0
BRH:0
end_of_record
TN:
SF:server\middleware\advanced-rate-limiting.ts
FN:24,(anonymous_1)
FN:26,(anonymous_2)
FN:31,(anonymous_3)
FN:40,(anonymous_4)
FN:51,(anonymous_5)
FN:52,(anonymous_6)
FN:133,(anonymous_7)
FN:140,(anonymous_8)
FN:143,(anonymous_9)
FN:145,(anonymous_10)
FN:158,(anonymous_11)
FN:175,(anonymous_12)
FN:186,(anonymous_13)
FN:190,(anonymous_14)
FN:209,(anonymous_15)
FN:219,(anonymous_16)
FN:231,(anonymous_17)
FN:235,(anonymous_18)
FNF:18
FNH:0
FNDA:0,(anonymous_1)
FNDA:0,(anonymous_2)
FNDA:0,(anonymous_3)
FNDA:0,(anonymous_4)
FNDA:0,(anonymous_5)
FNDA:0,(anonymous_6)
FNDA:0,(anonymous_7)
FNDA:0,(anonymous_8)
FNDA:0,(anonymous_9)
FNDA:0,(anonymous_10)
FNDA:0,(anonymous_11)
FNDA:0,(anonymous_12)
FNDA:0,(anonymous_13)
FNDA:0,(anonymous_14)
FNDA:0,(anonymous_15)
FNDA:0,(anonymous_16)
FNDA:0,(anonymous_17)
FNDA:0,(anonymous_18)
DA:2,0
DA:3,0
DA:21,0
DA:26,0
DA:27,0
DA:32,0
DA:33,0
DA:34,0
DA:35,0
DA:41,0
DA:42,0
DA:46,0
DA:47,0
DA:48,0
DA:52,0
DA:53,0
DA:54,0
DA:55,0
DA:57,0
DA:59,0
DA:61,0
DA:66,0
DA:70,0
DA:72,0
DA:73,0
DA:77,0
DA:79,0
DA:93,0
DA:94,0
DA:95,0
DA:99,0
DA:101,0
DA:110,0
DA:114,0
DA:115,0
DA:117,0
DA:124,0
DA:126,0
DA:127,0
DA:138,0
DA:139,0
DA:140,0
DA:142,0
DA:143,0
DA:145,0
DA:151,0
DA:159,0
DA:160,0
DA:162,0
DA:167,0
DA:170,0
DA:176,0
DA:177,0
DA:178,0
DA:187,0
DA:188,0
DA:191,0
DA:210,0
DA:211,0
DA:220,0
DA:221,0
DA:232,0
DA:233,0
DA:236,0
DA:237,0
DA:239,0
DA:240,0
DA:250,0
DA:251,0
DA:252,0
DA:253,0
DA:254,0
DA:257,0
DA:259,0
LF:74
LH:0
BRDA:34,0,0,0
BRDA:34,0,1,0
BRDA:41,1,0,0
BRDA:41,1,1,0
BRDA:46,2,0,0
BRDA:46,2,1,0
BRDA:46,2,2,0
BRDA:47,3,0,0
BRDA:47,3,1,0
BRDA:59,4,0,0
BRDA:59,4,1,0
BRDA:59,5,0,0
BRDA:59,5,1,0
BRDA:70,6,0,0
BRDA:70,6,1,0
BRDA:72,7,0,0
BRDA:72,7,1,0
BRDA:77,8,0,0
BRDA:77,8,1,0
BRDA:80,9,0,0
BRDA:80,9,1,0
BRDA:93,10,0,0
BRDA:93,10,1,0
BRDA:159,11,0,0
BRDA:159,11,1,0
BRDA:176,12,0,0
BRDA:176,12,1,0
BRDA:177,13,0,0
BRDA:177,13,1,0
BRDA:187,14,0,0
BRDA:187,14,1,0
BRDA:210,15,0,0
BRDA:210,15,1,0
BRDA:220,16,0,0
BRDA:220,16,1,0
BRDA:232,17,0,0
BRDA:232,17,1,0
BRDA:236,18,0,0
BRDA:236,18,1,0
BRDA:239,19,0,0
BRDA:239,19,1,0
BRF:41
BRH:0
end_of_record
TN:
SF:server\middleware\api-security.ts
FN:36,(anonymous_9)
FN:38,(anonymous_10)
FN:46,(anonymous_11)
FN:51,(anonymous_12)
FN:83,(anonymous_13)
FN:87,(anonymous_14)
FN:111,(anonymous_15)
FN:113,(anonymous_16)
FN:126,(anonymous_17)
FN:127,(anonymous_18)
FN:130,(anonymous_19)
FN:138,(anonymous_20)
FN:169,(anonymous_21)
FN:174,(anonymous_22)
FN:224,(anonymous_23)
FN:278,validateApiKey
FN:285,maskApiKey
FN:295,(anonymous_26)
FN:329,(anonymous_27)
FN:360,redactSensitiveData
FNF:20
FNH:0
FNDA:0,(anonymous_9)
FNDA:0,(anonymous_10)
FNDA:0,(anonymous_11)
FNDA:0,(anonymous_12)
FNDA:0,(anonymous_13)
FNDA:0,(anonymous_14)
FNDA:0,(anonymous_15)
FNDA:0,(anonymous_16)
FNDA:0,(anonymous_17)
FNDA:0,(anonymous_18)
FNDA:0,(anonymous_19)
FNDA:0,(anonymous_20)
FNDA:0,(anonymous_21)
FNDA:0,(anonymous_22)
FNDA:0,(anonymous_23)
FNDA:0,validateApiKey
FNDA:0,maskApiKey
FNDA:0,(anonymous_26)
FNDA:0,(anonymous_27)
FNDA:0,redactSensitiveData
DA:2,0
DA:3,0
DA:4,0
DA:5,0
DA:36,0
DA:37,0
DA:38,0
DA:41,0
DA:48,0
DA:49,0
DA:52,0
DA:53,0
DA:55,0
DA:72,0
DA:75,0
DA:77,0
DA:78,0
DA:84,0
DA:85,0
DA:88,0
DA:89,0
DA:91,0
DA:107,0
DA:111,0
DA:113,0
DA:114,0
DA:115,0
DA:116,0
DA:117,0
DA:121,0
DA:126,0
DA:127,0
DA:128,0
DA:130,0
DA:132,0
DA:133,0
DA:134,0
DA:138,0
DA:147,0
DA:155,0
DA:162,0
DA:163,0
DA:169,0
DA:171,0
DA:174,0
DA:176,0
DA:177,0
DA:181,0
DA:182,0
DA:190,0
DA:191,0
DA:192,0
DA:196,0
DA:203,0
DA:204,0
DA:205,0
DA:206,0
DA:209,0
DA:210,0
DA:211,0
DA:212,0
DA:213,0
DA:217,0
DA:220,0
DA:224,0
DA:225,0
DA:228,0
DA:233,0
DA:234,0
DA:240,0
DA:250,0
DA:252,0
DA:253,0
DA:260,0
DA:269,0
DA:270,0
DA:272,0
DA:273,0
DA:281,0
DA:286,0
DA:287,0
DA:289,0
DA:290,0
DA:291,0
DA:295,0
DA:296,0
DA:297,0
DA:300,0
DA:301,0
DA:305,0
DA:308,0
DA:311,0
DA:321,0
DA:322,0
DA:329,0
DA:330,0
DA:331,0
DA:332,0
DA:334,0
DA:347,0
DA:348,0
DA:349,0
DA:350,0
DA:352,0
DA:356,0
DA:361,0
DA:373,0
DA:375,0
DA:377,0
DA:378,0
DA:379,0
DA:380,0
DA:381,0
DA:383,0
DA:387,0
DA:390,0
LF:116
LH:0
BRDA:36,0,0,0
BRDA:37,1,0,0
BRDA:37,1,1,0
BRDA:48,2,0,0
BRDA:48,2,1,0
BRDA:49,3,0,0
BRDA:49,3,1,0
BRDA:52,4,0,0
BRDA:52,4,1,0
BRDA:57,5,0,0
BRDA:57,5,1,0
BRDA:59,6,0,0
BRDA:59,6,1,0
BRDA:84,7,0,0
BRDA:84,7,1,0
BRDA:85,8,0,0
BRDA:85,8,1,0
BRDA:88,9,0,0
BRDA:88,9,1,0
BRDA:93,10,0,0
BRDA:93,10,1,0
BRDA:95,11,0,0
BRDA:95,11,1,0
BRDA:103,12,0,0
BRDA:103,12,1,0
BRDA:114,13,0,0
BRDA:114,13,1,0
BRDA:116,14,0,0
BRDA:116,14,1,0
BRDA:133,15,0,0
BRDA:133,15,1,0
BRDA:139,16,0,0
BRDA:139,16,1,0
BRDA:140,17,0,0
BRDA:140,17,1,0
BRDA:142,18,0,0
BRDA:142,18,1,0
BRDA:143,19,0,0
BRDA:143,19,1,0
BRDA:176,20,0,0
BRDA:176,20,1,0
BRDA:176,21,0,0
BRDA:176,21,1,0
BRDA:176,21,2,0
BRDA:176,21,3,0
BRDA:190,22,0,0
BRDA:190,22,1,0
BRDA:190,23,0,0
BRDA:190,23,1,0
BRDA:190,23,2,0
BRDA:190,23,3,0
BRDA:209,24,0,0
BRDA:209,24,1,0
BRDA:212,25,0,0
BRDA:212,25,1,0
BRDA:228,26,0,0
BRDA:228,26,1,0
BRDA:228,26,2,0
BRDA:233,27,0,0
BRDA:233,27,1,0
BRDA:252,28,0,0
BRDA:252,28,1,0
BRDA:285,29,0,0
BRDA:286,30,0,0
BRDA:286,30,1,0
BRDA:287,31,0,0
BRDA:287,31,1,0
BRDA:300,32,0,0
BRDA:300,32,1,0
BRDA:300,33,0,0
BRDA:300,33,1,0
BRDA:305,34,0,0
BRDA:305,34,1,0
BRDA:316,35,0,0
BRDA:316,35,1,0
BRDA:321,36,0,0
BRDA:321,36,1,0
BRDA:332,37,0,0
BRDA:332,37,1,0
BRDA:342,38,0,0
BRDA:342,38,1,0
BRDA:347,39,0,0
BRDA:347,39,1,0
BRDA:349,40,0,0
BRDA:349,40,1,0
BRDA:373,41,0,0
BRDA:373,41,1,0
BRDA:373,42,0,0
BRDA:373,42,1,0
BRDA:375,43,0,0
BRDA:375,43,1,0
BRDA:378,44,0,0
BRDA:378,44,1,0
BRDA:380,45,0,0
BRDA:380,45,1,0
BRDA:380,46,0,0
BRDA:380,46,1,0
BRF:97
BRH:0
end_of_record
TN:
SF:server\middleware\api-version.ts
FN:19,(anonymous_0)
FN:66,(anonymous_1)
FN:80,(anonymous_2)
FN:106,(anonymous_3)
FNF:4
FNH:0
FNDA:0,(anonymous_0)
FNDA:0,(anonymous_1)
FNDA:0,(anonymous_2)
FNDA:0,(anonymous_3)
DA:1,0
DA:4,0
DA:14,0
DA:19,0
DA:21,0
DA:22,0
DA:24,0
DA:27,0
DA:28,0
DA:29,0
DA:33,0
DA:34,0
DA:38,0
DA:39,0
DA:43,0
DA:44,0
DA:45,0
DA:46,0
DA:47,0
DA:51,0
DA:54,0
DA:60,0
DA:66,0
DA:67,0
DA:80,0
DA:82,0
DA:85,0
DA:86,0
DA:96,0
DA:97,0
DA:100,0
DA:106,0
DA:112,0
DA:113,0
DA:114,0
DA:115,0
DA:116,0
LF:37
LH:0
BRDA:21,0,0,0
BRDA:21,0,1,0
BRDA:28,1,0,0
BRDA:28,1,1,0
BRDA:33,2,0,0
BRDA:33,2,1,0
BRDA:33,3,0,0
BRDA:33,3,1,0
BRDA:34,4,0,0
BRDA:34,4,1,0
BRDA:38,5,0,0
BRDA:38,5,1,0
BRDA:43,6,0,0
BRDA:43,6,1,0
BRDA:82,7,0,0
BRDA:82,7,1,0
BRDA:85,8,0,0
BRDA:85,8,1,0
BRDA:88,9,0,0
BRDA:88,9,1,0
BRDA:89,10,0,0
BRDA:89,10,1,0
BRDA:96,11,0,0
BRDA:96,11,1,0
BRDA:96,12,0,0
BRDA:96,12,1,0
BRDA:108,13,0,0
BRDA:109,14,0,0
BRDA:115,15,0,0
BRDA:115,15,1,0
BRF:30
BRH:0
end_of_record
TN:
SF:server\middleware\auth.middleware.ts
FN:55,(anonymous_10)
FN:59,(anonymous_11)
FN:73,(anonymous_12)
FN:101,(anonymous_13)
FN:171,(anonymous_14)
FN:172,(anonymous_15)
FN:187,(anonymous_16)
FN:213,(anonymous_17)
FN:248,(anonymous_18)
FN:249,(anonymous_19)
FN:271,(anonymous_20)
FNF:11
FNH:0
FNDA:0,(anonymous_10)
FNDA:0,(anonymous_11)
FNDA:0,(anonymous_12)
FNDA:0,(anonymous_13)
FNDA:0,(anonymous_14)
FNDA:0,(anonymous_15)
FNDA:0,(anonymous_16)
FNDA:0,(anonymous_17)
FNDA:0,(anonymous_18)
FNDA:0,(anonymous_19)
FNDA:0,(anonymous_20)
DA:1,0
DA:2,0
DA:3,0
DA:4,0
DA:5,0
DA:6,0
DA:43,0
DA:44,0
DA:45,0
DA:46,0
DA:49,0
DA:57,0
DA:60,0
DA:68,0
DA:74,0
DA:82,0
DA:89,0
DA:101,0
DA:102,0
DA:104,0
DA:106,0
DA:107,0
DA:114,0
DA:117,0
DA:119,0
DA:120,0
DA:128,0
DA:129,0
DA:130,0
DA:132,0
DA:140,0
DA:148,0
DA:149,0
DA:150,0
DA:151,0
DA:153,0
DA:155,0
DA:156,0
DA:171,0
DA:172,0
DA:173,0
DA:174,0
DA:181,0
DA:183,0
DA:184,0
DA:185,0
DA:187,0
DA:189,0
DA:190,0
DA:197,0
DA:199,0
DA:200,0
DA:213,0
DA:215,0
DA:216,0
DA:220,0
DA:222,0
DA:223,0
DA:231,0
DA:236,0
DA:240,0
DA:241,0
DA:242,0
DA:248,0
DA:249,0
DA:250,0
DA:251,0
DA:252,0
DA:254,0
DA:255,0
DA:262,0
DA:271,0
DA:277,0
DA:285,0
DA:287,0
LF:75
LH:0
BRDA:57,0,0,0
BRDA:57,0,1,0
BRDA:104,1,0,0
BRDA:104,1,1,0
BRDA:106,2,0,0
BRDA:106,2,1,0
BRDA:106,3,0,0
BRDA:106,3,1,0
BRDA:106,3,2,0
BRDA:119,4,0,0
BRDA:119,4,1,0
BRDA:119,5,0,0
BRDA:119,5,1,0
BRDA:142,6,0,0
BRDA:142,6,1,0
BRDA:143,7,0,0
BRDA:143,7,1,0
BRDA:173,8,0,0
BRDA:173,8,1,0
BRDA:183,9,0,0
BRDA:183,9,1,0
BRDA:184,10,0,0
BRDA:184,10,1,0
BRDA:185,11,0,0
BRDA:185,11,1,0
BRDA:189,12,0,0
BRDA:189,12,1,0
BRDA:215,13,0,0
BRDA:215,13,1,0
BRDA:220,14,0,0
BRDA:220,14,1,0
BRDA:222,15,0,0
BRDA:222,15,1,0
BRDA:231,16,0,0
BRDA:231,16,1,0
BRDA:254,17,0,0
BRDA:254,17,1,0
BRDA:279,18,0,0
BRDA:279,18,1,0
BRDA:285,19,0,0
BRDA:285,19,1,0
BRDA:289,20,0,0
BRDA:289,20,1,0
BRDA:290,21,0,0
BRDA:290,21,1,0
BRF:45
BRH:0
end_of_record
TN:
SF:server\middleware\csrf-protection.ts
FN:25,(anonymous_0)
FN:65,(anonymous_1)
FN:86,(anonymous_2)
FN:102,(anonymous_3)
FNF:4
FNH:0
FNDA:0,(anonymous_0)
FNDA:0,(anonymous_1)
FNDA:0,(anonymous_2)
FNDA:0,(anonymous_3)
DA:2,0
DA:3,0
DA:4,0
DA:19,0
DA:25,0
DA:27,0
DA:28,0
DA:32,0
DA:33,0
DA:37,0
DA:39,0
DA:42,0
DA:43,0
DA:52,0
DA:59,0
DA:65,0
DA:66,0
DA:67,0
DA:71,0
DA:72,0
DA:73,0
DA:76,0
DA:86,0
DA:87,0
DA:91,0
DA:95,0
DA:96,0
DA:102,0
DA:104,0
DA:105,0
DA:109,0
DA:110,0
DA:114,0
DA:118,0
DA:119,0
DA:121,0
DA:122,0
DA:130,0
DA:137,0
DA:148,0
DA:154,0
LF:41
LH:0
BRDA:27,0,0,0
BRDA:27,0,1,0
BRDA:32,1,0,0
BRDA:32,1,1,0
BRDA:37,2,0,0
BRDA:37,2,1,0
BRDA:39,3,0,0
BRDA:39,3,1,0
BRDA:42,4,0,0
BRDA:42,4,1,0
BRDA:42,5,0,0
BRDA:42,5,1,0
BRDA:42,5,2,0
BRDA:66,6,0,0
BRDA:66,6,1,0
BRDA:71,7,0,0
BRDA:71,7,1,0
BRDA:72,8,0,0
BRDA:72,8,1,0
BRDA:81,9,0,0
BRDA:81,9,1,0
BRDA:87,10,0,0
BRDA:87,10,1,0
BRDA:104,11,0,0
BRDA:104,11,1,0
BRDA:109,12,0,0
BRDA:109,12,1,0
BRDA:114,13,0,0
BRDA:114,13,1,0
BRDA:119,14,0,0
BRDA:119,14,1,0
BRDA:119,14,2,0
BRDA:121,15,0,0
BRDA:121,15,1,0
BRDA:127,16,0,0
BRDA:127,16,1,0
BRF:36
BRH:0
end_of_record
TN:
SF:server\middleware\error-handler.ts
FN:12,(anonymous_0)
FN:24,(anonymous_1)
FN:30,(anonymous_2)
FN:36,(anonymous_3)
FN:42,(anonymous_4)
FN:48,(anonymous_5)
FN:54,(anonymous_6)
FN:60,(anonymous_7)
FN:66,(anonymous_8)
FN:71,errorHandler
FN:217,notFoundHandler
FN:234,(anonymous_11)
FN:235,(anonymous_12)
FN:243,(anonymous_13)
FN:252,(anonymous_14)
FN:261,(anonymous_15)
FN:266,(anonymous_16)
FN:286,(anonymous_17)
FN:298,(anonymous_18)
FN:299,(anonymous_19)
FN:302,(anonymous_20)
FN:308,(anonymous_21)
FN:318,(anonymous_22)
FN:333,(anonymous_23)
FNF:24
FNH:0
FNDA:0,(anonymous_0)
FNDA:0,(anonymous_1)
FNDA:0,(anonymous_2)
FNDA:0,(anonymous_3)
FNDA:0,(anonymous_4)
FNDA:0,(anonymous_5)
FNDA:0,(anonymous_6)
FNDA:0,(anonymous_7)
FNDA:0,(anonymous_8)
FNDA:0,errorHandler
FNDA:0,notFoundHandler
FNDA:0,(anonymous_11)
FNDA:0,(anonymous_12)
FNDA:0,(anonymous_13)
FNDA:0,(anonymous_14)
FNDA:0,(anonymous_15)
FNDA:0,(anonymous_16)
FNDA:0,(anonymous_17)
FNDA:0,(anonymous_18)
FNDA:0,(anonymous_19)
FNDA:0,(anonymous_20)
FNDA:0,(anonymous_21)
FNDA:0,(anonymous_22)
FNDA:0,(anonymous_23)
DA:1,0
DA:2,0
DA:3,0
DA:4,0
DA:11,0
DA:13,0
DA:15,0
DA:16,0
DA:18,0
DA:19,0
DA:23,0
DA:25,0
DA:29,0
DA:31,0
DA:35,0
DA:37,0
DA:41,0
DA:43,0
DA:47,0
DA:49,0
DA:53,0
DA:55,0
DA:59,0
DA:61,0
DA:65,0
DA:67,0
DA:71,0
DA:78,0
DA:79,0
DA:81,0
DA:94,0
DA:95,0
DA:97,0
DA:103,0
DA:107,0
DA:108,0
DA:109,0
DA:118,0
DA:124,0
DA:128,0
DA:129,0
DA:130,0
DA:139,0
DA:145,0
DA:149,0
DA:150,0
DA:151,0
DA:160,0
DA:167,0
DA:171,0
DA:172,0
DA:173,0
DA:182,0
DA:189,0
DA:193,0
DA:194,0
DA:203,0
DA:214,0
DA:217,0
DA:218,0
DA:219,0
DA:229,0
DA:231,0
DA:234,0
DA:235,0
DA:236,0
DA:243,0
DA:244,0
DA:245,0
DA:246,0
DA:252,0
DA:259,0
DA:261,0
DA:262,0
DA:264,0
DA:266,0
DA:267,0
DA:268,0
DA:269,0
DA:273,0
DA:274,0
DA:275,0
DA:277,0
DA:281,0
DA:282,0
DA:286,0
DA:287,0
DA:288,0
DA:292,0
DA:293,0
DA:298,0
DA:299,0
DA:302,0
DA:303,0
DA:304,0
DA:308,0
DA:309,0
DA:318,0
DA:319,0
DA:326,0
DA:328,0
DA:333,0
DA:334,0
DA:340,0
DA:342,0
LF:105
LH:0
BRDA:15,0,0,0
BRDA:24,1,0,0
BRDA:30,2,0,0
BRDA:36,3,0,0
BRDA:42,4,0,0
BRDA:48,5,0,0
BRDA:54,6,0,0
BRDA:54,7,0,0
BRDA:60,8,0,0
BRDA:66,9,0,0
BRDA:78,10,0,0
BRDA:78,10,1,0
BRDA:85,11,0,0
BRDA:85,11,1,0
BRDA:86,12,0,0
BRDA:86,12,1,0
BRDA:94,13,0,0
BRDA:94,13,1,0
BRDA:107,14,0,0
BRDA:107,14,1,0
BRDA:107,15,0,0
BRDA:107,15,1,0
BRDA:113,16,0,0
BRDA:113,16,1,0
BRDA:128,17,0,0
BRDA:128,17,1,0
BRDA:128,18,0,0
BRDA:128,18,1,0
BRDA:134,19,0,0
BRDA:134,19,1,0
BRDA:149,20,0,0
BRDA:149,20,1,0
BRDA:155,21,0,0
BRDA:155,21,1,0
BRDA:171,22,0,0
BRDA:171,22,1,0
BRDA:171,23,0,0
BRDA:171,23,1,0
BRDA:177,24,0,0
BRDA:177,24,1,0
BRDA:198,25,0,0
BRDA:198,25,1,0
BRDA:254,26,0,0
BRDA:259,27,0,0
BRDA:267,28,0,0
BRDA:267,28,1,0
BRDA:273,29,0,0
BRDA:273,29,1,0
BRDA:311,30,0,0
BRDA:311,30,1,0
BRDA:321,31,0,0
BRDA:321,31,1,0
BRDA:326,32,0,0
BRDA:326,32,1,0
BRDA:340,33,0,0
BRDA:340,33,1,0
BRF:56
BRH:0
end_of_record
TN:
SF:server\middleware\security-headers.ts
FN:72,(anonymous_1)
FN:77,(anonymous_2)
FN:82,(anonymous_3)
FN:114,(anonymous_4)
FN:130,(anonymous_5)
FN:131,(anonymous_6)
FN:210,(anonymous_7)
FN:215,(anonymous_8)
FN:220,(anonymous_9)
FN:230,(anonymous_10)
FN:236,(anonymous_11)
FN:241,(anonymous_12)
FN:250,(anonymous_13)
FN:255,(anonymous_14)
FN:265,(anonymous_15)
FN:284,(anonymous_16)
FN:295,(anonymous_17)
FN:327,(anonymous_18)
FNF:18
FNH:0
FNDA:0,(anonymous_1)
FNDA:0,(anonymous_2)
FNDA:0,(anonymous_3)
FNDA:0,(anonymous_4)
FNDA:0,(anonymous_5)
FNDA:0,(anonymous_6)
FNDA:0,(anonymous_7)
FNDA:0,(anonymous_8)
FNDA:0,(anonymous_9)
FNDA:0,(anonymous_10)
FNDA:0,(anonymous_11)
FNDA:0,(anonymous_12)
FNDA:0,(anonymous_13)
FNDA:0,(anonymous_14)
FNDA:0,(anonymous_15)
FNDA:0,(anonymous_16)
FNDA:0,(anonymous_17)
FNDA:0,(anonymous_18)
DA:2,0
DA:25,0
DA:70,0
DA:73,0
DA:78,0
DA:83,0
DA:84,0
DA:87,0
DA:88,0
DA:90,0
DA:91,0
DA:92,0
DA:94,0
DA:97,0
DA:98,0
DA:101,0
DA:106,0
DA:107,0
DA:110,0
DA:115,0
DA:117,0
DA:118,0
DA:119,0
DA:120,0
DA:122,0
DA:126,0
DA:131,0
DA:133,0
DA:134,0
DA:137,0
DA:140,0
DA:141,0
DA:142,0
DA:143,0
DA:148,0
DA:149,0
DA:150,0
DA:151,0
DA:153,0
DA:154,0
DA:156,0
DA:160,0
DA:161,0
DA:165,0
DA:166,0
DA:170,0
DA:171,0
DA:175,0
DA:176,0
DA:177,0
DA:181,0
DA:182,0
DA:186,0
DA:187,0
DA:191,0
DA:192,0
DA:196,0
DA:197,0
DA:198,0
DA:199,0
DA:202,0
DA:203,0
DA:205,0
DA:211,0
DA:216,0
DA:221,0
DA:226,0
DA:227,0
DA:228,0
DA:231,0
DA:232,0
DA:236,0
DA:237,0
DA:242,0
DA:243,0
DA:244,0
DA:245,0
DA:251,0
DA:256,0
DA:257,0
DA:261,0
DA:266,0
DA:268,0
DA:269,0
DA:272,0
DA:273,0
DA:274,0
DA:277,0
DA:293,0
DA:295,0
DA:297,0
DA:298,0
DA:301,0
DA:304,0
DA:306,0
DA:307,0
DA:314,0
DA:315,0
DA:322,0
DA:328,0
DA:330,0
DA:331,0
DA:334,0
DA:339,0
DA:340,0
DA:343,0
DA:344,0
DA:347,0
DA:349,0
LF:109
LH:0
BRDA:72,0,0,0
BRDA:83,1,0,0
BRDA:83,1,1,0
BRDA:83,2,0,0
BRDA:83,2,1,0
BRDA:91,3,0,0
BRDA:91,3,1,0
BRDA:97,4,0,0
BRDA:97,4,1,0
BRDA:97,5,0,0
BRDA:97,5,1,0
BRDA:97,5,2,0
BRDA:106,6,0,0
BRDA:106,6,1,0
BRDA:115,7,0,0
BRDA:115,7,1,0
BRDA:119,8,0,0
BRDA:119,8,1,0
BRDA:134,9,0,0
BRDA:134,9,1,0
BRDA:140,10,0,0
BRDA:140,10,1,0
BRDA:142,11,0,0
BRDA:142,11,1,0
BRDA:148,12,0,0
BRDA:148,12,1,0
BRDA:148,13,0,0
BRDA:148,13,1,0
BRDA:149,14,0,0
BRDA:149,14,1,0
BRDA:150,15,0,0
BRDA:150,15,1,0
BRDA:153,16,0,0
BRDA:153,16,1,0
BRDA:160,17,0,0
BRDA:160,17,1,0
BRDA:165,18,0,0
BRDA:165,18,1,0
BRDA:170,19,0,0
BRDA:170,19,1,0
BRDA:176,20,0,0
BRDA:176,20,1,0
BRDA:181,21,0,0
BRDA:181,21,1,0
BRDA:186,22,0,0
BRDA:186,22,1,0
BRDA:191,23,0,0
BRDA:191,23,1,0
BRDA:231,24,0,0
BRDA:231,24,1,0
BRDA:244,25,0,0
BRDA:244,25,1,0
BRDA:268,26,0,0
BRDA:268,26,1,0
BRDA:272,27,0,0
BRDA:272,27,1,0
BRDA:284,28,0,0
BRDA:290,29,0,0
BRDA:291,30,0,0
BRDA:292,31,0,0
BRDA:297,32,0,0
BRDA:297,32,1,0
BRDA:301,33,0,0
BRDA:301,33,1,0
BRDA:301,33,2,0
BRDA:304,34,0,0
BRDA:304,34,1,0
BRDA:306,35,0,0
BRDA:306,35,1,0
BRDA:314,36,0,0
BRDA:314,36,1,0
BRDA:330,37,0,0
BRDA:330,37,1,0
BRDA:330,38,0,0
BRDA:330,38,1,0
BRF:75
BRH:0
end_of_record
TN:
SF:server\middleware\security.ts
FN:7,(anonymous_0)
FN:9,(anonymous_1)
FN:16,(anonymous_2)
FN:17,(anonymous_3)
FN:31,(anonymous_4)
FN:50,(anonymous_5)
FN:66,(anonymous_6)
FN:79,(anonymous_7)
FN:156,(anonymous_8)
FN:157,(anonymous_9)
FN:181,(anonymous_10)
FN:214,(anonymous_11)
FN:243,(anonymous_12)
FN:247,(anonymous_13)
FNF:14
FNH:0
FNDA:0,(anonymous_0)
FNDA:0,(anonymous_1)
FNDA:0,(anonymous_2)
FNDA:0,(anonymous_3)
FNDA:0,(anonymous_4)
FNDA:0,(anonymous_5)
FNDA:0,(anonymous_6)
FNDA:0,(anonymous_7)
FNDA:0,(anonymous_8)
FNDA:0,(anonymous_9)
FNDA:0,(anonymous_10)
FNDA:0,(anonymous_11)
FNDA:0,(anonymous_12)
FNDA:0,(anonymous_13)
DA:2,0
DA:3,0
DA:4,0
DA:7,0
DA:9,0
DA:10,0
DA:11,0
DA:12,0
DA:15,0
DA:16,0
DA:17,0
DA:20,0
DA:21,0
DA:22,0
DA:24,0
DA:26,0
DA:27,0
DA:31,0
DA:33,0
DA:34,0
DA:37,0
DA:41,0
DA:42,0
DA:43,0
DA:50,0
DA:52,0
DA:53,0
DA:54,0
DA:61,0
DA:66,0
DA:77,0
DA:79,0
DA:80,0
DA:81,0
DA:82,0
DA:85,0
DA:86,0
DA:94,0
DA:95,0
DA:96,0
DA:104,0
DA:105,0
DA:106,0
DA:110,0
DA:120,0
DA:125,0
DA:129,0
DA:136,0
DA:143,0
DA:145,0
DA:146,0
DA:156,0
DA:157,0
DA:158,0
DA:159,0
DA:161,0
DA:162,0
DA:169,0
DA:171,0
DA:172,0
DA:180,0
DA:181,0
DA:182,0
DA:185,0
DA:186,0
DA:195,0
DA:196,0
DA:199,0
DA:201,0
DA:203,0
DA:204,0
DA:214,0
DA:241,0
DA:243,0
DA:245,0
DA:246,0
DA:248,0
DA:252,0
DA:253,0
DA:257,0
DA:258,0
DA:262,0
DA:263,0
DA:267,0
DA:268,0
DA:272,0
DA:273,0
DA:277,0
DA:278,0
DA:280,0
LF:90
LH:0
BRDA:7,0,0,0
BRDA:11,1,0,0
BRDA:11,1,1,0
BRDA:33,2,0,0
BRDA:33,2,1,0
BRDA:37,3,0,0
BRDA:37,3,1,0
BRDA:37,3,2,0
BRDA:41,4,0,0
BRDA:41,4,1,0
BRDA:52,5,0,0
BRDA:52,5,1,0
BRDA:74,6,0,0
BRDA:75,7,0,0
BRDA:76,8,0,0
BRDA:85,9,0,0
BRDA:85,9,1,0
BRDA:85,10,0,0
BRDA:85,10,1,0
BRDA:95,11,0,0
BRDA:95,11,1,0
BRDA:105,12,0,0
BRDA:105,12,1,0
BRDA:106,13,0,0
BRDA:106,13,1,0
BRDA:106,14,0,0
BRDA:106,14,1,0
BRDA:125,15,0,0
BRDA:125,15,1,0
BRDA:156,16,0,0
BRDA:161,17,0,0
BRDA:161,17,1,0
BRDA:171,18,0,0
BRDA:171,18,1,0
BRDA:171,19,0,0
BRDA:171,19,1,0
BRDA:180,20,0,0
BRDA:180,20,1,0
BRDA:185,21,0,0
BRDA:185,21,1,0
BRDA:223,22,0,0
BRDA:224,23,0,0
BRDA:225,24,0,0
BRDA:226,25,0,0
BRDA:227,26,0,0
BRDA:228,27,0,0
BRDA:245,28,0,0
BRDA:245,28,1,0
BRDA:257,29,0,0
BRDA:257,29,1,0
BRDA:262,30,0,0
BRDA:262,30,1,0
BRDA:267,31,0,0
BRDA:267,31,1,0
BRDA:272,32,0,0
BRDA:272,32,1,0
BRF:56
BRH:0
end_of_record
TN:
SF:server\middleware\supabase-auth.ts
FN:8,(anonymous_0)
FN:45,(anonymous_1)
FN:58,(anonymous_2)
FNF:3
FNH:0
FNDA:0,(anonymous_0)
FNDA:0,(anonymous_1)
FNDA:0,(anonymous_2)
DA:1,0
DA:2,0
DA:3,0
DA:8,0
DA:9,0
DA:10,0
DA:12,0
DA:13,0
DA:19,0
DA:23,0
DA:24,0
DA:31,0
DA:32,0
DA:34,0
DA:35,0
DA:45,0
DA:46,0
DA:47,0
DA:52,0
DA:58,0
DA:59,0
DA:60,0
DA:65,0
DA:68,0
LF:24
LH:0
BRDA:10,0,0,0
BRDA:10,0,1,0
BRDA:12,1,0,0
BRDA:12,1,1,0
BRDA:20,2,0,0
BRDA:20,2,1,0
BRDA:23,3,0,0
BRDA:23,3,1,0
BRDA:23,4,0,0
BRDA:23,4,1,0
BRDA:26,5,0,0
BRDA:26,5,1,0
BRDA:46,6,0,0
BRDA:46,6,1,0
BRDA:59,7,0,0
BRDA:59,7,1,0
BRDA:59,8,0,0
BRDA:59,8,1,0
BRF:18
BRH:0
end_of_record
TN:
SF:server\monitoring\metrics.ts
FNF:0
FNH:0
DA:1,0
DA:4,0
DA:7,0
DA:10,0
DA:18,0
DA:20,0
LF:6
LH:0
BRF:0
BRH:0
end_of_record
TN:
SF:server\routes\analysis.routes.ts
FN:24,(anonymous_1)
FN:35,(anonymous_2)
FN:49,(anonymous_3)
FN:80,(anonymous_4)
FN:111,(anonymous_5)
FN:142,(anonymous_6)
FN:150,(anonymous_7)
FN:187,(anonymous_8)
FNF:8
FNH:0
FNDA:0,(anonymous_1)
FNDA:0,(anonymous_2)
FNDA:0,(anonymous_3)
FNDA:0,(anonymous_4)
FNDA:0,(anonymous_5)
FNDA:0,(anonymous_6)
FNDA:0,(anonymous_7)
FNDA:0,(anonymous_8)
DA:1,0
DA:2,0
DA:3,0
DA:4,0
DA:5,0
DA:6,0
DA:7,0
DA:8,0
DA:9,0
DA:10,0
DA:11,0
DA:12,0
DA:14,0
DA:15,0
DA:18,0
DA:19,0
DA:25,0
DA:26,0
DA:27,0
DA:29,0
DA:35,0
DA:36,0
DA:37,0
DA:38,0
DA:45,0
DA:50,0
DA:51,0
DA:52,0
DA:56,0
DA:65,0
DA:70,0
DA:76,0
DA:81,0
DA:82,0
DA:83,0
DA:87,0
DA:96,0
DA:101,0
DA:107,0
DA:112,0
DA:113,0
DA:114,0
DA:118,0
DA:127,0
DA:132,0
DA:138,0
DA:143,0
DA:144,0
DA:145,0
DA:149,0
DA:151,0
DA:152,0
DA:161,0
DA:167,0
DA:176,0
DA:181,0
DA:187,0
DA:188,0
DA:189,0
DA:191,0
DA:196,0
DA:201,0
DA:205,0
LF:63
LH:0
BRDA:26,0,0,0
BRDA:26,0,1,0
BRDA:36,1,0,0
BRDA:36,1,1,0
BRDA:51,2,0,0
BRDA:51,2,1,0
BRDA:82,3,0,0
BRDA:82,3,1,0
BRDA:113,4,0,0
BRDA:113,4,1,0
BRDA:144,5,0,0
BRDA:144,5,1,0
BRDA:144,6,0,0
BRDA:144,6,1,0
BRDA:144,6,2,0
BRDA:170,7,0,0
BRDA:170,7,1,0
BRF:17
BRH:0
end_of_record
TN:
SF:server\routes\analysis.ts
FN:16,(anonymous_1)
FN:28,(anonymous_2)
FN:54,(anonymous_3)
FN:65,(anonymous_4)
FN:80,(anonymous_5)
FN:91,(anonymous_6)
FNF:6
FNH:0
FNDA:0,(anonymous_1)
FNDA:0,(anonymous_2)
FNDA:0,(anonymous_3)
FNDA:0,(anonymous_4)
FNDA:0,(anonymous_5)
FNDA:0,(anonymous_6)
DA:1,0
DA:2,0
DA:3,0
DA:4,0
DA:5,0
DA:6,0
DA:7,0
DA:8,0
DA:9,0
DA:11,0
DA:12,0
DA:13,0
DA:16,0
DA:17,0
DA:18,0
DA:19,0
DA:20,0
DA:24,0
DA:29,0
DA:30,0
DA:31,0
DA:34,0
DA:35,0
DA:39,0
DA:41,0
DA:42,0
DA:54,0
DA:55,0
DA:58,0
DA:65,0
DA:66,0
DA:71,0
DA:74,0
DA:80,0
DA:81,0
DA:82,0
DA:83,0
DA:84,0
DA:86,0
DA:91,0
DA:92,0
DA:94,0
DA:101,0
DA:105,0
LF:44
LH:0
BRDA:17,0,0,0
BRDA:17,0,1,0
BRDA:18,1,0,0
BRDA:18,1,1,0
BRDA:19,2,0,0
BRDA:19,2,1,0
BRDA:30,3,0,0
BRDA:30,3,1,0
BRF:8
BRH:0
end_of_record
TN:
SF:server\routes\auth.routes.ts
FN:20,(anonymous_0)
FN:42,(anonymous_1)
FN:83,(anonymous_2)
FN:113,(anonymous_3)
FN:151,(anonymous_4)
FN:188,(anonymous_5)
FN:215,(anonymous_6)
FN:252,(anonymous_7)
FN:285,(anonymous_8)
FN:301,(anonymous_9)
FN:316,(anonymous_10)
FN:325,(anonymous_11)
FN:350,(anonymous_12)
FN:395,(anonymous_13)
FN:430,(anonymous_14)
FN:462,(anonymous_15)
FN:490,(anonymous_16)
FN:499,(anonymous_17)
FN:522,(anonymous_18)
FNF:19
FNH:0
FNDA:0,(anonymous_0)
FNDA:0,(anonymous_1)
FNDA:0,(anonymous_2)
FNDA:0,(anonymous_3)
FNDA:0,(anonymous_4)
FNDA:0,(anonymous_5)
FNDA:0,(anonymous_6)
FNDA:0,(anonymous_7)
FNDA:0,(anonymous_8)
FNDA:0,(anonymous_9)
FNDA:0,(anonymous_10)
FNDA:0,(anonymous_11)
FNDA:0,(anonymous_12)
FNDA:0,(anonymous_13)
FNDA:0,(anonymous_14)
FNDA:0,(anonymous_15)
FNDA:0,(anonymous_16)
FNDA:0,(anonymous_17)
FNDA:0,(anonymous_18)
DA:1,0
DA:2,0
DA:3,0
DA:4,0
DA:5,0
DA:12,0
DA:17,0
DA:20,0
DA:21,0
DA:22,0
DA:23,0
DA:30,0
DA:43,0
DA:44,0
DA:46,0
DA:54,0
DA:55,0
DA:58,0
DA:64,0
DA:65,0
DA:74,0
DA:84,0
DA:85,0
DA:87,0
DA:92,0
DA:93,0
DA:96,0
DA:103,0
DA:104,0
DA:113,0
DA:114,0
DA:115,0
DA:116,0
DA:117,0
DA:123,0
DA:129,0
DA:130,0
DA:133,0
DA:139,0
DA:140,0
DA:148,0
DA:152,0
DA:154,0
DA:156,0
DA:157,0
DA:161,0
DA:167,0
DA:175,0
DA:176,0
DA:185,0
DA:189,0
DA:191,0
DA:194,0
DA:196,0
DA:201,0
DA:202,0
DA:211,0
DA:216,0
DA:217,0
DA:218,0
DA:222,0
DA:223,0
DA:226,0
DA:231,0
DA:232,0
DA:243,0
DA:253,0
DA:254,0
DA:257,0
DA:266,0
DA:267,0
DA:270,0
DA:275,0
DA:276,0
DA:285,0
DA:286,0
DA:287,0
DA:292,0
DA:293,0
DA:301,0
DA:302,0
DA:316,0
DA:318,0
DA:325,0
DA:326,0
DA:327,0
DA:330,0
DA:333,0
DA:341,0
DA:342,0
DA:343,0
DA:346,0
DA:350,0
DA:351,0
DA:352,0
DA:354,0
DA:355,0
DA:356,0
DA:360,0
DA:362,0
DA:363,0
DA:367,0
DA:368,0
DA:371,0
DA:372,0
DA:374,0
DA:376,0
DA:377,0
DA:378,0
DA:382,0
DA:387,0
DA:396,0
DA:397,0
DA:400,0
DA:405,0
DA:406,0
DA:410,0
DA:414,0
DA:416,0
DA:418,0
DA:419,0
DA:428,0
DA:431,0
DA:432,0
DA:434,0
DA:435,0
DA:438,0
DA:443,0
DA:445,0
DA:447,0
DA:448,0
DA:458,0
DA:463,0
DA:464,0
DA:465,0
DA:473,0
DA:475,0
DA:480,0
DA:481,0
DA:490,0
DA:491,0
DA:493,0
DA:495,0
DA:497,0
DA:499,0
DA:508,0
DA:509,0
DA:517,0
DA:523,0
DA:524,0
DA:527,0
DA:529,0
DA:531,0
DA:533,0
DA:534,0
LF:155
LH:0
BRDA:21,0,0,0
BRDA:21,0,1,0
BRDA:54,1,0,0
BRDA:54,1,1,0
BRDA:67,2,0,0
BRDA:67,2,1,0
BRDA:92,3,0,0
BRDA:92,3,1,0
BRDA:106,4,0,0
BRDA:106,4,1,0
BRDA:116,5,0,0
BRDA:116,5,1,0
BRDA:129,6,0,0
BRDA:129,6,1,0
BRDA:156,7,0,0
BRDA:156,7,1,0
BRDA:156,8,0,0
BRDA:156,8,1,0
BRDA:222,9,0,0
BRDA:222,9,1,0
BRDA:234,10,0,0
BRDA:234,10,1,0
BRDA:260,11,0,0
BRDA:260,11,1,0
BRDA:261,12,0,0
BRDA:261,12,1,0
BRDA:262,13,0,0
BRDA:262,13,1,0
BRDA:266,14,0,0
BRDA:266,14,1,0
BRDA:278,15,0,0
BRDA:278,15,1,0
BRDA:327,16,0,0
BRDA:327,16,1,0
BRDA:341,17,0,0
BRDA:341,17,1,0
BRDA:355,18,0,0
BRDA:355,18,1,0
BRDA:362,19,0,0
BRDA:362,19,1,0
BRDA:367,20,0,0
BRDA:367,20,1,0
BRDA:368,21,0,0
BRDA:368,21,1,0
BRDA:380,22,0,0
BRDA:380,22,1,0
BRDA:401,23,0,0
BRDA:401,23,1,0
BRDA:405,24,0,0
BRDA:405,24,1,0
BRDA:414,25,0,0
BRDA:414,25,1,0
BRDA:421,26,0,0
BRDA:421,26,1,0
BRDA:434,27,0,0
BRDA:434,27,1,0
BRDA:434,28,0,0
BRDA:434,28,1,0
BRDA:443,29,0,0
BRDA:443,29,1,0
BRDA:450,30,0,0
BRDA:450,30,1,0
BRDA:473,31,0,0
BRDA:473,31,1,0
BRDA:483,32,0,0
BRDA:483,32,1,0
BRDA:495,33,0,0
BRDA:495,33,1,0
BRDA:511,34,0,0
BRDA:511,34,1,0
BRDA:529,35,0,0
BRDA:529,35,1,0
BRDA:536,36,0,0
BRDA:536,36,1,0
BRF:74
BRH:0
end_of_record
TN:
SF:server\routes\chat.ts
FN:38,(anonymous_1)
FN:125,(anonymous_2)
FN:128,(anonymous_3)
FN:156,(anonymous_4)
FN:161,(anonymous_5)
FN:182,(anonymous_6)
FN:201,(anonymous_7)
FNF:7
FNH:0
FNDA:0,(anonymous_1)
FNDA:0,(anonymous_2)
FNDA:0,(anonymous_3)
FNDA:0,(anonymous_4)
FNDA:0,(anonymous_5)
FNDA:0,(anonymous_6)
FNDA:0,(anonymous_7)
DA:1,0
DA:2,0
DA:4,0
DA:14,0
DA:15,0
DA:17,0
DA:20,0
DA:30,0
DA:35,0
DA:38,0
DA:39,0
DA:40,0
DA:42,0
DA:43,0
DA:50,0
DA:51,0
DA:58,0
DA:59,0
DA:66,0
DA:67,0
DA:70,0
DA:76,0
DA:89,0
DA:92,0
DA:98,0
DA:101,0
DA:116,0
DA:117,0
DA:125,0
DA:126,0
DA:128,0
DA:129,0
DA:130,0
DA:131,0
DA:132,0
DA:134,0
DA:142,0
DA:147,0
DA:148,0
DA:156,0
DA:157,0
DA:158,0
DA:159,0
DA:161,0
DA:168,0
DA:173,0
DA:174,0
DA:182,0
DA:183,0
DA:184,0
DA:185,0
DA:187,0
DA:192,0
DA:193,0
DA:201,0
DA:202,0
DA:203,0
DA:212,0
DA:213,0
DA:220,0
LF:60
LH:0
BRDA:31,0,0,0
BRDA:31,0,1,0
BRDA:42,1,0,0
BRDA:42,1,1,0
BRDA:42,2,0,0
BRDA:42,2,1,0
BRDA:50,3,0,0
BRDA:50,3,1,0
BRDA:58,4,0,0
BRDA:58,4,1,0
BRDA:66,5,0,0
BRDA:66,5,1,0
BRDA:67,6,0,0
BRDA:67,6,1,0
BRDA:77,7,0,0
BRDA:77,7,1,0
BRDA:77,7,2,0
BRDA:85,8,0,0
BRDA:85,8,1,0
BRDA:86,9,0,0
BRDA:86,9,1,0
BRDA:89,10,0,0
BRDA:89,10,1,0
BRDA:119,11,0,0
BRDA:119,11,1,0
BRDA:131,12,0,0
BRDA:131,12,1,0
BRDA:131,13,0,0
BRDA:131,13,1,0
BRDA:131,13,2,0
BRDA:132,14,0,0
BRDA:132,14,1,0
BRDA:132,15,0,0
BRDA:132,15,1,0
BRDA:132,15,2,0
BRDA:136,16,0,0
BRDA:136,16,1,0
BRDA:138,17,0,0
BRDA:138,17,1,0
BRDA:159,18,0,0
BRDA:159,18,1,0
BRF:41
BRH:0
end_of_record
TN:
SF:server\routes\health.routes.ts
FN:67,(anonymous_0)
FN:90,(anonymous_1)
FNF:2
FNH:0
FNDA:0,(anonymous_0)
FNDA:0,(anonymous_1)
DA:1,0
DA:2,0
DA:4,0
DA:41,0
DA:67,0
DA:69,0
DA:90,0
DA:91,0
DA:94,0
LF:9
LH:0
BRF:0
BRH:0
end_of_record
TN:
SF:server\routes\index.ts
FN:29,(anonymous_1)
FN:53,(anonymous_2)
FNF:2
FNH:0
FNDA:0,(anonymous_1)
FNDA:0,(anonymous_2)
DA:1,0
DA:2,0
DA:3,0
DA:4,0
DA:5,0
DA:6,0
DA:8,0
DA:11,0
DA:14,0
DA:17,0
DA:20,0
DA:23,0
DA:26,0
DA:29,0
DA:31,0
DA:32,0
DA:35,0
DA:36,0
DA:40,0
DA:53,0
DA:54,0
DA:64,0
LF:22
LH:0
BRDA:35,0,0,0
BRDA:35,0,1,0
BRF:2
BRH:0
end_of_record
TN:
SF:server\scripts\complete-satyaai.ts
FN:32,(anonymous_9)
FN:90,(anonymous_10)
FN:95,(anonymous_11)
FN:98,(anonymous_12)
FN:101,(anonymous_13)
FN:109,(anonymous_14)
FN:121,(anonymous_15)
FN:129,(anonymous_16)
FN:158,(anonymous_17)
FN:163,(anonymous_18)
FN:185,(anonymous_19)
FN:191,(anonymous_20)
FN:215,(anonymous_21)
FN:274,completeSatyaAI
FN:293,(anonymous_23)
FNF:15
FNH:0
FNDA:0,(anonymous_9)
FNDA:0,(anonymous_10)
FNDA:0,(anonymous_11)
FNDA:0,(anonymous_12)
FNDA:0,(anonymous_13)
FNDA:0,(anonymous_14)
FNDA:0,(anonymous_15)
FNDA:0,(anonymous_16)
FNDA:0,(anonymous_17)
FNDA:0,(anonymous_18)
FNDA:0,(anonymous_19)
FNDA:0,(anonymous_20)
FNDA:0,(anonymous_21)
FNDA:0,completeSatyaAI
FNDA:0,(anonymous_23)
DA:10,0
DA:11,0
DA:12,0
DA:13,0
DA:33,0
DA:35,0
DA:36,0
DA:38,0
DA:50,0
DA:52,0
DA:55,0
DA:56,0
DA:57,0
DA:58,0
DA:59,0
DA:60,0
DA:63,0
DA:64,0
DA:65,0
DA:66,0
DA:69,0
DA:72,0
DA:75,0
DA:77,0
DA:79,0
DA:83,0
DA:91,0
DA:94,0
DA:95,0
DA:97,0
DA:98,0
DA:100,0
DA:101,0
DA:104,0
DA:105,0
DA:108,0
DA:109,0
DA:110,0
DA:115,0
DA:127,0
DA:129,0
DA:130,0
DA:131,0
DA:133,0
DA:134,0
DA:136,0
DA:138,0
DA:145,0
DA:146,0
DA:162,0
DA:163,0
DA:164,0
DA:165,0
DA:167,0
DA:169,0
DA:174,0
DA:175,0
DA:186,0
DA:188,0
DA:190,0
DA:191,0
DA:192,0
DA:195,0
DA:196,0
DA:199,0
DA:200,0
DA:201,0
DA:204,0
DA:206,0
DA:216,0
DA:217,0
DA:218,0
DA:219,0
DA:220,0
DA:221,0
DA:222,0
DA:223,0
DA:224,0
DA:227,0
DA:228,0
DA:229,0
DA:230,0
DA:231,0
DA:232,0
DA:233,0
DA:234,0
DA:235,0
DA:236,0
DA:237,0
DA:238,0
DA:239,0
DA:240,0
DA:241,0
DA:242,0
DA:243,0
DA:245,0
DA:246,0
DA:247,0
DA:248,0
DA:249,0
DA:250,0
DA:251,0
DA:254,0
DA:255,0
DA:256,0
DA:257,0
DA:258,0
DA:259,0
DA:260,0
DA:262,0
DA:263,0
DA:264,0
DA:265,0
DA:267,0
DA:275,0
DA:277,0
DA:278,0
DA:281,0
DA:282,0
DA:284,0
DA:287,0
DA:292,0
DA:293,0
DA:294,0
DA:295,0
DA:299,0
LF:126
LH:0
BRDA:199,0,0,0
BRDA:199,0,1,0
BRDA:227,1,0,0
BRDA:227,1,1,0
BRDA:227,2,0,0
BRDA:227,2,1,0
BRDA:236,3,0,0
BRDA:236,3,1,0
BRDA:236,4,0,0
BRDA:236,4,1,0
BRDA:256,5,0,0
BRDA:256,5,1,0
BRDA:256,6,0,0
BRDA:256,6,1,0
BRDA:281,7,0,0
BRDA:281,7,1,0
BRDA:282,8,0,0
BRDA:282,8,1,0
BRDA:292,9,0,0
BRDA:292,9,1,0
BRF:20
BRH:0
end_of_record
TN:
SF:server\services\alerting-system.ts
FN:41,(anonymous_0)
FN:48,(anonymous_1)
FN:53,(anonymous_2)
FN:64,(anonymous_3)
FN:75,(anonymous_4)
FN:90,(anonymous_5)
FN:105,(anonymous_6)
FN:116,(anonymous_7)
FN:130,(anonymous_8)
FN:143,(anonymous_9)
FN:164,(anonymous_10)
FN:169,(anonymous_11)
FN:174,(anonymous_12)
FN:179,(anonymous_13)
FN:184,(anonymous_14)
FN:219,(anonymous_15)
FN:239,(anonymous_16)
FN:283,(anonymous_17)
FN:294,(anonymous_18)
FN:295,(anonymous_19)
FN:298,(anonymous_20)
FN:302,(anonymous_21)
FN:305,(anonymous_22)
FN:306,(anonymous_23)
FN:309,(anonymous_24)
FN:311,(anonymous_25)
FN:320,(anonymous_26)
FN:329,(anonymous_27)
FN:336,(anonymous_28)
FN:337,(anonymous_29)
FNF:30
FNH:0
FNDA:0,(anonymous_0)
FNDA:0,(anonymous_1)
FNDA:0,(anonymous_2)
FNDA:0,(anonymous_3)
FNDA:0,(anonymous_4)
FNDA:0,(anonymous_5)
FNDA:0,(anonymous_6)
FNDA:0,(anonymous_7)
FNDA:0,(anonymous_8)
FNDA:0,(anonymous_9)
FNDA:0,(anonymous_10)
FNDA:0,(anonymous_11)
FNDA:0,(anonymous_12)
FNDA:0,(anonymous_13)
FNDA:0,(anonymous_14)
FNDA:0,(anonymous_15)
FNDA:0,(anonymous_16)
FNDA:0,(anonymous_17)
FNDA:0,(anonymous_18)
FNDA:0,(anonymous_19)
FNDA:0,(anonymous_20)
FNDA:0,(anonymous_21)
FNDA:0,(anonymous_22)
FNDA:0,(anonymous_23)
FNDA:0,(anonymous_24)
FNDA:0,(anonymous_25)
FNDA:0,(anonymous_26)
FNDA:0,(anonymous_27)
FNDA:0,(anonymous_28)
FNDA:0,(anonymous_29)
DA:1,0
DA:2,0
DA:35,0
DA:36,0
DA:37,0
DA:38,0
DA:39,0
DA:42,0
DA:43,0
DA:44,0
DA:45,0
DA:50,0
DA:53,0
DA:61,0
DA:64,0
DA:72,0
DA:76,0
DA:77,0
DA:78,0
DA:87,0
DA:91,0
DA:92,0
DA:93,0
DA:102,0
DA:105,0
DA:113,0
DA:117,0
DA:118,0
DA:127,0
DA:131,0
DA:132,0
DA:133,0
DA:145,0
DA:153,0
DA:165,0
DA:166,0
DA:170,0
DA:171,0
DA:175,0
DA:176,0
DA:180,0
DA:181,0
DA:185,0
DA:186,0
DA:188,0
DA:189,0
DA:191,0
DA:192,0
DA:193,0
DA:196,0
DA:197,0
DA:200,0
DA:211,0
DA:214,0
DA:220,0
DA:222,0
DA:229,0
DA:230,0
DA:231,0
DA:236,0
DA:240,0
DA:241,0
DA:243,0
DA:244,0
DA:245,0
DA:246,0
DA:247,0
DA:250,0
DA:251,0
DA:264,0
DA:265,0
DA:268,0
DA:272,0
DA:273,0
DA:276,0
DA:279,0
DA:284,0
DA:285,0
DA:286,0
DA:287,0
DA:289,0
DA:290,0
DA:295,0
DA:299,0
DA:303,0
DA:304,0
DA:305,0
DA:306,0
DA:311,0
DA:314,0
DA:317,0
DA:321,0
DA:322,0
DA:323,0
DA:325,0
DA:336,0
DA:337,0
DA:338,0
DA:340,0
DA:342,0
DA:343,0
DA:346,0
DA:347,0
DA:350,0
DA:361,0
DA:363,0
LF:106
LH:0
BRDA:76,0,0,0
BRDA:76,0,1,0
BRDA:77,1,0,0
BRDA:77,1,1,0
BRDA:91,2,0,0
BRDA:91,2,1,0
BRDA:92,3,0,0
BRDA:92,3,1,0
BRDA:105,4,0,0
BRDA:105,4,1,0
BRDA:117,5,0,0
BRDA:117,5,1,0
BRDA:131,6,0,0
BRDA:131,6,1,0
BRDA:132,7,0,0
BRDA:132,7,1,0
BRDA:133,8,0,0
BRDA:133,8,1,0
BRDA:157,9,0,0
BRDA:157,9,1,0
BRDA:186,10,0,0
BRDA:186,10,1,0
BRDA:191,11,0,0
BRDA:191,11,1,0
BRDA:192,12,0,0
BRDA:192,12,1,0
BRDA:196,13,0,0
BRDA:196,13,1,0
BRDA:230,14,0,0
BRDA:230,14,1,0
BRDA:241,15,0,0
BRDA:241,15,1,0
BRDA:241,15,2,0
BRDA:241,15,3,0
BRDA:250,16,0,0
BRDA:250,16,1,0
BRDA:259,17,0,0
BRDA:259,17,1,0
BRDA:261,18,0,0
BRDA:261,18,1,0
BRDA:264,19,0,0
BRDA:264,19,1,0
BRDA:285,20,0,0
BRDA:285,20,1,0
BRDA:285,21,0,0
BRDA:285,21,1,0
BRDA:302,22,0,0
BRDA:321,23,0,0
BRDA:321,23,1,0
BRDA:342,24,0,0
BRDA:342,24,1,0
BRDA:346,25,0,0
BRDA:346,25,1,0
BRF:53
BRH:0
end_of_record
TN:
SF:server\services\audit-logger.ts
FN:33,(anonymous_1)
FN:40,(anonymous_2)
FN:50,(anonymous_3)
FN:79,(anonymous_4)
FN:105,(anonymous_5)
FN:134,(anonymous_6)
FN:151,(anonymous_7)
FN:168,(anonymous_8)
FN:182,(anonymous_9)
FN:199,(anonymous_10)
FN:213,(anonymous_11)
FN:232,(anonymous_12)
FN:239,(anonymous_13)
FN:246,(anonymous_14)
FN:250,(anonymous_15)
FN:260,(anonymous_16)
FN:274,(anonymous_17)
FN:300,(anonymous_18)
FN:301,(anonymous_19)
FN:306,(anonymous_20)
FN:328,(anonymous_21)
FNF:21
FNH:0
FNDA:0,(anonymous_1)
FNDA:0,(anonymous_2)
FNDA:0,(anonymous_3)
FNDA:0,(anonymous_4)
FNDA:0,(anonymous_5)
FNDA:0,(anonymous_6)
FNDA:0,(anonymous_7)
FNDA:0,(anonymous_8)
FNDA:0,(anonymous_9)
FNDA:0,(anonymous_10)
FNDA:0,(anonymous_11)
FNDA:0,(anonymous_12)
FNDA:0,(anonymous_13)
FNDA:0,(anonymous_14)
FNDA:0,(anonymous_15)
FNDA:0,(anonymous_16)
FNDA:0,(anonymous_17)
FNDA:0,(anonymous_18)
FNDA:0,(anonymous_19)
FNDA:0,(anonymous_20)
FNDA:0,(anonymous_21)
DA:1,0
DA:2,0
DA:3,0
DA:30,0
DA:31,0
DA:34,0
DA:35,0
DA:36,0
DA:37,0
DA:41,0
DA:42,0
DA:43,0
DA:45,0
DA:51,0
DA:57,0
DA:59,0
DA:62,0
DA:65,0
DA:66,0
DA:74,0
DA:80,0
DA:86,0
DA:88,0
DA:89,0
DA:92,0
DA:95,0
DA:97,0
DA:100,0
DA:106,0
DA:118,0
DA:119,0
DA:135,0
DA:152,0
DA:169,0
DA:183,0
DA:200,0
DA:214,0
DA:235,0
DA:236,0
DA:241,0
DA:242,0
DA:247,0
DA:251,0
DA:252,0
DA:253,0
DA:255,0
DA:256,0
DA:261,0
DA:262,0
DA:265,0
DA:268,0
DA:270,0
DA:275,0
DA:276,0
DA:278,0
DA:280,0
DA:281,0
DA:282,0
DA:284,0
DA:285,0
DA:292,0
DA:301,0
DA:302,0
DA:305,0
DA:306,0
DA:307,0
DA:310,0
DA:320,0
DA:323,0
DA:334,0
DA:335,0
DA:337,0
DA:338,0
DA:339,0
DA:344,0
DA:345,0
DA:346,0
DA:351,0
DA:353,0
DA:354,0
DA:357,0
DA:358,0
DA:361,0
DA:371,0
DA:373,0
LF:85
LH:0
BRDA:34,0,0,0
BRDA:34,0,1,0
BRDA:65,1,0,0
BRDA:65,1,1,0
BRDA:95,2,0,0
BRDA:95,2,1,0
BRDA:114,3,0,0
BRDA:114,3,1,0
BRDA:118,4,0,0
BRDA:118,4,1,0
BRDA:147,5,0,0
BRDA:147,5,1,0
BRDA:164,6,0,0
BRDA:164,6,1,0
BRDA:178,7,0,0
BRDA:178,7,1,0
BRDA:251,8,0,0
BRDA:251,8,1,0
BRDA:251,8,2,0
BRDA:251,8,3,0
BRDA:251,8,4,0
BRDA:278,9,0,0
BRDA:278,9,1,0
BRDA:353,10,0,0
BRDA:353,10,1,0
BRDA:353,11,0,0
BRDA:353,11,1,0
BRDA:357,12,0,0
BRDA:357,12,1,0
BRDA:357,13,0,0
BRDA:357,13,1,0
BRF:31
BRH:0
end_of_record
TN:
SF:server\services\cache-manager.ts
FN:42,(anonymous_0)
FN:54,(anonymous_1)
FN:83,(anonymous_2)
FN:112,(anonymous_3)
FN:124,(anonymous_4)
FN:140,(anonymous_5)
FN:150,(anonymous_6)
FN:173,(anonymous_7)
FN:195,(anonymous_8)
FN:210,(anonymous_9)
FN:216,(anonymous_10)
FN:227,(anonymous_11)
FN:236,(anonymous_12)
FN:257,(anonymous_13)
FN:259,(anonymous_14)
FN:267,(anonymous_15)
FN:287,(anonymous_16)
FN:305,(anonymous_17)
FN:317,(anonymous_18)
FN:324,(anonymous_19)
FN:331,(anonymous_20)
FNF:21
FNH:0
FNDA:0,(anonymous_0)
FNDA:0,(anonymous_1)
FNDA:0,(anonymous_2)
FNDA:0,(anonymous_3)
FNDA:0,(anonymous_4)
FNDA:0,(anonymous_5)
FNDA:0,(anonymous_6)
FNDA:0,(anonymous_7)
FNDA:0,(anonymous_8)
FNDA:0,(anonymous_9)
FNDA:0,(anonymous_10)
FNDA:0,(anonymous_11)
FNDA:0,(anonymous_12)
FNDA:0,(anonymous_13)
FNDA:0,(anonymous_14)
FNDA:0,(anonymous_15)
FNDA:0,(anonymous_16)
FNDA:0,(anonymous_17)
FNDA:0,(anonymous_18)
FNDA:0,(anonymous_19)
FNDA:0,(anonymous_20)
DA:1,0
DA:2,0
DA:34,0
DA:36,0
DA:37,0
DA:40,0
DA:43,0
DA:44,0
DA:45,0
DA:46,0
DA:47,0
DA:48,0
DA:55,0
DA:57,0
DA:58,0
DA:59,0
DA:60,0
DA:64,0
DA:65,0
DA:66,0
DA:67,0
DA:68,0
DA:72,0
DA:73,0
DA:74,0
DA:75,0
DA:77,0
DA:85,0
DA:86,0
DA:89,0
DA:90,0
DA:91,0
DA:93,0
DA:103,0
DA:104,0
DA:106,0
DA:113,0
DA:114,0
DA:115,0
DA:116,0
DA:118,0
DA:125,0
DA:126,0
DA:129,0
DA:130,0
DA:131,0
DA:134,0
DA:141,0
DA:142,0
DA:143,0
DA:144,0
DA:156,0
DA:157,0
DA:158,0
DA:162,0
DA:165,0
DA:167,0
DA:174,0
DA:175,0
DA:177,0
DA:178,0
DA:179,0
DA:180,0
DA:184,0
DA:185,0
DA:186,0
DA:189,0
DA:196,0
DA:197,0
DA:198,0
DA:201,0
DA:203,0
DA:211,0
DA:217,0
DA:228,0
DA:229,0
DA:230,0
DA:237,0
DA:238,0
DA:240,0
DA:241,0
DA:242,0
DA:243,0
DA:247,0
DA:248,0
DA:249,0
DA:250,0
DA:259,0
DA:260,0
DA:268,0
DA:269,0
DA:271,0
DA:272,0
DA:273,0
DA:274,0
DA:278,0
DA:279,0
DA:280,0
DA:288,0
DA:290,0
DA:292,0
DA:293,0
DA:295,0
DA:299,0
DA:306,0
DA:307,0
DA:308,0
DA:310,0
DA:311,0
DA:318,0
DA:325,0
DA:332,0
DA:337,0
DA:343,0
LF:114
LH:0
BRDA:42,0,0,0
BRDA:42,1,0,0
BRDA:57,2,0,0
BRDA:57,2,1,0
BRDA:64,3,0,0
BRDA:64,3,1,0
BRDA:85,4,0,0
BRDA:85,4,1,0
BRDA:85,5,0,0
BRDA:85,5,1,0
BRDA:89,6,0,0
BRDA:89,6,1,0
BRDA:114,7,0,0
BRDA:114,7,1,0
BRDA:126,8,0,0
BRDA:126,8,1,0
BRDA:129,9,0,0
BRDA:129,9,1,0
BRDA:157,10,0,0
BRDA:157,10,1,0
BRDA:174,11,0,0
BRDA:174,11,1,0
BRDA:178,12,0,0
BRDA:178,12,1,0
BRDA:184,13,0,0
BRDA:184,13,1,0
BRDA:198,14,0,0
BRDA:198,14,1,0
BRDA:209,15,0,0
BRDA:209,15,1,0
BRDA:211,16,0,0
BRDA:211,16,1,0
BRDA:215,17,0,0
BRDA:215,17,1,0
BRDA:217,18,0,0
BRDA:217,18,1,0
BRDA:241,19,0,0
BRDA:241,19,1,0
BRDA:241,20,0,0
BRDA:241,20,1,0
BRDA:247,21,0,0
BRDA:247,21,1,0
BRDA:272,22,0,0
BRDA:272,22,1,0
BRDA:278,23,0,0
BRDA:278,23,1,0
BRDA:306,24,0,0
BRDA:306,24,1,0
BRDA:332,25,0,0
BRDA:332,25,1,0
BRDA:338,26,0,0
BRDA:338,26,1,0
BRDA:339,27,0,0
BRDA:339,27,1,0
BRF:54
BRH:0
end_of_record
TN:
SF:server\services\database-optimizer.ts
FN:33,(anonymous_0)
FN:41,(anonymous_1)
FN:43,(anonymous_2)
FN:51,(anonymous_3)
FN:109,(anonymous_4)
FN:112,(anonymous_5)
FN:120,(anonymous_6)
FN:127,(anonymous_7)
FN:140,(anonymous_8)
FN:143,(anonymous_9)
FN:170,(anonymous_10)
FN:173,(anonymous_11)
FN:186,(anonymous_12)
FN:189,(anonymous_13)
FN:210,(anonymous_14)
FN:244,(anonymous_15)
FN:269,(anonymous_16)
FN:296,(anonymous_17)
FN:311,(anonymous_18)
FN:329,(anonymous_19)
FN:347,(anonymous_20)
FN:366,(anonymous_21)
FN:378,(anonymous_22)
FN:386,(anonymous_23)
FN:389,(anonymous_24)
FN:403,(anonymous_25)
FN:418,(anonymous_26)
FN:422,(anonymous_27)
FNF:28
FNH:0
FNDA:0,(anonymous_0)
FNDA:0,(anonymous_1)
FNDA:0,(anonymous_2)
FNDA:0,(anonymous_3)
FNDA:0,(anonymous_4)
FNDA:0,(anonymous_5)
FNDA:0,(anonymous_6)
FNDA:0,(anonymous_7)
FNDA:0,(anonymous_8)
FNDA:0,(anonymous_9)
FNDA:0,(anonymous_10)
FNDA:0,(anonymous_11)
FNDA:0,(anonymous_12)
FNDA:0,(anonymous_13)
FNDA:0,(anonymous_14)
FNDA:0,(anonymous_15)
FNDA:0,(anonymous_16)
FNDA:0,(anonymous_17)
FNDA:0,(anonymous_18)
FNDA:0,(anonymous_19)
FNDA:0,(anonymous_20)
FNDA:0,(anonymous_21)
FNDA:0,(anonymous_22)
FNDA:0,(anonymous_23)
FNDA:0,(anonymous_24)
FNDA:0,(anonymous_25)
FNDA:0,(anonymous_26)
FNDA:0,(anonymous_27)
DA:1,0
DA:2,0
DA:3,0
DA:4,0
DA:26,0
DA:27,0
DA:28,0
DA:29,0
DA:30,0
DA:31,0
DA:34,0
DA:35,0
DA:43,0
DA:44,0
DA:57,0
DA:59,0
DA:61,0
DA:62,0
DA:63,0
DA:64,0
DA:65,0
DA:66,0
DA:71,0
DA:72,0
DA:75,0
DA:78,0
DA:79,0
DA:87,0
DA:88,0
DA:91,0
DA:93,0
DA:94,0
DA:96,0
DA:102,0
DA:110,0
DA:112,0
DA:125,0
DA:127,0
DA:141,0
DA:144,0
DA:157,0
DA:171,0
DA:174,0
DA:185,0
DA:186,0
DA:189,0
DA:191,0
DA:215,0
DA:217,0
DA:223,0
DA:225,0
DA:226,0
DA:229,0
DA:232,0
DA:235,0
DA:243,0
DA:244,0
DA:245,0
DA:246,0
DA:247,0
DA:252,0
DA:253,0
DA:255,0
DA:257,0
DA:259,0
DA:262,0
DA:270,0
DA:274,0
DA:281,0
DA:282,0
DA:285,0
DA:287,0
DA:297,0
DA:298,0
DA:300,0
DA:301,0
DA:302,0
DA:305,0
DA:313,0
DA:314,0
DA:315,0
DA:318,0
DA:330,0
DA:331,0
DA:332,0
DA:333,0
DA:334,0
DA:338,0
DA:341,0
DA:348,0
DA:349,0
DA:351,0
DA:352,0
DA:353,0
DA:354,0
DA:358,0
DA:359,0
DA:367,0
DA:370,0
DA:371,0
DA:385,0
DA:386,0
DA:389,0
DA:391,0
DA:404,0
DA:405,0
DA:406,0
DA:409,0
DA:410,0
DA:415,0
DA:418,0
DA:419,0
DA:422,0
DA:423,0
LF:114
LH:0
BRDA:54,0,0,0
BRDA:55,1,0,0
BRDA:61,2,0,0
BRDA:61,2,1,0
BRDA:63,3,0,0
BRDA:63,3,1,0
BRDA:78,4,0,0
BRDA:78,4,1,0
BRDA:87,5,0,0
BRDA:87,5,1,0
BRDA:87,6,0,0
BRDA:87,6,1,0
BRDA:122,7,0,0
BRDA:123,8,0,0
BRDA:158,9,0,0
BRDA:158,9,1,0
BRDA:160,10,0,0
BRDA:160,10,1,0
BRDA:185,11,0,0
BRDA:185,11,1,0
BRDA:192,12,0,0
BRDA:192,12,1,0
BRDA:193,13,0,0
BRDA:193,13,1,0
BRDA:194,14,0,0
BRDA:194,14,1,0
BRDA:195,15,0,0
BRDA:195,15,1,0
BRDA:229,16,0,0
BRDA:229,16,1,0
BRDA:243,17,0,0
BRDA:243,17,1,0
BRDA:298,18,0,0
BRDA:298,18,1,0
BRDA:300,19,0,0
BRDA:300,19,1,0
BRDA:313,20,0,0
BRDA:313,20,1,0
BRDA:330,21,0,0
BRDA:330,21,1,0
BRDA:333,22,0,0
BRDA:333,22,1,0
BRDA:352,23,0,0
BRDA:352,23,1,0
BRDA:358,24,0,0
BRDA:358,24,1,0
BRDA:370,25,0,0
BRDA:370,25,1,0
BRDA:385,26,0,0
BRDA:385,26,1,0
BRDA:404,27,0,0
BRDA:404,27,1,0
BRF:52
BRH:0
end_of_record
TN:
SF:server\services\database.ts
FN:17,(anonymous_0)
FN:18,(anonymous_1)
FN:42,(anonymous_2)
FN:47,(anonymous_3)
FNF:4
FNH:0
FNDA:0,(anonymous_0)
FNDA:0,(anonymous_1)
FNDA:0,(anonymous_2)
FNDA:0,(anonymous_3)
DA:1,0
DA:2,0
DA:5,0
DA:17,0
DA:18,0
DA:19,0
DA:20,0
DA:23,0
DA:24,0
DA:27,0
DA:29,0
DA:30,0
DA:32,0
DA:35,0
DA:37,0
DA:42,0
DA:43,0
DA:47,0
DA:48,0
DA:49,0
DA:50,0
DA:53,0
LF:22
LH:0
BRDA:7,0,0,0
BRDA:7,0,1,0
BRDA:23,1,0,0
BRDA:23,1,1,0
BRDA:33,2,0,0
BRDA:33,2,1,0
BRF:6
BRH:0
end_of_record
TN:
SF:server\services\error-tracking.ts
FN:23,(anonymous_9)
FN:36,(anonymous_10)
FN:59,(anonymous_11)
FN:85,(anonymous_12)
FN:87,(anonymous_13)
FN:95,(anonymous_14)
FN:97,(anonymous_15)
FN:105,(anonymous_16)
FN:107,(anonymous_17)
FN:115,(anonymous_18)
FN:129,(anonymous_19)
FN:144,(anonymous_20)
FN:157,(anonymous_21)
FN:165,(anonymous_22)
FN:179,(anonymous_23)
FN:191,(anonymous_24)
FNF:16
FNH:0
FNDA:0,(anonymous_9)
FNDA:0,(anonymous_10)
FNDA:0,(anonymous_11)
FNDA:0,(anonymous_12)
FNDA:0,(anonymous_13)
FNDA:0,(anonymous_14)
FNDA:0,(anonymous_15)
FNDA:0,(anonymous_16)
FNDA:0,(anonymous_17)
FNDA:0,(anonymous_18)
FNDA:0,(anonymous_19)
FNDA:0,(anonymous_20)
FNDA:0,(anonymous_21)
FNDA:0,(anonymous_22)
FNDA:0,(anonymous_23)
FNDA:0,(anonymous_24)
DA:6,0
DA:7,0
DA:9,0
DA:20,0
DA:24,0
DA:37,0
DA:38,0
DA:39,0
DA:42,0
DA:43,0
DA:44,0
DA:47,0
DA:48,0
DA:61,0
DA:62,0
DA:63,0
DA:64,0
DA:65,0
DA:68,0
DA:72,0
DA:73,0
DA:78,0
DA:86,0
DA:87,0
DA:89,0
DA:96,0
DA:97,0
DA:99,0
DA:106,0
DA:107,0
DA:109,0
DA:116,0
DA:117,0
DA:118,0
DA:121,0
DA:130,0
DA:131,0
DA:132,0
DA:135,0
DA:145,0
DA:147,0
DA:158,0
DA:159,0
DA:166,0
DA:168,0
DA:180,0
DA:182,0
DA:192,0
DA:197,0
DA:198,0
LF:50
LH:0
BRDA:26,0,0,0
BRDA:26,0,1,0
BRDA:28,1,0,0
BRDA:28,1,1,0
BRDA:29,2,0,0
BRDA:29,2,1,0
BRDA:37,3,0,0
BRDA:37,3,1,0
BRDA:42,4,0,0
BRDA:42,4,1,0
BRDA:61,5,0,0
BRDA:61,5,1,0
BRDA:63,6,0,0
BRDA:63,6,1,0
BRDA:86,7,0,0
BRDA:86,7,1,0
BRDA:96,8,0,0
BRDA:96,8,1,0
BRDA:106,9,0,0
BRDA:106,9,1,0
BRDA:116,10,0,0
BRDA:116,10,1,0
BRDA:129,11,0,0
BRDA:130,12,0,0
BRDA:130,12,1,0
BRDA:145,13,0,0
BRDA:145,13,1,0
BRDA:158,14,0,0
BRDA:158,14,1,0
BRDA:166,15,0,0
BRDA:166,15,1,0
BRDA:180,16,0,0
BRDA:180,16,1,0
BRF:33
BRH:0
end_of_record
TN:
SF:server\services\file-cleanup.ts
FN:16,(anonymous_1)
FN:26,(anonymous_2)
FN:36,(anonymous_3)
FN:53,(anonymous_4)
FN:64,(anonymous_5)
FN:177,(anonymous_6)
FN:199,(anonymous_7)
FN:214,(anonymous_8)
FN:279,(anonymous_9)
FN:299,(anonymous_10)
FN:304,(anonymous_11)
FN:315,(anonymous_12)
FN:319,(anonymous_13)
FNF:13
FNH:0
FNDA:0,(anonymous_1)
FNDA:0,(anonymous_2)
FNDA:0,(anonymous_3)
FNDA:0,(anonymous_4)
FNDA:0,(anonymous_5)
FNDA:0,(anonymous_6)
FNDA:0,(anonymous_7)
FNDA:0,(anonymous_8)
FNDA:0,(anonymous_9)
FNDA:0,(anonymous_10)
FNDA:0,(anonymous_11)
FNDA:0,(anonymous_12)
FNDA:0,(anonymous_13)
DA:1,0
DA:2,0
DA:3,0
DA:13,0
DA:14,0
DA:18,0
DA:19,0
DA:27,0
DA:28,0
DA:31,0
DA:36,0
DA:37,0
DA:38,0
DA:43,0
DA:54,0
DA:55,0
DA:56,0
DA:57,0
DA:74,0
DA:76,0
DA:77,0
DA:78,0
DA:81,0
DA:82,0
DA:88,0
DA:89,0
DA:96,0
DA:97,0
DA:99,0
DA:100,0
DA:103,0
DA:104,0
DA:106,0
DA:107,0
DA:109,0
DA:110,0
DA:113,0
DA:114,0
DA:117,0
DA:118,0
DA:122,0
DA:123,0
DA:124,0
DA:126,0
DA:127,0
DA:128,0
DA:134,0
DA:141,0
DA:144,0
DA:145,0
DA:146,0
DA:153,0
DA:162,0
DA:166,0
DA:168,0
DA:171,0
DA:178,0
DA:179,0
DA:180,0
DA:181,0
DA:183,0
DA:185,0
DA:188,0
DA:192,0
DA:204,0
DA:221,0
DA:229,0
DA:230,0
DA:231,0
DA:232,0
DA:234,0
DA:235,0
DA:236,0
DA:237,0
DA:239,0
DA:240,0
DA:241,0
DA:243,0
DA:244,0
DA:246,0
DA:247,0
DA:250,0
DA:251,0
DA:255,0
DA:262,0
DA:263,0
DA:267,0
DA:273,0
DA:284,0
DA:289,0
DA:300,0
DA:303,0
DA:304,0
DA:307,0
DA:312,0
DA:315,0
DA:316,0
DA:319,0
DA:320,0
LF:99
LH:0
BRDA:18,0,0,0
BRDA:18,0,1,0
BRDA:27,1,0,0
BRDA:27,1,1,0
BRDA:54,2,0,0
BRDA:54,2,1,0
BRDA:64,3,0,0
BRDA:70,4,0,0
BRDA:71,5,0,0
BRDA:72,6,0,0
BRDA:73,7,0,0
BRDA:76,8,0,0
BRDA:76,8,1,0
BRDA:109,9,0,0
BRDA:109,9,1,0
BRDA:117,10,0,0
BRDA:117,10,1,0
BRDA:123,11,0,0
BRDA:123,11,1,0
BRDA:126,12,0,0
BRDA:126,12,1,0
BRDA:183,13,0,0
BRDA:183,13,1,0
BRDA:214,14,0,0
BRDA:239,15,0,0
BRDA:239,15,1,0
BRDA:246,16,0,0
BRDA:246,16,1,0
BRDA:246,17,0,0
BRDA:246,17,1,0
BRDA:250,18,0,0
BRDA:250,18,1,0
BRDA:250,19,0,0
BRDA:250,19,1,0
BRDA:262,20,0,0
BRDA:262,20,1,0
BRDA:279,21,0,0
BRF:37
BRH:0
end_of_record
TN:
SF:server\services\health-monitor.ts
FN:65,(anonymous_1)
FN:84,(anonymous_2)
FN:86,(anonymous_3)
FN:97,(anonymous_4)
FN:103,(anonymous_5)
FN:135,(anonymous_6)
FN:182,(anonymous_7)
FN:187,(anonymous_8)
FN:188,(anonymous_9)
FN:235,(anonymous_10)
FN:266,(anonymous_11)
FN:297,(anonymous_12)
FN:335,(anonymous_13)
FN:376,(anonymous_14)
FN:395,(anonymous_15)
FN:466,(anonymous_16)
FN:474,(anonymous_17)
FN:503,(anonymous_18)
FN:510,(anonymous_19)
FN:518,(anonymous_20)
FN:531,(anonymous_21)
FN:535,(anonymous_22)
FN:545,(anonymous_23)
FN:553,(anonymous_24)
FN:567,(anonymous_25)
FN:571,(anonymous_26)
FNF:26
FNH:0
FNDA:0,(anonymous_1)
FNDA:0,(anonymous_2)
FNDA:0,(anonymous_3)
FNDA:0,(anonymous_4)
FNDA:0,(anonymous_5)
FNDA:0,(anonymous_6)
FNDA:0,(anonymous_7)
FNDA:0,(anonymous_8)
FNDA:0,(anonymous_9)
FNDA:0,(anonymous_10)
FNDA:0,(anonymous_11)
FNDA:0,(anonymous_12)
FNDA:0,(anonymous_13)
FNDA:0,(anonymous_14)
FNDA:0,(anonymous_15)
FNDA:0,(anonymous_16)
FNDA:0,(anonymous_17)
FNDA:0,(anonymous_18)
FNDA:0,(anonymous_19)
FNDA:0,(anonymous_20)
FNDA:0,(anonymous_21)
FNDA:0,(anonymous_22)
FNDA:0,(anonymous_23)
FNDA:0,(anonymous_24)
FNDA:0,(anonymous_25)
FNDA:0,(anonymous_26)
DA:1,0
DA:2,0
DA:3,0
DA:4,0
DA:5,0
DA:6,0
DA:7,0
DA:8,0
DA:9,0
DA:58,0
DA:60,0
DA:61,0
DA:62,0
DA:63,0
DA:66,0
DA:68,0
DA:77,0
DA:78,0
DA:86,0
DA:87,0
DA:88,0
DA:90,0
DA:97,0
DA:104,0
DA:106,0
DA:117,0
DA:118,0
DA:119,0
DA:123,0
DA:126,0
DA:128,0
DA:129,0
DA:136,0
DA:137,0
DA:140,0
DA:141,0
DA:142,0
DA:144,0
DA:146,0
DA:152,0
DA:160,0
DA:161,0
DA:168,0
DA:172,0
DA:183,0
DA:184,0
DA:187,0
DA:188,0
DA:191,0
DA:193,0
DA:194,0
DA:195,0
DA:196,0
DA:197,0
DA:198,0
DA:201,0
DA:202,0
DA:203,0
DA:204,0
DA:206,0
DA:207,0
DA:208,0
DA:210,0
DA:213,0
DA:216,0
DA:218,0
DA:224,0
DA:225,0
DA:236,0
DA:237,0
DA:238,0
DA:240,0
DA:245,0
DA:251,0
DA:255,0
DA:267,0
DA:268,0
DA:269,0
DA:271,0
DA:273,0
DA:278,0
DA:284,0
DA:288,0
DA:298,0
DA:299,0
DA:300,0
DA:301,0
DA:302,0
DA:304,0
DA:306,0
DA:312,0
DA:319,0
DA:323,0
DA:336,0
DA:337,0
DA:338,0
DA:340,0
DA:342,0
DA:343,0
DA:346,0
DA:347,0
DA:350,0
DA:357,0
DA:361,0
DA:377,0
DA:378,0
DA:379,0
DA:380,0
DA:381,0
DA:382,0
DA:383,0
DA:385,0
DA:387,0
DA:388,0
DA:396,0
DA:399,0
DA:400,0
DA:406,0
DA:407,0
DA:416,0
DA:417,0
DA:426,0
DA:427,0
DA:436,0
DA:437,0
DA:446,0
DA:447,0
DA:456,0
DA:457,0
DA:466,0
DA:467,0
DA:475,0
DA:476,0
DA:478,0
DA:479,0
DA:482,0
DA:485,0
DA:486,0
DA:494,0
DA:504,0
DA:511,0
DA:512,0
DA:519,0
DA:520,0
DA:522,0
DA:531,0
DA:532,0
DA:535,0
DA:536,0
DA:539,0
DA:546,0
DA:547,0
DA:554,0
DA:555,0
DA:556,0
DA:559,0
DA:564,0
DA:567,0
DA:568,0
DA:571,0
DA:572,0
LF:161
LH:0
BRDA:118,0,0,0
BRDA:118,0,1,0
BRDA:140,1,0,0
BRDA:140,1,1,0
BRDA:144,2,0,0
BRDA:144,2,1,0
BRDA:196,3,0,0
BRDA:196,3,1,0
BRDA:206,4,0,0
BRDA:206,4,1,0
BRDA:216,5,0,0
BRDA:216,5,1,0
BRDA:216,6,0,0
BRDA:216,6,1,0
BRDA:238,7,0,0
BRDA:238,7,1,0
BRDA:271,8,0,0
BRDA:271,8,1,0
BRDA:304,9,0,0
BRDA:304,9,1,0
BRDA:338,10,0,0
BRDA:338,10,1,0
BRDA:342,11,0,0
BRDA:342,11,1,0
BRDA:346,12,0,0
BRDA:346,12,1,0
BRDA:383,13,0,0
BRDA:383,13,1,0
BRDA:399,14,0,0
BRDA:399,14,1,0
BRDA:406,15,0,0
BRDA:406,15,1,0
BRDA:406,16,0,0
BRDA:406,16,1,0
BRDA:416,17,0,0
BRDA:416,17,1,0
BRDA:426,18,0,0
BRDA:426,18,1,0
BRDA:436,19,0,0
BRDA:436,19,1,0
BRDA:436,20,0,0
BRDA:436,20,1,0
BRDA:446,21,0,0
BRDA:446,21,1,0
BRDA:456,22,0,0
BRDA:456,22,1,0
BRDA:476,23,0,0
BRDA:476,23,1,0
BRDA:478,24,0,0
BRDA:478,24,1,0
BRDA:485,25,0,0
BRDA:485,25,1,0
BRDA:504,26,0,0
BRDA:504,26,1,0
BRDA:512,27,0,0
BRDA:512,27,1,0
BRDA:520,28,0,0
BRDA:520,28,1,0
BRDA:531,29,0,0
BRDA:531,29,1,0
BRDA:535,30,0,0
BRDA:535,30,1,0
BRDA:554,31,0,0
BRDA:554,31,1,0
BRF:64
BRH:0
end_of_record
TN:
SF:server\services\memory-monitor.ts
FN:26,(anonymous_0)
FN:32,(anonymous_1)
FN:42,(anonymous_2)
FN:53,(anonymous_3)
FN:72,(anonymous_4)
FN:108,(anonymous_5)
FN:148,(anonymous_6)
FN:168,(anonymous_7)
FNF:8
FNH:0
FNDA:0,(anonymous_0)
FNDA:0,(anonymous_1)
FNDA:0,(anonymous_2)
FNDA:0,(anonymous_3)
FNDA:0,(anonymous_4)
FNDA:0,(anonymous_5)
FNDA:0,(anonymous_6)
FNDA:0,(anonymous_7)
DA:1,0
DA:2,0
DA:17,0
DA:18,0
DA:19,0
DA:20,0
DA:21,0
DA:27,0
DA:28,0
DA:29,0
DA:32,0
DA:33,0
DA:36,0
DA:43,0
DA:44,0
DA:45,0
DA:46,0
DA:54,0
DA:56,0
DA:73,0
DA:76,0
DA:84,0
DA:85,0
DA:92,0
DA:93,0
DA:94,0
DA:101,0
DA:109,0
DA:112,0
DA:113,0
DA:114,0
DA:117,0
DA:119,0
DA:121,0
DA:123,0
DA:124,0
DA:126,0
DA:132,0
DA:133,0
DA:134,0
DA:138,0
DA:142,0
DA:143,0
DA:144,0
DA:145,0
DA:148,0
DA:149,0
DA:150,0
DA:156,0
DA:159,0
DA:169,0
DA:170,0
DA:171,0
DA:172,0
DA:174,0
DA:180,0
DA:183,0
DA:184,0
DA:188,0
DA:191,0
DA:192,0
DA:193,0
DA:194,0
LF:63
LH:0
BRDA:26,0,0,0
BRDA:27,1,0,0
BRDA:27,1,1,0
BRDA:43,2,0,0
BRDA:43,2,1,0
BRDA:84,3,0,0
BRDA:84,3,1,0
BRDA:93,4,0,0
BRDA:93,4,1,0
BRDA:108,5,0,0
BRDA:112,6,0,0
BRDA:112,6,1,0
BRDA:121,7,0,0
BRDA:121,7,1,0
BRDA:133,8,0,0
BRDA:133,8,1,0
BRDA:142,9,0,0
BRDA:142,9,1,0
BRDA:169,10,0,0
BRDA:169,10,1,0
BRDA:191,11,0,0
BRDA:191,11,1,0
BRDA:193,12,0,0
BRDA:193,12,1,0
BRF:24
BRH:0
end_of_record
TN:
SF:server\services\performance-optimizer.ts
FN:50,(anonymous_10)
FN:59,(anonymous_11)
FN:61,(anonymous_12)
FN:73,(anonymous_13)
FN:79,(anonymous_14)
FN:130,(anonymous_15)
FN:182,(anonymous_16)
FN:228,(anonymous_17)
FN:240,(anonymous_18)
FN:243,(anonymous_19)
FN:250,(anonymous_20)
FN:264,(anonymous_21)
FN:279,(anonymous_22)
FN:294,(anonymous_23)
FN:311,(anonymous_24)
FN:313,(anonymous_25)
FN:324,(anonymous_26)
FN:326,(anonymous_27)
FN:337,(anonymous_28)
FN:345,(anonymous_29)
FN:353,(anonymous_30)
FN:367,(anonymous_31)
FN:368,(anonymous_32)
FN:369,(anonymous_33)
FN:381,(anonymous_34)
FN:397,(anonymous_35)
FN:407,(anonymous_36)
FN:421,(anonymous_37)
FN:425,(anonymous_38)
FNF:29
FNH:0
FNDA:0,(anonymous_10)
FNDA:0,(anonymous_11)
FNDA:0,(anonymous_12)
FNDA:0,(anonymous_13)
FNDA:0,(anonymous_14)
FNDA:0,(anonymous_15)
FNDA:0,(anonymous_16)
FNDA:0,(anonymous_17)
FNDA:0,(anonymous_18)
FNDA:0,(anonymous_19)
FNDA:0,(anonymous_20)
FNDA:0,(anonymous_21)
FNDA:0,(anonymous_22)
FNDA:0,(anonymous_23)
FNDA:0,(anonymous_24)
FNDA:0,(anonymous_25)
FNDA:0,(anonymous_26)
FNDA:0,(anonymous_27)
FNDA:0,(anonymous_28)
FNDA:0,(anonymous_29)
FNDA:0,(anonymous_30)
FNDA:0,(anonymous_31)
FNDA:0,(anonymous_32)
FNDA:0,(anonymous_33)
FNDA:0,(anonymous_34)
FNDA:0,(anonymous_35)
FNDA:0,(anonymous_36)
FNDA:0,(anonymous_37)
FNDA:0,(anonymous_38)
DA:1,0
DA:2,0
DA:3,0
DA:4,0
DA:5,0
DA:38,0
DA:39,0
DA:40,0
DA:47,0
DA:48,0
DA:51,0
DA:52,0
DA:53,0
DA:61,0
DA:62,0
DA:63,0
DA:64,0
DA:66,0
DA:73,0
DA:80,0
DA:81,0
DA:82,0
DA:83,0
DA:86,0
DA:89,0
DA:92,0
DA:95,0
DA:96,0
DA:98,0
DA:118,0
DA:119,0
DA:120,0
DA:123,0
DA:124,0
DA:131,0
DA:132,0
DA:134,0
DA:137,0
DA:138,0
DA:145,0
DA:154,0
DA:155,0
DA:164,0
DA:165,0
DA:174,0
DA:175,0
DA:183,0
DA:184,0
DA:187,0
DA:188,0
DA:191,0
DA:193,0
DA:200,0
DA:201,0
DA:203,0
DA:204,0
DA:206,0
DA:207,0
DA:209,0
DA:210,0
DA:212,0
DA:213,0
DA:216,0
DA:218,0
DA:229,0
DA:230,0
DA:231,0
DA:233,0
DA:241,0
DA:243,0
DA:244,0
DA:250,0
DA:253,0
DA:255,0
DA:265,0
DA:268,0
DA:270,0
DA:280,0
DA:283,0
DA:285,0
DA:295,0
DA:296,0
DA:297,0
DA:298,0
DA:299,0
DA:300,0
DA:302,0
DA:304,0
DA:312,0
DA:313,0
DA:314,0
DA:315,0
DA:317,0
DA:325,0
DA:326,0
DA:327,0
DA:328,0
DA:330,0
DA:338,0
DA:346,0
DA:347,0
DA:358,0
DA:359,0
DA:366,0
DA:367,0
DA:368,0
DA:369,0
DA:371,0
DA:382,0
DA:384,0
DA:385,0
DA:386,0
DA:387,0
DA:389,0
DA:390,0
DA:391,0
DA:398,0
DA:399,0
DA:408,0
DA:409,0
DA:410,0
DA:413,0
DA:418,0
DA:421,0
DA:422,0
DA:425,0
DA:426,0
LF:127
LH:0
BRDA:119,0,0,0
BRDA:119,0,1,0
BRDA:132,1,0,0
BRDA:132,1,1,0
BRDA:137,2,0,0
BRDA:137,2,1,0
BRDA:154,3,0,0
BRDA:154,3,1,0
BRDA:164,4,0,0
BRDA:164,4,1,0
BRDA:184,5,0,0
BRDA:184,5,1,0
BRDA:187,6,0,0
BRDA:187,6,1,0
BRDA:201,7,0,0
BRDA:201,7,1,0
BRDA:201,7,2,0
BRDA:201,7,3,0
BRDA:229,8,0,0
BRDA:229,8,1,0
BRDA:338,9,0,0
BRDA:338,9,1,0
BRDA:347,10,0,0
BRDA:347,10,1,0
BRDA:358,11,0,0
BRDA:358,11,1,0
BRDA:382,12,0,0
BRDA:382,12,1,0
BRDA:389,13,0,0
BRDA:389,13,1,0
BRDA:390,14,0,0
BRDA:390,14,1,0
BRDA:408,15,0,0
BRDA:408,15,1,0
BRF:34
BRH:0
end_of_record
TN:
SF:server\services\python-bridge.ts
FN:28,(anonymous_9)
FN:39,(anonymous_10)
FN:44,(anonymous_11)
FN:56,(anonymous_12)
FN:84,(anonymous_13)
FN:97,(anonymous_14)
FNF:6
FNH:0
FNDA:0,(anonymous_9)
FNDA:0,(anonymous_10)
FNDA:0,(anonymous_11)
FNDA:0,(anonymous_12)
FNDA:0,(anonymous_13)
FNDA:0,(anonymous_14)
DA:1,0
DA:2,0
DA:3,0
DA:24,0
DA:26,0
DA:29,0
DA:39,0
DA:40,0
DA:45,0
DA:46,0
DA:47,0
DA:48,0
DA:50,0
DA:51,0
DA:52,0
DA:57,0
DA:58,0
DA:59,0
DA:60,0
DA:64,0
DA:65,0
DA:66,0
DA:68,0
DA:69,0
DA:75,0
DA:77,0
DA:85,0
DA:86,0
DA:87,0
DA:89,0
DA:90,0
DA:98,0
DA:99,0
DA:100,0
DA:102,0
DA:107,0
LF:36
LH:0
BRDA:57,0,0,0
BRDA:57,0,1,0
BRDA:59,1,0,0
BRDA:59,1,1,0
BRDA:78,2,0,0
BRDA:78,2,1,0
BRDA:91,3,0,0
BRDA:91,3,1,0
BRF:8
BRH:0
end_of_record
TN:
SF:server\services\python-http-bridge.ts
FN:19,(anonymous_9)
[...]
DA:1,0
DA:2,0
DA:5,0
DA:15,0
DA:16,0
DA:17,0
DA:20,0
DA:26,0
DA:29,0
DA:30,0
DA:31,0
DA:33,0
DA:36,0
DA:41,0
DA:42,0
DA:44,0
DA:47,0
DA:48,0
DA:50,0
DA:52,0
DA:54,0
DA:56,0
DA:60,0
DA:69,0
DA:72,0
DA:73,0
DA:76,0
DA:77,0
DA:78,0
DA:80,0
DA:83,0
DA:86,0
DA:87,0
DA:94,0
DA:95,0
DA:105,0
DA:107,0
DA:110,0
DA:111,0
DA:114,0
DA:117,0
DA:125,0
DA:126,0
DA:128,0
DA:133,0
DA:141,0
DA:150,0
DA:153,0
DA:154,0
DA:157,0
LF:50
LH:0
BRDA:6,0,0,0
BRDA:6,0,1,0
BRDA:19,1,0,0
BRDA:30,2,0,0
BRDA:30,2,1,0
BRDA:47,3,0,0
BRDA:47,3,1,0
BRDA:47,4,0,0
BRDA:47,4,1,0
BRDA:72,5,0,0
BRDA:72,5,1,0
BRDA:81,6,0,0
BRDA:81,6,1,0
BRDA:110,7,0,0
BRDA:110,7,1,0
BRDA:115,8,0,0
BRDA:115,8,1,0
BRDA:129,9,0,0
BRDA:129,9,1,0
BRF:19
BRH:0
end_of_record
TN:
SF:server\services\redis-cache.ts
FN:23,(anonymous_1)
FN:43,(anonymous_2)
FN:51,(anonymous_3)
FN:58,(anonymous_4)
FN:66,(anonymous_5)
FN:71,(anonymous_6)
FN:83,(anonymous_7)
FN:103,(anonymous_8)
FN:119,(anonymous_9)
FN:134,(anonymous_10)
FN:149,(anonymous_11)
FN:164,(anonymous_12)
FN:178,(anonymous_13)
FN:179,(anonymous_14)
FN:183,(anonymous_15)
FN:186,(anonymous_16)
FN:193,(anonymous_17)
FN:212,(anonymous_18)
FN:226,(anonymous_19)
FN:234,(anonymous_20)
FN:246,(anonymous_21)
FN:269,(anonymous_22)
FN:271,(anonymous_23)
FN:285,(anonymous_24)
FN:292,(anonymous_25)
FNF:25
FNH:0
FNDA:0,(anonymous_1)
FNDA:0,(anonymous_2)
FNDA:0,(anonymous_3)
FNDA:0,(anonymous_4)
FNDA:0,(anonymous_5)
FNDA:0,(anonymous_6)
FNDA:0,(anonymous_7)
FNDA:0,(anonymous_8)
FNDA:0,(anonymous_9)
FNDA:0,(anonymous_10)
FNDA:0,(anonymous_11)
FNDA:0,(anonymous_12)
FNDA:0,(anonymous_13)
FNDA:0,(anonymous_14)
FNDA:0,(anonymous_15)
FNDA:0,(anonymous_16)
FNDA:0,(anonymous_17)
FNDA:0,(anonymous_18)
FNDA:0,(anonymous_19)
FNDA:0,(anonymous_20)
FNDA:0,(anonymous_21)
FNDA:0,(anonymous_22)
FNDA:0,(anonymous_23)
FNDA:0,(anonymous_24)
FNDA:0,(anonymous_25)
DA:6,0
DA:7,0
DA:19,0
DA:21,0
DA:24,0
DA:33,0
DA:34,0
DA:36,0
DA:44,0
DA:45,0
DA:52,0
DA:53,0
DA:58,0
DA:59,0
DA:60,0
DA:66,0
DA:67,0
DA:68,0
DA:71,0
DA:72,0
DA:73,0
DA:76,0
DA:84,0
DA:86,0
DA:87,0
DA:88,0
DA:89,0
DA:91,0
DA:93,0
DA:95,0
DA:96,0
DA:104,0
DA:106,0
DA:107,0
DA:108,0
DA:109,0
DA:111,0
DA:112,0
DA:120,0
DA:122,0
DA:123,0
DA:124,0
DA:126,0
DA:127,0
DA:135,0
DA:137,0
DA:138,0
DA:139,0
DA:141,0
DA:142,0
DA:150,0
DA:152,0
DA:153,0
DA:154,0
DA:156,0
DA:157,0
DA:165,0
DA:167,0
DA:168,0
DA:170,0
DA:171,0
DA:179,0
DA:181,0
DA:182,0
DA:183,0
DA:185,0
DA:186,0
DA:194,0
DA:196,0
DA:197,0
DA:198,0
DA:199,0
DA:201,0
DA:202,0
DA:204,0
DA:205,0
DA:213,0
DA:215,0
DA:216,0
DA:218,0
DA:219,0
DA:227,0
DA:229,0
DA:230,0
DA:231,0
DA:233,0
DA:234,0
DA:235,0
DA:236,0
DA:238,0
DA:239,0
DA:247,0
DA:248,0
DA:251,0
DA:252,0
DA:253,0
DA:255,0
DA:261,0
DA:262,0
DA:270,0
DA:271,0
DA:272,0
DA:273,0
DA:274,0
DA:275,0
DA:279,0
DA:286,0
DA:293,0
DA:294,0
DA:295,0
DA:296,0
DA:302,0
DA:303,0
LF:113
LH:0
BRDA:25,0,0,0
BRDA:25,0,1,0
BRDA:26,1,0,0
BRDA:26,1,1,0
BRDA:27,2,0,0
BRDA:27,2,1,0
BRDA:28,3,0,0
BRDA:28,3,1,0
BRDA:29,4,0,0
BRDA:29,4,1,0
BRDA:33,5,0,0
BRDA:33,5,1,0
BRDA:84,6,0,0
BRDA:84,6,1,0
BRDA:88,7,0,0
BRDA:88,7,1,0
BRDA:104,8,0,0
BRDA:104,8,1,0
BRDA:108,9,0,0
BRDA:108,9,1,0
BRDA:120,10,0,0
BRDA:120,10,1,0
BRDA:135,11,0,0
BRDA:135,11,1,0
BRDA:150,12,0,0
BRDA:150,12,1,0
BRDA:165,13,0,0
BRDA:165,13,1,0
BRDA:179,14,0,0
BRDA:179,14,1,0
BRDA:183,15,0,0
BRDA:183,15,1,0
BRDA:194,16,0,0
BRDA:194,16,1,0
BRDA:213,17,0,0
BRDA:213,17,1,0
BRDA:226,18,0,0
BRDA:227,19,0,0
BRDA:227,19,1,0
BRDA:231,20,0,0
BRDA:231,20,1,0
BRDA:247,21,0,0
BRDA:247,21,1,0
BRDA:272,22,0,0
BRDA:272,22,1,0
BRDA:272,23,0,0
BRDA:272,23,1,0
BRDA:274,24,0,0
BRDA:274,24,1,0
BRDA:274,25,0,0
BRDA:274,25,1,0
BRDA:286,26,0,0
BRDA:286,26,1,0
BRDA:293,27,0,0
BRDA:293,27,1,0
BRF:55
BRH:0
end_of_record
TN:
SF:server\services\report-generator.ts
FN:17,generatePDFReport
FN:69,(anonymous_2)
FNF:2
FNH:0
FNDA:0,generatePDFReport
FNDA:0,(anonymous_2)
DA:2,0
DA:3,0
DA:17,0
DA:18,0
DA:19,0
DA:22,0
DA:23,0
DA:26,0
DA:29,0
DA:30,0
DA:31,0
DA:34,0
DA:35,0
DA:38,0
DA:39,0
DA:40,0
DA:41,0
DA:42,0
DA:45,0
DA:46,0
DA:47,0
DA:48,0
DA:49,0
DA:50,0
DA:53,0
DA:54,0
DA:56,0
DA:57,0
DA:59,0
DA:60,0
DA:61,0
DA:64,0
DA:65,0
DA:66,0
DA:67,0
DA:69,0
DA:70,0
DA:72,0
DA:76,0
DA:77,0
DA:78,0
DA:79,0
DA:81,0
DA:82,0
DA:83,0
DA:85,0
DA:86,0
DA:88,0
DA:92,0
DA:93,0
DA:96,0
DA:99,0
DA:102,0
DA:104,0
DA:105,0
LF:55
LH:0
BRDA:56,0,0,0
BRDA:56,0,1,0
BRDA:57,1,0,0
BRDA:57,1,1,0
BRDA:64,2,0,0
BRDA:64,2,1,0
BRDA:76,3,0,0
BRDA:76,3,1,0
BRDA:82,4,0,0
BRDA:82,4,1,0
BRDA:85,5,0,0
BRDA:85,5,1,0
BRF:12
BRH:0
end_of_record
TN:
SF:server\services\supabase-client.ts
FN:18,testSupabaseConnection
FNF:1
FNH:0
FNDA:0,testSupabaseConnection
DA:1,0
DA:2,0
DA:5,0
DA:6,0
DA:8,0
DA:9,0
DA:12,0
DA:13,0
DA:15,0
DA:18,0
DA:19,0
DA:20,0
DA:21,0
DA:22,0
DA:23,0
DA:25,0
DA:26,0
DA:28,0
DA:31,0
LF:19
LH:0
BRDA:5,0,0,0
BRDA:5,0,1,0
BRDA:8,1,0,0
BRDA:8,1,1,0
BRDA:21,2,0,0
BRDA:21,2,1,0
BRF:6
BRH:0
end_of_record
TN:
SF:server\services\task-manager.ts
FN:54,(anonymous_0)
FN:90,(anonymous_1)
FN:111,(anonymous_2)
FN:156,(anonymous_3)
FN:178,(anonymous_4)
FN:200,(anonymous_5)
FN:241,(anonymous_6)
FN:262,(anonymous_7)
FN:274,(anonymous_8)
FN:275,(anonymous_9)
FN:276,(anonymous_10)
FN:277,(anonymous_11)
FN:290,(anonymous_12)
FNF:13
FNH:0
FNDA:0,(anonymous_0)
FNDA:0,(anonymous_1)
FNDA:0,(anonymous_2)
FNDA:0,(anonymous_3)
FNDA:0,(anonymous_4)
FNDA:0,(anonymous_5)
FNDA:0,(anonymous_6)
FNDA:0,(anonymous_7)
FNDA:0,(anonymous_8)
FNDA:0,(anonymous_9)
FNDA:0,(anonymous_10)
FNDA:0,(anonymous_11)
FNDA:0,(anonymous_12)
DA:1,0
DA:2,0
DA:3,0
DA:4,0
DA:5,0
DA:6,0
DA:7,0
DA:8,0
DA:9,0
DA:10,0
DA:11,0
DA:12,0
DA:46,0
DA:59,0
DA:60,0
DA:62,0
DA:78,0
DA:80,0
DA:81,0
DA:91,0
DA:92,0
DA:98,0
DA:100,0
DA:101,0
DA:116,0
DA:117,0
DA:123,0
DA:124,0
DA:125,0
DA:126,0
DA:131,0
DA:132,0
DA:133,0
DA:134,0
DA:135,0
DA:136,0
DA:137,0
DA:141,0
DA:146,0
DA:147,0
DA:157,0
DA:158,0
DA:168,0
DA:169,0
DA:179,0
DA:180,0
DA:189,0
DA:190,0
DA:201,0
DA:203,0
DA:205,0
DA:206,0
DA:209,0
DA:210,0
DA:213,0
DA:220,0
DA:221,0
DA:224,0
DA:225,0
DA:228,0
DA:229,0
DA:231,0
DA:232,0
DA:242,0
DA:243,0
DA:244,0
DA:245,0
DA:246,0
DA:249,0
DA:252,0
DA:254,0
DA:269,0
DA:270,0
DA:272,0
DA:274,0
DA:275,0
DA:276,0
DA:277,0
DA:280,0
DA:281,0
DA:291,0
DA:292,0
DA:293,0
DA:297,0
DA:299,0
DA:300,0
DA:306,0
LF:87
LH:0
BRDA:98,0,0,0
BRDA:98,0,1,0
BRDA:119,1,0,0
BRDA:119,1,1,0
BRDA:119,2,0,0
BRDA:119,2,1,0
BRDA:123,3,0,0
BRDA:123,3,1,0
BRDA:123,4,0,0
BRDA:123,4,1,0
BRDA:125,5,0,0
BRDA:125,5,1,0
BRDA:125,6,0,0
BRDA:125,6,1,0
BRDA:131,7,0,0
BRDA:131,7,1,0
BRDA:133,8,0,0
BRDA:133,8,1,0
BRDA:134,9,0,0
BRDA:134,9,1,0
BRDA:205,10,0,0
BRDA:205,10,1,0
BRDA:209,11,0,0
BRDA:209,11,1,0
BRDA:220,12,0,0
BRDA:220,12,1,0
BRDA:224,13,0,0
BRDA:224,13,1,0
BRDA:290,14,0,0
BRF:29
BRH:0
end_of_record
TN:
SF:server\services\websocket-manager.ts
FN:72,(anonymous_0)
FN:76,(anonymous_1)
FN:78,(anonymous_2)
FN:93,(anonymous_3)
FN:112,(anonymous_4)
FN:122,(anonymous_5)
FN:177,(anonymous_6)
FN:223,(anonymous_7)
FN:228,(anonymous_8)
FN:240,(anonymous_9)
FN:248,(anonymous_10)
FN:256,(anonymous_11)
FN:296,(anonymous_12)
FN:317,(anonymous_13)
FN:353,(anonymous_14)
FN:363,(anonymous_15)
FN:368,(anonymous_16)
FN:393,(anonymous_17)
FN:409,(anonymous_18)
FN:427,(anonymous_19)
FN:441,(anonymous_20)
FN:446,(anonymous_21)
FN:453,(anonymous_22)
FN:456,(anonymous_23)
FN:465,(anonymous_24)
FN:466,(anonymous_25)
FN:484,(anonymous_26)
FN:514,(anonymous_27)
FN:527,(anonymous_28)
FN:564,(anonymous_29)
FN:577,(anonymous_30)
FN:589,(anonymous_31)
FN:604,(anonymous_32)
FN:605,(anonymous_33)
FN:614,(anonymous_34)
FN:615,(anonymous_35)
FN:678,(anonymous_36)
FN:681,(anonymous_37)
FN:690,(anonymous_38)
FN:692,(anonymous_39)
FN:701,(anonymous_40)
FN:719,(anonymous_41)
FN:727,(anonymous_42)
FN:728,(anonymous_43)
FN:747,(anonymous_44)
FN:751,(anonymous_45)
FNF:46
FNH:0
FNDA:0,(anonymous_0)
FNDA:0,(anonymous_1)
FNDA:0,(anonymous_2)
FNDA:0,(anonymous_3)
FNDA:0,(anonymous_4)
FNDA:0,(anonymous_5)
FNDA:0,(anonymous_6)
FNDA:0,(anonymous_7)
FNDA:0,(anonymous_8)
FNDA:0,(anonymous_9)
FNDA:0,(anonymous_10)
FNDA:0,(anonymous_11)
FNDA:0,(anonymous_12)
FNDA:0,(anonymous_13)
FNDA:0,(anonymous_14)
FNDA:0,(anonymous_15)
FNDA:0,(anonymous_16)
FNDA:0,(anonymous_17)
FNDA:0,(anonymous_18)
FNDA:0,(anonymous_19)
FNDA:0,(anonymous_20)
FNDA:0,(anonymous_21)
FNDA:0,(anonymous_22)
FNDA:0,(anonymous_23)
FNDA:0,(anonymous_24)
FNDA:0,(anonymous_25)
FNDA:0,(anonymous_26)
FNDA:0,(anonymous_27)
FNDA:0,(anonymous_28)
FNDA:0,(anonymous_29)
FNDA:0,(anonymous_30)
FNDA:0,(anonymous_31)
FNDA:0,(anonymous_32)
FNDA:0,(anonymous_33)
FNDA:0,(anonymous_34)
FNDA:0,(anonymous_35)
FNDA:0,(anonymous_36)
FNDA:0,(anonymous_37)
FNDA:0,(anonymous_38)
FNDA:0,(anonymous_39)
FNDA:0,(anonymous_40)
FNDA:0,(anonymous_41)
FNDA:0,(anonymous_42)
FNDA:0,(anonymous_43)
FNDA:0,(anonymous_44)
FNDA:0,(anonymous_45)
DA:1,0
DA:2,0
DA:3,0
DA:4,0
DA:5,0
DA:6,0
DA:7,0
DA:10,0
DA:16,0
DA:22,0
DA:64,0
DA:65,0
DA:66,0
DA:67,0
DA:73,0
DA:77,0
DA:79,0
DA:81,0
DA:82,0
DA:83,0
DA:84,0
DA:86,0
DA:90,0
DA:94,0
DA:97,0
DA:102,0
DA:103,0
DA:104,0
DA:106,0
DA:113,0
DA:114,0
DA:117,0
DA:118,0
DA:119,0
DA:122,0
DA:123,0
DA:124,0
DA:129,0
DA:130,0
DA:131,0
DA:132,0
DA:136,0
DA:142,0
DA:144,0
DA:145,0
DA:146,0
DA:150,0
DA:151,0
DA:152,0
DA:153,0
DA:156,0
DA:161,0
DA:167,0
DA:170,0
DA:178,0
DA:179,0
DA:180,0
DA:181,0
DA:183,0
DA:184,0
DA:185,0
DA:188,0
DA:189,0
DA:190,0
DA:193,0
DA:194,0
DA:195,0
DA:196,0
DA:197,0
DA:198,0
DA:201,0
DA:202,0
DA:204,0
DA:206,0
DA:213,0
DA:223,0
DA:224,0
DA:228,0
DA:229,0
DA:230,0
DA:234,0
DA:235,0
DA:236,0
DA:237,0
DA:240,0
DA:241,0
DA:248,0
DA:249,0
DA:257,0
DA:258,0
DA:260,0
DA:262,0
DA:263,0
DA:267,0
DA:268,0
DA:270,0
DA:274,0
DA:275,0
DA:277,0
DA:280,0
DA:286,0
DA:297,0
DA:298,0
DA:299,0
DA:300,0
DA:301,0
DA:302,0
DA:306,0
DA:318,0
DA:320,0
DA:321,0
DA:325,0
DA:329,0
DA:330,0
DA:334,0
DA:338,0
DA:354,0
DA:364,0
DA:365,0
DA:368,0
DA:369,0
DA:370,0
DA:376,0
DA:377,0
DA:378,0
DA:382,0
DA:386,0
DA:392,0
DA:393,0
DA:395,0
DA:398,0
DA:399,0
DA:400,0
DA:401,0
DA:403,0
DA:404,0
DA:409,0
DA:410,0
DA:413,0
DA:420,0
DA:424,0
DA:428,0
DA:430,0
DA:431,0
DA:433,0
DA:434,0
DA:435,0
DA:437,0
DA:441,0
DA:445,0
DA:446,0
DA:454,0
DA:455,0
DA:456,0
DA:457,0
DA:466,0
DA:467,0
DA:484,0
DA:486,0
DA:497,0
DA:508,0
DA:509,0
DA:510,0
DA:511,0
DA:514,0
DA:515,0
DA:516,0
DA:518,0
DA:519,0
DA:520,0
DA:524,0
DA:527,0
DA:528,0
DA:529,0
DA:532,0
DA:533,0
DA:536,0
DA:538,0
DA:548,0
DA:554,0
DA:555,0
DA:556,0
DA:557,0
DA:558,0
DA:564,0
DA:565,0
DA:577,0
DA:578,0
DA:589,0
DA:590,0
DA:605,0
DA:606,0
DA:607,0
DA:614,0
DA:615,0
DA:616,0
DA:619,0
DA:620,0
DA:621,0
DA:627,0
DA:631,0
DA:640,0
DA:641,0
DA:642,0
DA:644,0
DA:649,0
DA:652,0
DA:653,0
DA:656,0
DA:657,0
DA:663,0
DA:672,0
DA:673,0
DA:679,0
DA:680,0
DA:681,0
DA:682,0
DA:684,0
DA:691,0
DA:692,0
DA:693,0
DA:695,0
DA:706,0
DA:707,0
DA:709,0
DA:720,0
DA:722,0
DA:723,0
DA:727,0
DA:728,0
DA:729,0
DA:733,0
DA:735,0
DA:736,0
DA:739,0
DA:744,0
DA:747,0
DA:748,0
DA:751,0
DA:752,0
LF:240
LH:0
BRDA:79,0,0,0
BRDA:79,0,1,0
BRDA:88,1,0,0
BRDA:88,1,1,0
BRDA:90,2,0,0
BRDA:90,2,1,0
BRDA:114,3,0,0
BRDA:114,3,1,0
BRDA:123,4,0,0
BRDA:123,4,1,0
BRDA:129,5,0,0
BRDA:129,5,1,0
BRDA:130,6,0,0
BRDA:130,6,1,0
BRDA:130,7,0,0
BRDA:130,7,1,0
BRDA:142,8,0,0
BRDA:142,8,1,0
BRDA:144,9,0,0
BRDA:144,9,1,0
BRDA:151,10,0,0
BRDA:151,10,1,0
BRDA:180,11,0,0
BRDA:180,11,1,0
BRDA:181,12,0,0
BRDA:181,12,1,0
BRDA:183,13,0,0
BRDA:183,13,1,0
BRDA:201,14,0,0
BRDA:201,14,1,0
BRDA:260,15,0,0
BRDA:260,15,1,0
BRDA:260,15,2,0
BRDA:260,15,3,0
BRDA:267,16,0,0
BRDA:267,16,1,0
BRDA:274,17,0,0
BRDA:274,17,1,0
BRDA:297,18,0,0
BRDA:297,18,1,0
BRDA:299,19,0,0
BRDA:299,19,1,0
BRDA:301,20,0,0
BRDA:301,20,1,0
BRDA:320,21,0,0
BRDA:320,21,1,0
BRDA:329,22,0,0
BRDA:329,22,1,0
BRDA:363,23,0,0
BRDA:364,24,0,0
BRDA:364,24,1,0
BRDA:368,25,0,0
BRDA:369,26,0,0
BRDA:369,26,1,0
BRDA:376,27,0,0
BRDA:376,27,1,0
BRDA:377,28,0,0
BRDA:377,28,1,0
BRDA:388,29,0,0
BRDA:388,29,1,0
BRDA:392,30,0,0
BRDA:392,30,1,0
BRDA:403,31,0,0
BRDA:403,31,1,0
BRDA:428,32,0,0
BRDA:428,32,1,0
BRDA:435,33,0,0
BRDA:435,33,1,0
BRDA:445,34,0,0
BRDA:445,34,1,0
BRDA:455,35,0,0
BRDA:455,35,1,0
BRDA:519,36,0,0
BRDA:519,36,1,0
BRDA:529,37,0,0
BRDA:529,37,1,0
BRDA:532,38,0,0
BRDA:532,38,1,0
BRDA:541,39,0,0
BRDA:541,39,1,0
BRDA:542,40,0,0
BRDA:542,40,1,0
BRDA:545,41,0,0
BRDA:545,41,1,0
BRDA:554,42,0,0
BRDA:554,42,1,0
BRDA:557,43,0,0
BRDA:557,43,1,0
BRDA:619,44,0,0
BRDA:619,44,1,0
BRDA:620,45,0,0
BRDA:620,45,1,0
BRDA:627,46,0,0
BRDA:627,46,1,0
BRDA:627,47,0,0
BRDA:627,47,1,0
BRDA:627,47,2,0
BRDA:633,48,0,0
BRDA:633,48,1,0
BRDA:634,49,0,0
BRDA:634,49,1,0
BRDA:672,50,0,0
BRDA:672,50,1,0
BRDA:679,51,0,0
BRDA:679,51,1,0
BRDA:712,52,0,0
BRDA:712,52,1,0
BRDA:722,53,0,0
BRDA:722,53,1,0
BRDA:735,54,0,0
BRDA:735,54,1,0
BRF:111
BRH:0
end_of_record
TN:
SF:server\services\auth\index.ts
FN:14,(anonymous_1)
FN:22,(anonymous_2)
FN:32,(anonymous_3)
FN:42,(anonymous_4)
FNF:4
FNH:0
FNDA:0,(anonymous_1)
FNDA:0,(anonymous_2)
FNDA:0,(anonymous_3)
FNDA:0,(anonymous_4)
DA:1,0
DA:2,0
DA:4,0
DA:5,0
DA:14,0
DA:15,0
DA:22,0
DA:23,0
DA:24,0
DA:25,0
DA:27,0
DA:28,0
DA:32,0
DA:33,0
DA:34,0
DA:35,0
DA:37,0
DA:38,0
DA:42,0
DA:43,0
DA:44,0
DA:47,0
DA:49,0
DA:52,0
LF:24
LH:0
BRDA:4,0,0,0
BRDA:4,0,1,0
BRDA:14,1,0,0
BRDA:42,2,0,0
BRDA:44,3,0,0
BRDA:44,3,1,0
BRF:6
BRH:0
end_of_record
TN:
SF:server\services\auth\jwtAuthService.ts
FN:16,(anonymous_0)
FN:30,(anonymous_1)
FNF:2
FNH:0
FNDA:0,(anonymous_0)
FNDA:0,(anonymous_1)
DA:1,0
DA:2,0
DA:4,0
DA:5,0
DA:12,0
DA:17,0
DA:18,0
DA:22,0
DA:23,0
DA:31,0
DA:35,0
DA:39,0
LF:12
LH:0
BRDA:4,0,0,0
BRDA:4,0,1,0
BRDA:30,1,0,0
BRDA:33,2,0,0
BRDA:33,2,1,0
BRF:5
BRH:0
end_of_record
TN:
SF:server\services\websocket\WebSocketManager.ts
FN:63,(anonymous_0)
FN:70,(anonymous_1)
FN:92,(anonymous_2)
FN:106,(anonymous_3)
FN:107,(anonymous_4)
FN:110,(anonymous_5)
FN:126,(anonymous_6)
FN:127,(anonymous_7)
FN:128,(anonymous_8)
FN:129,(anonymous_9)
FN:141,(anonymous_10)
FN:191,(anonymous_11)
FN:201,(anonymous_12)
FN:218,(anonymous_13)
FN:231,(anonymous_14)
FN:236,(anonymous_15)
FN:238,(anonymous_16)
FN:248,(anonymous_17)
FN:254,(anonymous_18)
FN:255,(anonymous_19)
FN:257,(anonymous_20)
FN:277,(anonymous_21)
FN:288,(anonymous_22)
FN:296,(anonymous_23)
FN:302,(anonymous_24)
FN:310,(anonymous_25)
FN:312,(anonymous_26)
FNF:27
FNH:0
FNDA:0,(anonymous_0)
FNDA:0,(anonymous_1)
FNDA:0,(anonymous_2)
FNDA:0,(anonymous_3)
FNDA:0,(anonymous_4)
FNDA:0,(anonymous_5)
FNDA:0,(anonymous_6)
FNDA:0,(anonymous_7)
FNDA:0,(anonymous_8)
FNDA:0,(anonymous_9)
FNDA:0,(anonymous_10)
FNDA:0,(anonymous_11)
FNDA:0,(anonymous_12)
FNDA:0,(anonymous_13)
FNDA:0,(anonymous_14)
FNDA:0,(anonymous_15)
FNDA:0,(anonymous_16)
FNDA:0,(anonymous_17)
FNDA:0,(anonymous_18)
FNDA:0,(anonymous_19)
FNDA:0,(anonymous_20)
FNDA:0,(anonymous_21)
FNDA:0,(anonymous_22)
FNDA:0,(anonymous_23)
FNDA:0,(anonymous_24)
FNDA:0,(anonymous_25)
FNDA:0,(anonymous_26)
DA:1,0
DA:2,0
DA:3,0
DA:4,0
DA:5,0
DA:6,0
DA:7,0
DA:8,0
DA:11,0
DA:17,0
DA:55,0
DA:56,0
DA:57,0
DA:58,0
DA:64,0
DA:70,0
DA:71,0
DA:73,0
DA:75,0
DA:76,0
DA:77,0
DA:78,0
DA:83,0
DA:84,0
DA:86,0
DA:87,0
DA:88,0
DA:92,0
DA:93,0
DA:96,0
DA:97,0
DA:98,0
DA:103,0
DA:106,0
DA:107,0
DA:112,0
DA:113,0
DA:114,0
DA:115,0
DA:116,0
DA:117,0
DA:118,0
DA:119,0
DA:120,0
DA:123,0
DA:126,0
DA:127,0
DA:128,0
DA:129,0
DA:132,0
DA:138,0
DA:142,0
DA:144,0
DA:145,0
DA:147,0
DA:148,0
DA:152,0
DA:153,0
DA:154,0
DA:155,0
DA:159,0
DA:160,0
DA:161,0
DA:164,0
DA:166,0
DA:167,0
DA:170,0
DA:171,0
DA:173,0
DA:176,0
DA:177,0
DA:179,0
DA:183,0
DA:186,0
DA:187,0
DA:192,0
DA:193,0
DA:194,0
DA:196,0
DA:197,0
DA:202,0
DA:203,0
DA:205,0
DA:206,0
DA:208,0
DA:210,0
DA:219,0
DA:220,0
DA:221,0
DA:223,0
DA:232,0
DA:233,0
DA:238,0
DA:239,0
DA:243,0
DA:245,0
DA:249,0
DA:250,0
DA:251,0
DA:255,0
DA:256,0
DA:257,0
DA:258,0
DA:259,0
DA:260,0
DA:261,0
DA:264,0
DA:265,0
DA:268,0
DA:269,0
DA:270,0
DA:271,0
DA:278,0
DA:279,0
DA:281,0
DA:288,0
DA:289,0
DA:290,0
DA:291,0
DA:297,0
DA:298,0
DA:303,0
DA:312,0
DA:313,0
DA:314,0
DA:319,0
DA:320,0
DA:324,0
DA:325,0
DA:326,0
DA:331,0
LF:131
LH:0
BRDA:73,0,0,0
BRDA:73,0,1,0
BRDA:75,1,0,0
BRDA:75,1,1,0
BRDA:115,2,0,0
BRDA:115,2,1,0
BRDA:153,3,0,0
BRDA:153,3,1,0
BRDA:164,4,0,0
BRDA:164,4,1,0
BRDA:164,4,2,0
BRDA:164,4,3,0
BRDA:170,5,0,0
BRDA:170,5,1,0
BRDA:176,6,0,0
BRDA:176,6,1,0
BRDA:202,7,0,0
BRDA:202,7,1,0
BRDA:205,8,0,0
BRDA:205,8,1,0
BRDA:219,9,0,0
BRDA:219,9,1,0
BRDA:258,10,0,0
BRDA:258,10,1,0
BRDA:268,11,0,0
BRDA:268,11,1,0
BRDA:279,12,0,0
BRDA:279,12,1,0
BRDA:290,13,0,0
BRDA:290,13,1,0
BRDA:290,14,0,0
BRDA:290,14,1,0
BRDA:297,15,0,0
BRDA:297,15,1,0
BRDA:313,16,0,0
BRDA:313,16,1,0
BRDA:319,17,0,0
BRDA:319,17,1,0
BRF:38
BRH:0
end_of_record
TN:
SF:server\services\websocket\types.ts
FNF:0
FNH:0
DA:1,0
DA:2,0
LF:2
LH:0
BRF:0
BRH:0
end_of_record
TN:
SF:server\src\utils\env-validator.ts
FN:57,(anonymous_1)
FN:62,(anonymous_2)
FN:69,(anonymous_3)
FN:88,(anonymous_4)
FN:106,(anonymous_5)
FN:112,(anonymous_6)
FN:112,(anonymous_7)
FN:113,(anonymous_8)
FN:115,(anonymous_9)
FN:136,(anonymous_10)
FN:140,(anonymous_11)
FN:143,(anonymous_12)
FN:149,validateEnvironment
FN:154,(anonymous_14)
FN:172,(anonymous_15)
FNF:15
FNH:0
FNDA:0,(anonymous_1)
FNDA:0,(anonymous_2)
FNDA:0,(anonymous_3)
FNDA:0,(anonymous_4)
FNDA:0,(anonymous_5)
FNDA:0,(anonymous_6)
FNDA:0,(anonymous_7)
FNDA:0,(anonymous_8)
FNDA:0,(anonymous_9)
FNDA:0,(anonymous_10)
FNDA:0,(anonymous_11)
FNDA:0,(anonymous_12)
FNDA:0,validateEnvironment
FNDA:0,(anonymous_14)
FNDA:0,(anonymous_15)
DA:1,0
DA:2,0
DA:3,0
DA:6,0
DA:49,0
DA:57,0
DA:62,0
DA:70,0
DA:75,0
DA:89,0
DA:90,0
DA:92,0
DA:106,0
DA:112,0
DA:114,0
DA:115,0
DA:116,0
DA:120,0
DA:136,0
DA:140,0
DA:143,0
DA:149,0
DA:150,0
DA:151,0
DA:153,0
DA:154,0
DA:155,0
DA:158,0
DA:159,0
DA:160,0
DA:163,0
DA:164,0
DA:166,0
DA:167,0
DA:172,0
DA:173,0
DA:175,0
DA:239,0
LF:38
LH:0
BRDA:75,0,0,0
BRDA:75,0,1,0
BRDA:89,1,0,0
BRDA:89,1,1,0
BRDA:90,2,0,0
BRDA:90,2,1,0
BRDA:106,3,0,0
BRDA:106,3,1,0
BRDA:114,4,0,0
BRDA:114,4,1,0
BRDA:116,5,0,0
BRDA:116,5,1,0
BRDA:143,6,0,0
BRDA:143,6,1,0
BRDA:153,7,0,0
BRDA:153,7,1,0
BRDA:219,8,0,0
BRDA:219,8,1,0
BRF:18
BRH:0
end_of_record
TN:
SF:server\types\api-responses.ts
FN:84,(anonymous_0)
FN:93,createSuccessResponse
FN:102,createErrorResponse
FN:121,createAnalysisResponse
FNF:4
FNH:0
FNDA:0,(anonymous_0)
FNDA:0,createSuccessResponse
FNDA:0,createErrorResponse
FNDA:0,createAnalysisResponse
DA:84,0
DA:85,0
DA:86,0
DA:87,0
DA:88,0
DA:89,0
DA:93,0
DA:94,0
DA:102,0
DA:108,0
DA:121,0
DA:126,0
DA:146,0
DA:177,0
LF:14
LH:0
BRDA:84,0,0,0
BRDA:84,0,1,0
BRDA:129,1,0,0
BRDA:129,1,1,0
BRDA:134,2,0,0
BRDA:134,2,1,0
BRF:6
BRH:0
end_of_record
TN:
SF:server\utils\circuitBreaker.ts
FN:13,(anonymous_0)
FN:21,(anonymous_1)
FN:41,(anonymous_2)
FN:52,(anonymous_3)
FN:60,(anonymous_4)
FNF:5
FNH:5
FNDA:6,(anonymous_0)
FNDA:18,(anonymous_1)
FNDA:4,(anonymous_2)
FNDA:13,(anonymous_3)
FNDA:11,(anonymous_4)
DA:7,1
DA:8,6
DA:9,6
DA:10,6
DA:11,6
DA:14,6
DA:22,18
DA:23,4
DA:24,4
DA:25,3
DA:27,1
DA:31,17
DA:32,17
DA:33,4
DA:34,4
DA:36,13
DA:37,13
DA:42,4
DA:43,4
DA:44,3
DA:45,3
DA:46,1
DA:47,1
DA:53,13
DA:54,13
DA:55,5
DA:56,5
DA:61,11
LF:28
LH:28
BRDA:14,0,0,0
BRDA:22,1,0,4
BRDA:22,1,1,14
BRDA:24,2,0,3
BRDA:24,2,1,1
BRDA:24,3,0,4
BRDA:24,3,1,4
BRDA:43,4,0,3
BRDA:43,4,1,1
BRDA:45,5,0,1
BRDA:45,5,1,2
BRDA:54,6,0,5
BRDA:54,6,1,8
BRF:13
BRH:12
end_of_record
TN:
SF:server\utils\env-validator.ts
FN:23,(anonymous_0)
FN:28,(anonymous_1)
FN:38,(anonymous_2)
FNF:3
FNH:0
FNDA:0,(anonymous_0)
FNDA:0,(anonymous_1)
FNDA:0,(anonymous_2)
DA:1,0
DA:2,0
DA:3,0
DA:6,0
DA:20,0
DA:23,0
DA:24,0
DA:25,0
DA:28,0
DA:29,0
DA:30,0
DA:34,0
DA:36,0
DA:37,0
DA:38,0
DA:43,0
DA:44,0
DA:47,0
DA:48,0
DA:53,0
DA:55,0
LF:21
LH:0
BRDA:29,0,0,0
BRDA:29,0,1,0
BRDA:36,1,0,0
BRDA:36,1,1,0
BRF:4
BRH:0
end_of_record
TN:
SF:server\utils\token-utils.ts
FN:11,(anonymous_0)
FN:16,(anonymous_1)
FN:25,(anonymous_2)
FNF:3
FNH:0
FNDA:0,(anonymous_0)
FNDA:0,(anonymous_1)
FNDA:0,(anonymous_2)
DA:1,0
DA:2,0
DA:3,0
DA:11,0
DA:12,0
DA:13,0
DA:16,0
DA:17,0
DA:18,0
DA:19,0
DA:21,0
DA:25,0
DA:26,0
LF:13
LH:0
BRDA:13,0,0,0
BRDA:13,0,1,0
BRDA:27,1,0,0
BRDA:27,1,1,0
BRDA:27,1,2,0
BRF:5
BRH:0
end_of_record
